ERROR - 2023-12-11 04:45:09 --> ErrorException: pg_query(): Query failed: ERROR:  cross-database references are not implemented: tb_sub_tindakan_restorasi.kode_sub_tindakan_restorasi.tb_sub_tindakan_restorasi.nama_sub_tindakan_restorasi
LINE 1: SELECT &quot;tb_rencana&quot;.&quot;tahun&quot;, &quot;tb_sub_tindakan_restorasi&quot;.&quot;ko...
                                     ^ in D:\xampp\htdocs\BRGM\system\Database\Postgre\Connection.php:140
Stack trace:
#0 [internal function]: CodeIgniter\Debug\Exceptions->errorHandler(2, 'pg_query(): Que...', 'D:\\xampp\\htdocs...', 140)
#1 D:\xampp\htdocs\BRGM\system\Database\Postgre\Connection.php(140): pg_query(Resource id #164, 'SELECT "tb_renc...')
#2 D:\xampp\htdocs\BRGM\system\Database\BaseConnection.php(666): CodeIgniter\Database\Postgre\Connection->execute('SELECT "tb_renc...')
#3 D:\xampp\htdocs\BRGM\system\Database\BaseConnection.php(593): CodeIgniter\Database\BaseConnection->simpleQuery('SELECT "tb_renc...')
#4 D:\xampp\htdocs\BRGM\system\Database\BaseBuilder.php(1585): CodeIgniter\Database\BaseConnection->query('SELECT "tb_renc...', Array, false)
#5 D:\xampp\htdocs\BRGM\app\Controllers\DetailPetaGambut.php(102): CodeIgniter\Database\BaseBuilder->get()
#6 D:\xampp\htdocs\BRGM\system\CodeIgniter.php(927): App\Controllers\DetailPetaGambut->index('2')
#7 D:\xampp\htdocs\BRGM\system\CodeIgniter.php(482): CodeIgniter\CodeIgniter->runController(Object(App\Controllers\DetailPetaGambut))
#8 D:\xampp\htdocs\BRGM\system\CodeIgniter.php(351): CodeIgniter\CodeIgniter->handleRequest(NULL, Object(Config\Cache), false)
#9 D:\xampp\htdocs\BRGM\public\index.php(67): CodeIgniter\CodeIgniter->run()
#10 D:\xampp\htdocs\BRGM\system\Commands\Server\rewrite.php(46): require_once('D:\\xampp\\htdocs...')
#11 {main}
CRITICAL - 2023-12-11 04:45:09 --> pg_query(): Query failed: ERROR:  cross-database references are not implemented: tb_sub_tindakan_restorasi.kode_sub_tindakan_restorasi.tb_sub_tindakan_restorasi.nama_sub_tindakan_restorasi
LINE 1: SELECT &quot;tb_rencana&quot;.&quot;tahun&quot;, &quot;tb_sub_tindakan_restorasi&quot;.&quot;ko...
                                     ^
in SYSTEMPATH\Database\Postgre\Connection.php on line 140.
 1 [internal function]: CodeIgniter\Debug\Exceptions->errorHandler(2, 'pg_query(): Query failed: ERROR:  cross-database references are not implemented: tb_sub_tindakan_restorasi.kode_sub_tindakan_restorasi.tb_sub_tindakan_restorasi.nama_sub_tindakan_restorasi
LINE 1: SELECT &quot;tb_rencana&quot;.&quot;tahun&quot;, &quot;tb_sub_tindakan_restorasi&quot;.&quot;ko...
                                     ^', 'SYSTEMPATH\\Database\\Postgre\\Connection.php', 140)
 2 SYSTEMPATH\Database\Postgre\Connection.php(140): pg_query(resource (pgsql link), 'SELECT "tb_rencana"."tahun", "tb_sub_tindakan_restorasi"."kode_sub_tindakan_restorasi". "tb_sub_tindakan_restorasi"."nama_sub_tindakan_restorasi", COUNT(tb_alokasi.kode_alokasi) as countalokasi
FROM "tb_khg"
JOIN "tb_sub_khg" ON "tb_sub_khg"."kode_khg"  = "tb_khg"."kode_khg"
JOIN "tb_hru" ON "tb_hru"."kode_sub_khg"  = "tb_sub_khg"."kode_sub_khg"
JOIN "tb_alokasi" ON "tb_alokasi"."kode_hru"  = "tb_hru"."kode_hru"
JOIN "tb_rencana_kegiatan" ON "tb_rencana_kegiatan"."kode_rencana_kegiatan"  = "tb_alokasi"."kode_rencana_kegiatan"
JOIN "tb_rencana" ON "tb_rencana"."kode_rencana"  = "tb_rencana_kegiatan"."kode_rencana"
JOIN "tb_sub_tindakan_restorasi" ON "tb_sub_tindakan_restorasi"."kode_sub_tindakan_restorasi"  = "tb_rencana_kegiatan"."kode_sub_tindakan_restorasi"
WHERE "tb_khg"."id" = \'2\'
GROUP BY "tb_rencana"."tahun"')
 3 SYSTEMPATH\Database\BaseConnection.php(666): CodeIgniter\Database\Postgre\Connection->execute('SELECT "tb_rencana"."tahun", "tb_sub_tindakan_restorasi"."kode_sub_tindakan_restorasi". "tb_sub_tindakan_restorasi"."nama_sub_tindakan_restorasi", COUNT(tb_alokasi.kode_alokasi) as countalokasi
FROM "tb_khg"
JOIN "tb_sub_khg" ON "tb_sub_khg"."kode_khg"  = "tb_khg"."kode_khg"
JOIN "tb_hru" ON "tb_hru"."kode_sub_khg"  = "tb_sub_khg"."kode_sub_khg"
JOIN "tb_alokasi" ON "tb_alokasi"."kode_hru"  = "tb_hru"."kode_hru"
JOIN "tb_rencana_kegiatan" ON "tb_rencana_kegiatan"."kode_rencana_kegiatan"  = "tb_alokasi"."kode_rencana_kegiatan"
JOIN "tb_rencana" ON "tb_rencana"."kode_rencana"  = "tb_rencana_kegiatan"."kode_rencana"
JOIN "tb_sub_tindakan_restorasi" ON "tb_sub_tindakan_restorasi"."kode_sub_tindakan_restorasi"  = "tb_rencana_kegiatan"."kode_sub_tindakan_restorasi"
WHERE "tb_khg"."id" = \'2\'
GROUP BY "tb_rencana"."tahun"')
 4 SYSTEMPATH\Database\BaseConnection.php(593): CodeIgniter\Database\BaseConnection->simpleQuery('SELECT "tb_rencana"."tahun", "tb_sub_tindakan_restorasi"."kode_sub_tindakan_restorasi". "tb_sub_tindakan_restorasi"."nama_sub_tindakan_restorasi", COUNT(tb_alokasi.kode_alokasi) as countalokasi
FROM "tb_khg"
JOIN "tb_sub_khg" ON "tb_sub_khg"."kode_khg"  = "tb_khg"."kode_khg"
JOIN "tb_hru" ON "tb_hru"."kode_sub_khg"  = "tb_sub_khg"."kode_sub_khg"
JOIN "tb_alokasi" ON "tb_alokasi"."kode_hru"  = "tb_hru"."kode_hru"
JOIN "tb_rencana_kegiatan" ON "tb_rencana_kegiatan"."kode_rencana_kegiatan"  = "tb_alokasi"."kode_rencana_kegiatan"
JOIN "tb_rencana" ON "tb_rencana"."kode_rencana"  = "tb_rencana_kegiatan"."kode_rencana"
JOIN "tb_sub_tindakan_restorasi" ON "tb_sub_tindakan_restorasi"."kode_sub_tindakan_restorasi"  = "tb_rencana_kegiatan"."kode_sub_tindakan_restorasi"
WHERE "tb_khg"."id" = \'2\'
GROUP BY "tb_rencana"."tahun"')
 5 SYSTEMPATH\Database\BaseBuilder.php(1585): CodeIgniter\Database\BaseConnection->query('SELECT "tb_rencana"."tahun", "tb_sub_tindakan_restorasi"."kode_sub_tindakan_restorasi". "tb_sub_tindakan_restorasi"."nama_sub_tindakan_restorasi", COUNT(tb_alokasi.kode_alokasi) as countalokasi
FROM "tb_khg"
JOIN "tb_sub_khg" ON "tb_sub_khg"."kode_khg"  = "tb_khg"."kode_khg"
JOIN "tb_hru" ON "tb_hru"."kode_sub_khg"  = "tb_sub_khg"."kode_sub_khg"
JOIN "tb_alokasi" ON "tb_alokasi"."kode_hru"  = "tb_hru"."kode_hru"
JOIN "tb_rencana_kegiatan" ON "tb_rencana_kegiatan"."kode_rencana_kegiatan"  = "tb_alokasi"."kode_rencana_kegiatan"
JOIN "tb_rencana" ON "tb_rencana"."kode_rencana"  = "tb_rencana_kegiatan"."kode_rencana"
JOIN "tb_sub_tindakan_restorasi" ON "tb_sub_tindakan_restorasi"."kode_sub_tindakan_restorasi"  = "tb_rencana_kegiatan"."kode_sub_tindakan_restorasi"
WHERE "tb_khg"."id" = :tb_khg.id:
GROUP BY "tb_rencana"."tahun"', [...], false)
 6 APPPATH\Controllers\DetailPetaGambut.php(102): CodeIgniter\Database\BaseBuilder->get()
 7 SYSTEMPATH\CodeIgniter.php(927): App\Controllers\DetailPetaGambut->index('2')
 8 SYSTEMPATH\CodeIgniter.php(482): CodeIgniter\CodeIgniter->runController(Object(App\Controllers\DetailPetaGambut))
 9 SYSTEMPATH\CodeIgniter.php(351): CodeIgniter\CodeIgniter->handleRequest(null, Object(Config\Cache), false)
10 FCPATH\index.php(67): CodeIgniter\CodeIgniter->run()
11 SYSTEMPATH\Commands\Server\rewrite.php(46): require_once('FCPATH\\index.php')
ERROR - 2023-12-11 04:45:38 --> ErrorException: pg_query(): Query failed: ERROR:  column &quot;tb_sub_tindakan_restorasi.kode_sub_tindakan_restorasi&quot; must appear in the GROUP BY clause or be used in an aggregate function
LINE 1: SELECT &quot;tb_rencana&quot;.&quot;tahun&quot;, &quot;tb_sub_tindakan_restorasi&quot;.&quot;ko...
                                     ^ in D:\xampp\htdocs\BRGM\system\Database\Postgre\Connection.php:140
Stack trace:
#0 [internal function]: CodeIgniter\Debug\Exceptions->errorHandler(2, 'pg_query(): Que...', 'D:\\xampp\\htdocs...', 140)
#1 D:\xampp\htdocs\BRGM\system\Database\Postgre\Connection.php(140): pg_query(Resource id #163, 'SELECT "tb_renc...')
#2 D:\xampp\htdocs\BRGM\system\Database\BaseConnection.php(666): CodeIgniter\Database\Postgre\Connection->execute('SELECT "tb_renc...')
#3 D:\xampp\htdocs\BRGM\system\Database\BaseConnection.php(593): CodeIgniter\Database\BaseConnection->simpleQuery('SELECT "tb_renc...')
#4 D:\xampp\htdocs\BRGM\system\Database\BaseBuilder.php(1585): CodeIgniter\Database\BaseConnection->query('SELECT "tb_renc...', Array, false)
#5 D:\xampp\htdocs\BRGM\app\Controllers\DetailPetaGambut.php(102): CodeIgniter\Database\BaseBuilder->get()
#6 D:\xampp\htdocs\BRGM\system\CodeIgniter.php(927): App\Controllers\DetailPetaGambut->index('2')
#7 D:\xampp\htdocs\BRGM\system\CodeIgniter.php(482): CodeIgniter\CodeIgniter->runController(Object(App\Controllers\DetailPetaGambut))
#8 D:\xampp\htdocs\BRGM\system\CodeIgniter.php(351): CodeIgniter\CodeIgniter->handleRequest(NULL, Object(Config\Cache), false)
#9 D:\xampp\htdocs\BRGM\public\index.php(67): CodeIgniter\CodeIgniter->run()
#10 D:\xampp\htdocs\BRGM\system\Commands\Server\rewrite.php(46): require_once('D:\\xampp\\htdocs...')
#11 {main}
CRITICAL - 2023-12-11 04:45:38 --> pg_query(): Query failed: ERROR:  column &quot;tb_sub_tindakan_restorasi.kode_sub_tindakan_restorasi&quot; must appear in the GROUP BY clause or be used in an aggregate function
LINE 1: SELECT &quot;tb_rencana&quot;.&quot;tahun&quot;, &quot;tb_sub_tindakan_restorasi&quot;.&quot;ko...
                                     ^
in SYSTEMPATH\Database\Postgre\Connection.php on line 140.
 1 [internal function]: CodeIgniter\Debug\Exceptions->errorHandler(2, 'pg_query(): Query failed: ERROR:  column &quot;tb_sub_tindakan_restorasi.kode_sub_tindakan_restorasi&quot; must appear in the GROUP BY clause or be used in an aggregate function
LINE 1: SELECT &quot;tb_rencana&quot;.&quot;tahun&quot;, &quot;tb_sub_tindakan_restorasi&quot;.&quot;ko...
                                     ^', 'SYSTEMPATH\\Database\\Postgre\\Connection.php', 140)
 2 SYSTEMPATH\Database\Postgre\Connection.php(140): pg_query(resource (pgsql link), 'SELECT "tb_rencana"."tahun", "tb_sub_tindakan_restorasi"."kode_sub_tindakan_restorasi", "tb_sub_tindakan_restorasi"."nama_sub_tindakan_restorasi", COUNT(tb_alokasi.kode_alokasi) as countalokasi
FROM "tb_khg"
JOIN "tb_sub_khg" ON "tb_sub_khg"."kode_khg"  = "tb_khg"."kode_khg"
JOIN "tb_hru" ON "tb_hru"."kode_sub_khg"  = "tb_sub_khg"."kode_sub_khg"
JOIN "tb_alokasi" ON "tb_alokasi"."kode_hru"  = "tb_hru"."kode_hru"
JOIN "tb_rencana_kegiatan" ON "tb_rencana_kegiatan"."kode_rencana_kegiatan"  = "tb_alokasi"."kode_rencana_kegiatan"
JOIN "tb_rencana" ON "tb_rencana"."kode_rencana"  = "tb_rencana_kegiatan"."kode_rencana"
JOIN "tb_sub_tindakan_restorasi" ON "tb_sub_tindakan_restorasi"."kode_sub_tindakan_restorasi"  = "tb_rencana_kegiatan"."kode_sub_tindakan_restorasi"
WHERE "tb_khg"."id" = \'2\'
GROUP BY "tb_rencana"."tahun"')
 3 SYSTEMPATH\Database\BaseConnection.php(666): CodeIgniter\Database\Postgre\Connection->execute('SELECT "tb_rencana"."tahun", "tb_sub_tindakan_restorasi"."kode_sub_tindakan_restorasi", "tb_sub_tindakan_restorasi"."nama_sub_tindakan_restorasi", COUNT(tb_alokasi.kode_alokasi) as countalokasi
FROM "tb_khg"
JOIN "tb_sub_khg" ON "tb_sub_khg"."kode_khg"  = "tb_khg"."kode_khg"
JOIN "tb_hru" ON "tb_hru"."kode_sub_khg"  = "tb_sub_khg"."kode_sub_khg"
JOIN "tb_alokasi" ON "tb_alokasi"."kode_hru"  = "tb_hru"."kode_hru"
JOIN "tb_rencana_kegiatan" ON "tb_rencana_kegiatan"."kode_rencana_kegiatan"  = "tb_alokasi"."kode_rencana_kegiatan"
JOIN "tb_rencana" ON "tb_rencana"."kode_rencana"  = "tb_rencana_kegiatan"."kode_rencana"
JOIN "tb_sub_tindakan_restorasi" ON "tb_sub_tindakan_restorasi"."kode_sub_tindakan_restorasi"  = "tb_rencana_kegiatan"."kode_sub_tindakan_restorasi"
WHERE "tb_khg"."id" = \'2\'
GROUP BY "tb_rencana"."tahun"')
 4 SYSTEMPATH\Database\BaseConnection.php(593): CodeIgniter\Database\BaseConnection->simpleQuery('SELECT "tb_rencana"."tahun", "tb_sub_tindakan_restorasi"."kode_sub_tindakan_restorasi", "tb_sub_tindakan_restorasi"."nama_sub_tindakan_restorasi", COUNT(tb_alokasi.kode_alokasi) as countalokasi
FROM "tb_khg"
JOIN "tb_sub_khg" ON "tb_sub_khg"."kode_khg"  = "tb_khg"."kode_khg"
JOIN "tb_hru" ON "tb_hru"."kode_sub_khg"  = "tb_sub_khg"."kode_sub_khg"
JOIN "tb_alokasi" ON "tb_alokasi"."kode_hru"  = "tb_hru"."kode_hru"
JOIN "tb_rencana_kegiatan" ON "tb_rencana_kegiatan"."kode_rencana_kegiatan"  = "tb_alokasi"."kode_rencana_kegiatan"
JOIN "tb_rencana" ON "tb_rencana"."kode_rencana"  = "tb_rencana_kegiatan"."kode_rencana"
JOIN "tb_sub_tindakan_restorasi" ON "tb_sub_tindakan_restorasi"."kode_sub_tindakan_restorasi"  = "tb_rencana_kegiatan"."kode_sub_tindakan_restorasi"
WHERE "tb_khg"."id" = \'2\'
GROUP BY "tb_rencana"."tahun"')
 5 SYSTEMPATH\Database\BaseBuilder.php(1585): CodeIgniter\Database\BaseConnection->query('SELECT "tb_rencana"."tahun", "tb_sub_tindakan_restorasi"."kode_sub_tindakan_restorasi", "tb_sub_tindakan_restorasi"."nama_sub_tindakan_restorasi", COUNT(tb_alokasi.kode_alokasi) as countalokasi
FROM "tb_khg"
JOIN "tb_sub_khg" ON "tb_sub_khg"."kode_khg"  = "tb_khg"."kode_khg"
JOIN "tb_hru" ON "tb_hru"."kode_sub_khg"  = "tb_sub_khg"."kode_sub_khg"
JOIN "tb_alokasi" ON "tb_alokasi"."kode_hru"  = "tb_hru"."kode_hru"
JOIN "tb_rencana_kegiatan" ON "tb_rencana_kegiatan"."kode_rencana_kegiatan"  = "tb_alokasi"."kode_rencana_kegiatan"
JOIN "tb_rencana" ON "tb_rencana"."kode_rencana"  = "tb_rencana_kegiatan"."kode_rencana"
JOIN "tb_sub_tindakan_restorasi" ON "tb_sub_tindakan_restorasi"."kode_sub_tindakan_restorasi"  = "tb_rencana_kegiatan"."kode_sub_tindakan_restorasi"
WHERE "tb_khg"."id" = :tb_khg.id:
GROUP BY "tb_rencana"."tahun"', [...], false)
 6 APPPATH\Controllers\DetailPetaGambut.php(102): CodeIgniter\Database\BaseBuilder->get()
 7 SYSTEMPATH\CodeIgniter.php(927): App\Controllers\DetailPetaGambut->index('2')
 8 SYSTEMPATH\CodeIgniter.php(482): CodeIgniter\CodeIgniter->runController(Object(App\Controllers\DetailPetaGambut))
 9 SYSTEMPATH\CodeIgniter.php(351): CodeIgniter\CodeIgniter->handleRequest(null, Object(Config\Cache), false)
10 FCPATH\index.php(67): CodeIgniter\CodeIgniter->run()
11 SYSTEMPATH\Commands\Server\rewrite.php(46): require_once('FCPATH\\index.php')
ERROR - 2023-12-11 04:46:21 --> ErrorException: pg_query(): Query failed: ERROR:  missing FROM-clause entry for table &quot;tb_sub_tindakan_restorasi&quot;
LINE 1: SELECT &quot;tb_rencana&quot;.&quot;tahun&quot;, &quot;tb_sub_tindakan_restorasi&quot;.&quot;ko...
                                     ^ in D:\xampp\htdocs\BRGM\system\Database\Postgre\Connection.php:140
Stack trace:
#0 [internal function]: CodeIgniter\Debug\Exceptions->errorHandler(2, 'pg_query(): Que...', 'D:\\xampp\\htdocs...', 140)
#1 D:\xampp\htdocs\BRGM\system\Database\Postgre\Connection.php(140): pg_query(Resource id #163, 'SELECT "tb_renc...')
#2 D:\xampp\htdocs\BRGM\system\Database\BaseConnection.php(666): CodeIgniter\Database\Postgre\Connection->execute('SELECT "tb_renc...')
#3 D:\xampp\htdocs\BRGM\system\Database\BaseConnection.php(593): CodeIgniter\Database\BaseConnection->simpleQuery('SELECT "tb_renc...')
#4 D:\xampp\htdocs\BRGM\system\Database\BaseBuilder.php(1585): CodeIgniter\Database\BaseConnection->query('SELECT "tb_renc...', Array, false)
#5 D:\xampp\htdocs\BRGM\app\Controllers\DetailPetaGambut.php(102): CodeIgniter\Database\BaseBuilder->get()
#6 D:\xampp\htdocs\BRGM\system\CodeIgniter.php(927): App\Controllers\DetailPetaGambut->index('2')
#7 D:\xampp\htdocs\BRGM\system\CodeIgniter.php(482): CodeIgniter\CodeIgniter->runController(Object(App\Controllers\DetailPetaGambut))
#8 D:\xampp\htdocs\BRGM\system\CodeIgniter.php(351): CodeIgniter\CodeIgniter->handleRequest(NULL, Object(Config\Cache), false)
#9 D:\xampp\htdocs\BRGM\public\index.php(67): CodeIgniter\CodeIgniter->run()
#10 D:\xampp\htdocs\BRGM\system\Commands\Server\rewrite.php(46): require_once('D:\\xampp\\htdocs...')
#11 {main}
CRITICAL - 2023-12-11 04:46:21 --> pg_query(): Query failed: ERROR:  missing FROM-clause entry for table &quot;tb_sub_tindakan_restorasi&quot;
LINE 1: SELECT &quot;tb_rencana&quot;.&quot;tahun&quot;, &quot;tb_sub_tindakan_restorasi&quot;.&quot;ko...
                                     ^
in SYSTEMPATH\Database\Postgre\Connection.php on line 140.
 1 [internal function]: CodeIgniter\Debug\Exceptions->errorHandler(2, 'pg_query(): Query failed: ERROR:  missing FROM-clause entry for table &quot;tb_sub_tindakan_restorasi&quot;
LINE 1: SELECT &quot;tb_rencana&quot;.&quot;tahun&quot;, &quot;tb_sub_tindakan_restorasi&quot;.&quot;ko...
                                     ^', 'SYSTEMPATH\\Database\\Postgre\\Connection.php', 140)
 2 SYSTEMPATH\Database\Postgre\Connection.php(140): pg_query(resource (pgsql link), 'SELECT "tb_rencana"."tahun", "tb_sub_tindakan_restorasi"."kode_sub_tindakan_restorasi", "tb_sub_tindakan_restorasi"."nama_sub_tindakan_restorasi", COUNT(tb_alokasi.kode_alokasi) as countalokasi
FROM "tb_khg"
JOIN "tb_sub_khg" ON "tb_sub_khg"."kode_khg"  = "tb_khg"."kode_khg"
JOIN "tb_hru" ON "tb_hru"."kode_sub_khg"  = "tb_sub_khg"."kode_sub_khg"
JOIN "tb_alokasi" ON "tb_alokasi"."kode_hru"  = "tb_hru"."kode_hru"
JOIN "tb_rencana_kegiatan" ON "tb_rencana_kegiatan"."kode_rencana_kegiatan"  = "tb_alokasi"."kode_rencana_kegiatan"
JOIN "tb_rencana" ON "tb_rencana"."kode_rencana"  = "tb_rencana_kegiatan"."kode_rencana"
WHERE "tb_khg"."id" = \'2\'
GROUP BY "tb_rencana"."tahun"')
 3 SYSTEMPATH\Database\BaseConnection.php(666): CodeIgniter\Database\Postgre\Connection->execute('SELECT "tb_rencana"."tahun", "tb_sub_tindakan_restorasi"."kode_sub_tindakan_restorasi", "tb_sub_tindakan_restorasi"."nama_sub_tindakan_restorasi", COUNT(tb_alokasi.kode_alokasi) as countalokasi
FROM "tb_khg"
JOIN "tb_sub_khg" ON "tb_sub_khg"."kode_khg"  = "tb_khg"."kode_khg"
JOIN "tb_hru" ON "tb_hru"."kode_sub_khg"  = "tb_sub_khg"."kode_sub_khg"
JOIN "tb_alokasi" ON "tb_alokasi"."kode_hru"  = "tb_hru"."kode_hru"
JOIN "tb_rencana_kegiatan" ON "tb_rencana_kegiatan"."kode_rencana_kegiatan"  = "tb_alokasi"."kode_rencana_kegiatan"
JOIN "tb_rencana" ON "tb_rencana"."kode_rencana"  = "tb_rencana_kegiatan"."kode_rencana"
WHERE "tb_khg"."id" = \'2\'
GROUP BY "tb_rencana"."tahun"')
 4 SYSTEMPATH\Database\BaseConnection.php(593): CodeIgniter\Database\BaseConnection->simpleQuery('SELECT "tb_rencana"."tahun", "tb_sub_tindakan_restorasi"."kode_sub_tindakan_restorasi", "tb_sub_tindakan_restorasi"."nama_sub_tindakan_restorasi", COUNT(tb_alokasi.kode_alokasi) as countalokasi
FROM "tb_khg"
JOIN "tb_sub_khg" ON "tb_sub_khg"."kode_khg"  = "tb_khg"."kode_khg"
JOIN "tb_hru" ON "tb_hru"."kode_sub_khg"  = "tb_sub_khg"."kode_sub_khg"
JOIN "tb_alokasi" ON "tb_alokasi"."kode_hru"  = "tb_hru"."kode_hru"
JOIN "tb_rencana_kegiatan" ON "tb_rencana_kegiatan"."kode_rencana_kegiatan"  = "tb_alokasi"."kode_rencana_kegiatan"
JOIN "tb_rencana" ON "tb_rencana"."kode_rencana"  = "tb_rencana_kegiatan"."kode_rencana"
WHERE "tb_khg"."id" = \'2\'
GROUP BY "tb_rencana"."tahun"')
 5 SYSTEMPATH\Database\BaseBuilder.php(1585): CodeIgniter\Database\BaseConnection->query('SELECT "tb_rencana"."tahun", "tb_sub_tindakan_restorasi"."kode_sub_tindakan_restorasi", "tb_sub_tindakan_restorasi"."nama_sub_tindakan_restorasi", COUNT(tb_alokasi.kode_alokasi) as countalokasi
FROM "tb_khg"
JOIN "tb_sub_khg" ON "tb_sub_khg"."kode_khg"  = "tb_khg"."kode_khg"
JOIN "tb_hru" ON "tb_hru"."kode_sub_khg"  = "tb_sub_khg"."kode_sub_khg"
JOIN "tb_alokasi" ON "tb_alokasi"."kode_hru"  = "tb_hru"."kode_hru"
JOIN "tb_rencana_kegiatan" ON "tb_rencana_kegiatan"."kode_rencana_kegiatan"  = "tb_alokasi"."kode_rencana_kegiatan"
JOIN "tb_rencana" ON "tb_rencana"."kode_rencana"  = "tb_rencana_kegiatan"."kode_rencana"
WHERE "tb_khg"."id" = :tb_khg.id:
GROUP BY "tb_rencana"."tahun"', [...], false)
 6 APPPATH\Controllers\DetailPetaGambut.php(102): CodeIgniter\Database\BaseBuilder->get()
 7 SYSTEMPATH\CodeIgniter.php(927): App\Controllers\DetailPetaGambut->index('2')
 8 SYSTEMPATH\CodeIgniter.php(482): CodeIgniter\CodeIgniter->runController(Object(App\Controllers\DetailPetaGambut))
 9 SYSTEMPATH\CodeIgniter.php(351): CodeIgniter\CodeIgniter->handleRequest(null, Object(Config\Cache), false)
10 FCPATH\index.php(67): CodeIgniter\CodeIgniter->run()
11 SYSTEMPATH\Commands\Server\rewrite.php(46): require_once('FCPATH\\index.php')
ERROR - 2023-12-11 04:46:55 --> ErrorException: pg_query(): Query failed: ERROR:  column &quot;tb_rencana_kegiatan.kode_sub_tindakan_restorasi&quot; must appear in the GROUP BY clause or be used in an aggregate function
LINE 1: SELECT &quot;tb_rencana&quot;.&quot;tahun&quot;, &quot;tb_rencana_kegiatan&quot;.&quot;kode_sub...
                                     ^ in D:\xampp\htdocs\BRGM\system\Database\Postgre\Connection.php:140
Stack trace:
#0 [internal function]: CodeIgniter\Debug\Exceptions->errorHandler(2, 'pg_query(): Que...', 'D:\\xampp\\htdocs...', 140)
#1 D:\xampp\htdocs\BRGM\system\Database\Postgre\Connection.php(140): pg_query(Resource id #163, 'SELECT "tb_renc...')
#2 D:\xampp\htdocs\BRGM\system\Database\BaseConnection.php(666): CodeIgniter\Database\Postgre\Connection->execute('SELECT "tb_renc...')
#3 D:\xampp\htdocs\BRGM\system\Database\BaseConnection.php(593): CodeIgniter\Database\BaseConnection->simpleQuery('SELECT "tb_renc...')
#4 D:\xampp\htdocs\BRGM\system\Database\BaseBuilder.php(1585): CodeIgniter\Database\BaseConnection->query('SELECT "tb_renc...', Array, false)
#5 D:\xampp\htdocs\BRGM\app\Controllers\DetailPetaGambut.php(102): CodeIgniter\Database\BaseBuilder->get()
#6 D:\xampp\htdocs\BRGM\system\CodeIgniter.php(927): App\Controllers\DetailPetaGambut->index('2')
#7 D:\xampp\htdocs\BRGM\system\CodeIgniter.php(482): CodeIgniter\CodeIgniter->runController(Object(App\Controllers\DetailPetaGambut))
#8 D:\xampp\htdocs\BRGM\system\CodeIgniter.php(351): CodeIgniter\CodeIgniter->handleRequest(NULL, Object(Config\Cache), false)
#9 D:\xampp\htdocs\BRGM\public\index.php(67): CodeIgniter\CodeIgniter->run()
#10 D:\xampp\htdocs\BRGM\system\Commands\Server\rewrite.php(46): require_once('D:\\xampp\\htdocs...')
#11 {main}
CRITICAL - 2023-12-11 04:46:55 --> pg_query(): Query failed: ERROR:  column &quot;tb_rencana_kegiatan.kode_sub_tindakan_restorasi&quot; must appear in the GROUP BY clause or be used in an aggregate function
LINE 1: SELECT &quot;tb_rencana&quot;.&quot;tahun&quot;, &quot;tb_rencana_kegiatan&quot;.&quot;kode_sub...
                                     ^
in SYSTEMPATH\Database\Postgre\Connection.php on line 140.
 1 [internal function]: CodeIgniter\Debug\Exceptions->errorHandler(2, 'pg_query(): Query failed: ERROR:  column &quot;tb_rencana_kegiatan.kode_sub_tindakan_restorasi&quot; must appear in the GROUP BY clause or be used in an aggregate function
LINE 1: SELECT &quot;tb_rencana&quot;.&quot;tahun&quot;, &quot;tb_rencana_kegiatan&quot;.&quot;kode_sub...
                                     ^', 'SYSTEMPATH\\Database\\Postgre\\Connection.php', 140)
 2 SYSTEMPATH\Database\Postgre\Connection.php(140): pg_query(resource (pgsql link), 'SELECT "tb_rencana"."tahun", "tb_rencana_kegiatan"."kode_sub_tindakan_restorasi", COUNT(tb_alokasi.kode_alokasi) as countalokasi
FROM "tb_khg"
JOIN "tb_sub_khg" ON "tb_sub_khg"."kode_khg"  = "tb_khg"."kode_khg"
JOIN "tb_hru" ON "tb_hru"."kode_sub_khg"  = "tb_sub_khg"."kode_sub_khg"
JOIN "tb_alokasi" ON "tb_alokasi"."kode_hru"  = "tb_hru"."kode_hru"
JOIN "tb_rencana_kegiatan" ON "tb_rencana_kegiatan"."kode_rencana_kegiatan"  = "tb_alokasi"."kode_rencana_kegiatan"
JOIN "tb_rencana" ON "tb_rencana"."kode_rencana"  = "tb_rencana_kegiatan"."kode_rencana"
WHERE "tb_khg"."id" = \'2\'
GROUP BY "tb_rencana"."tahun"')
 3 SYSTEMPATH\Database\BaseConnection.php(666): CodeIgniter\Database\Postgre\Connection->execute('SELECT "tb_rencana"."tahun", "tb_rencana_kegiatan"."kode_sub_tindakan_restorasi", COUNT(tb_alokasi.kode_alokasi) as countalokasi
FROM "tb_khg"
JOIN "tb_sub_khg" ON "tb_sub_khg"."kode_khg"  = "tb_khg"."kode_khg"
JOIN "tb_hru" ON "tb_hru"."kode_sub_khg"  = "tb_sub_khg"."kode_sub_khg"
JOIN "tb_alokasi" ON "tb_alokasi"."kode_hru"  = "tb_hru"."kode_hru"
JOIN "tb_rencana_kegiatan" ON "tb_rencana_kegiatan"."kode_rencana_kegiatan"  = "tb_alokasi"."kode_rencana_kegiatan"
JOIN "tb_rencana" ON "tb_rencana"."kode_rencana"  = "tb_rencana_kegiatan"."kode_rencana"
WHERE "tb_khg"."id" = \'2\'
GROUP BY "tb_rencana"."tahun"')
 4 SYSTEMPATH\Database\BaseConnection.php(593): CodeIgniter\Database\BaseConnection->simpleQuery('SELECT "tb_rencana"."tahun", "tb_rencana_kegiatan"."kode_sub_tindakan_restorasi", COUNT(tb_alokasi.kode_alokasi) as countalokasi
FROM "tb_khg"
JOIN "tb_sub_khg" ON "tb_sub_khg"."kode_khg"  = "tb_khg"."kode_khg"
JOIN "tb_hru" ON "tb_hru"."kode_sub_khg"  = "tb_sub_khg"."kode_sub_khg"
JOIN "tb_alokasi" ON "tb_alokasi"."kode_hru"  = "tb_hru"."kode_hru"
JOIN "tb_rencana_kegiatan" ON "tb_rencana_kegiatan"."kode_rencana_kegiatan"  = "tb_alokasi"."kode_rencana_kegiatan"
JOIN "tb_rencana" ON "tb_rencana"."kode_rencana"  = "tb_rencana_kegiatan"."kode_rencana"
WHERE "tb_khg"."id" = \'2\'
GROUP BY "tb_rencana"."tahun"')
 5 SYSTEMPATH\Database\BaseBuilder.php(1585): CodeIgniter\Database\BaseConnection->query('SELECT "tb_rencana"."tahun", "tb_rencana_kegiatan"."kode_sub_tindakan_restorasi", COUNT(tb_alokasi.kode_alokasi) as countalokasi
FROM "tb_khg"
JOIN "tb_sub_khg" ON "tb_sub_khg"."kode_khg"  = "tb_khg"."kode_khg"
JOIN "tb_hru" ON "tb_hru"."kode_sub_khg"  = "tb_sub_khg"."kode_sub_khg"
JOIN "tb_alokasi" ON "tb_alokasi"."kode_hru"  = "tb_hru"."kode_hru"
JOIN "tb_rencana_kegiatan" ON "tb_rencana_kegiatan"."kode_rencana_kegiatan"  = "tb_alokasi"."kode_rencana_kegiatan"
JOIN "tb_rencana" ON "tb_rencana"."kode_rencana"  = "tb_rencana_kegiatan"."kode_rencana"
WHERE "tb_khg"."id" = :tb_khg.id:
GROUP BY "tb_rencana"."tahun"', [...], false)
 6 APPPATH\Controllers\DetailPetaGambut.php(102): CodeIgniter\Database\BaseBuilder->get()
 7 SYSTEMPATH\CodeIgniter.php(927): App\Controllers\DetailPetaGambut->index('2')
 8 SYSTEMPATH\CodeIgniter.php(482): CodeIgniter\CodeIgniter->runController(Object(App\Controllers\DetailPetaGambut))
 9 SYSTEMPATH\CodeIgniter.php(351): CodeIgniter\CodeIgniter->handleRequest(null, Object(Config\Cache), false)
10 FCPATH\index.php(67): CodeIgniter\CodeIgniter->run()
11 SYSTEMPATH\Commands\Server\rewrite.php(46): require_once('FCPATH\\index.php')
ERROR - 2023-12-11 04:48:37 --> ErrorException: pg_query(): Query failed: ERROR:  column &quot;tb_sub_tindakan_restorasi.kode_sub_tindakan_restorasi&quot; must appear in the GROUP BY clause or be used in an aggregate function
LINE 1: SELECT &quot;tb_rencana&quot;.&quot;tahun&quot;, &quot;tb_sub_tindakan_restorasi&quot;.&quot;ko...
                                     ^ in D:\xampp\htdocs\BRGM\system\Database\Postgre\Connection.php:140
Stack trace:
#0 [internal function]: CodeIgniter\Debug\Exceptions->errorHandler(2, 'pg_query(): Que...', 'D:\\xampp\\htdocs...', 140)
#1 D:\xampp\htdocs\BRGM\system\Database\Postgre\Connection.php(140): pg_query(Resource id #163, 'SELECT "tb_renc...')
#2 D:\xampp\htdocs\BRGM\system\Database\BaseConnection.php(666): CodeIgniter\Database\Postgre\Connection->execute('SELECT "tb_renc...')
#3 D:\xampp\htdocs\BRGM\system\Database\BaseConnection.php(593): CodeIgniter\Database\BaseConnection->simpleQuery('SELECT "tb_renc...')
#4 D:\xampp\htdocs\BRGM\system\Database\BaseBuilder.php(1585): CodeIgniter\Database\BaseConnection->query('SELECT "tb_renc...', Array, false)
#5 D:\xampp\htdocs\BRGM\app\Controllers\DetailPetaGambut.php(103): CodeIgniter\Database\BaseBuilder->get()
#6 D:\xampp\htdocs\BRGM\system\CodeIgniter.php(927): App\Controllers\DetailPetaGambut->index('2')
#7 D:\xampp\htdocs\BRGM\system\CodeIgniter.php(482): CodeIgniter\CodeIgniter->runController(Object(App\Controllers\DetailPetaGambut))
#8 D:\xampp\htdocs\BRGM\system\CodeIgniter.php(351): CodeIgniter\CodeIgniter->handleRequest(NULL, Object(Config\Cache), false)
#9 D:\xampp\htdocs\BRGM\public\index.php(67): CodeIgniter\CodeIgniter->run()
#10 D:\xampp\htdocs\BRGM\system\Commands\Server\rewrite.php(46): require_once('D:\\xampp\\htdocs...')
#11 {main}
CRITICAL - 2023-12-11 04:48:37 --> pg_query(): Query failed: ERROR:  column &quot;tb_sub_tindakan_restorasi.kode_sub_tindakan_restorasi&quot; must appear in the GROUP BY clause or be used in an aggregate function
LINE 1: SELECT &quot;tb_rencana&quot;.&quot;tahun&quot;, &quot;tb_sub_tindakan_restorasi&quot;.&quot;ko...
                                     ^
in SYSTEMPATH\Database\Postgre\Connection.php on line 140.
 1 [internal function]: CodeIgniter\Debug\Exceptions->errorHandler(2, 'pg_query(): Query failed: ERROR:  column &quot;tb_sub_tindakan_restorasi.kode_sub_tindakan_restorasi&quot; must appear in the GROUP BY clause or be used in an aggregate function
LINE 1: SELECT &quot;tb_rencana&quot;.&quot;tahun&quot;, &quot;tb_sub_tindakan_restorasi&quot;.&quot;ko...
                                     ^', 'SYSTEMPATH\\Database\\Postgre\\Connection.php', 140)
 2 SYSTEMPATH\Database\Postgre\Connection.php(140): pg_query(resource (pgsql link), 'SELECT "tb_rencana"."tahun", "tb_sub_tindakan_restorasi"."kode_sub_tindakan_restorasi", "tb_sub_tindakan_restorasi"."nama_sub_tindakan_restorasi", COUNT(tb_alokasi.kode_alokasi) as countalokasi
FROM "tb_khg"
JOIN "tb_sub_khg" ON "tb_sub_khg"."kode_khg"  = "tb_khg"."kode_khg"
JOIN "tb_hru" ON "tb_hru"."kode_sub_khg"  = "tb_sub_khg"."kode_sub_khg"
JOIN "tb_alokasi" ON "tb_alokasi"."kode_hru"  = "tb_hru"."kode_hru"
JOIN "tb_rencana_kegiatan" ON "tb_rencana_kegiatan"."kode_rencana_kegiatan"  = "tb_alokasi"."kode_rencana_kegiatan"
JOIN "tb_rencana" ON "tb_rencana"."kode_rencana"  = "tb_rencana_kegiatan"."kode_rencana"
JOIN "tb_sub_tindakan_restorasi" ON "tb_sub_tindakan_restorasi"."kode_sub_tindakan_restorasi"  = "tb_rencana_kegiatan"."kode_sub_tindakan_restorasi"
WHERE "tb_khg"."id" = \'2\'
GROUP BY "tb_rencana"."tahun"')
 3 SYSTEMPATH\Database\BaseConnection.php(666): CodeIgniter\Database\Postgre\Connection->execute('SELECT "tb_rencana"."tahun", "tb_sub_tindakan_restorasi"."kode_sub_tindakan_restorasi", "tb_sub_tindakan_restorasi"."nama_sub_tindakan_restorasi", COUNT(tb_alokasi.kode_alokasi) as countalokasi
FROM "tb_khg"
JOIN "tb_sub_khg" ON "tb_sub_khg"."kode_khg"  = "tb_khg"."kode_khg"
JOIN "tb_hru" ON "tb_hru"."kode_sub_khg"  = "tb_sub_khg"."kode_sub_khg"
JOIN "tb_alokasi" ON "tb_alokasi"."kode_hru"  = "tb_hru"."kode_hru"
JOIN "tb_rencana_kegiatan" ON "tb_rencana_kegiatan"."kode_rencana_kegiatan"  = "tb_alokasi"."kode_rencana_kegiatan"
JOIN "tb_rencana" ON "tb_rencana"."kode_rencana"  = "tb_rencana_kegiatan"."kode_rencana"
JOIN "tb_sub_tindakan_restorasi" ON "tb_sub_tindakan_restorasi"."kode_sub_tindakan_restorasi"  = "tb_rencana_kegiatan"."kode_sub_tindakan_restorasi"
WHERE "tb_khg"."id" = \'2\'
GROUP BY "tb_rencana"."tahun"')
 4 SYSTEMPATH\Database\BaseConnection.php(593): CodeIgniter\Database\BaseConnection->simpleQuery('SELECT "tb_rencana"."tahun", "tb_sub_tindakan_restorasi"."kode_sub_tindakan_restorasi", "tb_sub_tindakan_restorasi"."nama_sub_tindakan_restorasi", COUNT(tb_alokasi.kode_alokasi) as countalokasi
FROM "tb_khg"
JOIN "tb_sub_khg" ON "tb_sub_khg"."kode_khg"  = "tb_khg"."kode_khg"
JOIN "tb_hru" ON "tb_hru"."kode_sub_khg"  = "tb_sub_khg"."kode_sub_khg"
JOIN "tb_alokasi" ON "tb_alokasi"."kode_hru"  = "tb_hru"."kode_hru"
JOIN "tb_rencana_kegiatan" ON "tb_rencana_kegiatan"."kode_rencana_kegiatan"  = "tb_alokasi"."kode_rencana_kegiatan"
JOIN "tb_rencana" ON "tb_rencana"."kode_rencana"  = "tb_rencana_kegiatan"."kode_rencana"
JOIN "tb_sub_tindakan_restorasi" ON "tb_sub_tindakan_restorasi"."kode_sub_tindakan_restorasi"  = "tb_rencana_kegiatan"."kode_sub_tindakan_restorasi"
WHERE "tb_khg"."id" = \'2\'
GROUP BY "tb_rencana"."tahun"')
 5 SYSTEMPATH\Database\BaseBuilder.php(1585): CodeIgniter\Database\BaseConnection->query('SELECT "tb_rencana"."tahun", "tb_sub_tindakan_restorasi"."kode_sub_tindakan_restorasi", "tb_sub_tindakan_restorasi"."nama_sub_tindakan_restorasi", COUNT(tb_alokasi.kode_alokasi) as countalokasi
FROM "tb_khg"
JOIN "tb_sub_khg" ON "tb_sub_khg"."kode_khg"  = "tb_khg"."kode_khg"
JOIN "tb_hru" ON "tb_hru"."kode_sub_khg"  = "tb_sub_khg"."kode_sub_khg"
JOIN "tb_alokasi" ON "tb_alokasi"."kode_hru"  = "tb_hru"."kode_hru"
JOIN "tb_rencana_kegiatan" ON "tb_rencana_kegiatan"."kode_rencana_kegiatan"  = "tb_alokasi"."kode_rencana_kegiatan"
JOIN "tb_rencana" ON "tb_rencana"."kode_rencana"  = "tb_rencana_kegiatan"."kode_rencana"
JOIN "tb_sub_tindakan_restorasi" ON "tb_sub_tindakan_restorasi"."kode_sub_tindakan_restorasi"  = "tb_rencana_kegiatan"."kode_sub_tindakan_restorasi"
WHERE "tb_khg"."id" = :tb_khg.id:
GROUP BY "tb_rencana"."tahun"', [...], false)
 6 APPPATH\Controllers\DetailPetaGambut.php(103): CodeIgniter\Database\BaseBuilder->get()
 7 SYSTEMPATH\CodeIgniter.php(927): App\Controllers\DetailPetaGambut->index('2')
 8 SYSTEMPATH\CodeIgniter.php(482): CodeIgniter\CodeIgniter->runController(Object(App\Controllers\DetailPetaGambut))
 9 SYSTEMPATH\CodeIgniter.php(351): CodeIgniter\CodeIgniter->handleRequest(null, Object(Config\Cache), false)
10 FCPATH\index.php(67): CodeIgniter\CodeIgniter->run()
11 SYSTEMPATH\Commands\Server\rewrite.php(46): require_once('FCPATH\\index.php')
ERROR - 2023-12-11 04:51:08 --> ErrorException: pg_query(): Query failed: ERROR:  column &quot;tb_sub_tindakan_restorasi.nama_sub_tindakan_restorasi&quot; must appear in the GROUP BY clause or be used in an aggregate function
LINE 1: ...indakan_restorasi&quot;.&quot;kode_sub_tindakan_restorasi&quot;, &quot;tb_sub_ti...
                                                             ^ in D:\xampp\htdocs\BRGM\system\Database\Postgre\Connection.php:140
Stack trace:
#0 [internal function]: CodeIgniter\Debug\Exceptions->errorHandler(2, 'pg_query(): Que...', 'D:\\xampp\\htdocs...', 140)
#1 D:\xampp\htdocs\BRGM\system\Database\Postgre\Connection.php(140): pg_query(Resource id #164, 'SELECT "tb_renc...')
#2 D:\xampp\htdocs\BRGM\system\Database\BaseConnection.php(666): CodeIgniter\Database\Postgre\Connection->execute('SELECT "tb_renc...')
#3 D:\xampp\htdocs\BRGM\system\Database\BaseConnection.php(593): CodeIgniter\Database\BaseConnection->simpleQuery('SELECT "tb_renc...')
#4 D:\xampp\htdocs\BRGM\system\Database\BaseBuilder.php(1585): CodeIgniter\Database\BaseConnection->query('SELECT "tb_renc...', Array, false)
#5 D:\xampp\htdocs\BRGM\app\Controllers\DetailPetaGambut.php(101): CodeIgniter\Database\BaseBuilder->get()
#6 D:\xampp\htdocs\BRGM\system\CodeIgniter.php(927): App\Controllers\DetailPetaGambut->index('2')
#7 D:\xampp\htdocs\BRGM\system\CodeIgniter.php(482): CodeIgniter\CodeIgniter->runController(Object(App\Controllers\DetailPetaGambut))
#8 D:\xampp\htdocs\BRGM\system\CodeIgniter.php(351): CodeIgniter\CodeIgniter->handleRequest(NULL, Object(Config\Cache), false)
#9 D:\xampp\htdocs\BRGM\public\index.php(67): CodeIgniter\CodeIgniter->run()
#10 D:\xampp\htdocs\BRGM\system\Commands\Server\rewrite.php(46): require_once('D:\\xampp\\htdocs...')
#11 {main}
CRITICAL - 2023-12-11 04:51:08 --> pg_query(): Query failed: ERROR:  column &quot;tb_sub_tindakan_restorasi.nama_sub_tindakan_restorasi&quot; must appear in the GROUP BY clause or be used in an aggregate function
LINE 1: ...indakan_restorasi&quot;.&quot;kode_sub_tindakan_restorasi&quot;, &quot;tb_sub_ti...
                                                             ^
in SYSTEMPATH\Database\Postgre\Connection.php on line 140.
 1 [internal function]: CodeIgniter\Debug\Exceptions->errorHandler(2, 'pg_query(): Query failed: ERROR:  column &quot;tb_sub_tindakan_restorasi.nama_sub_tindakan_restorasi&quot; must appear in the GROUP BY clause or be used in an aggregate function
LINE 1: ...indakan_restorasi&quot;.&quot;kode_sub_tindakan_restorasi&quot;, &quot;tb_sub_ti...
                                                             ^', 'SYSTEMPATH\\Database\\Postgre\\Connection.php', 140)
 2 SYSTEMPATH\Database\Postgre\Connection.php(140): pg_query(resource (pgsql link), 'SELECT "tb_rencana"."tahun", "tb_sub_tindakan_restorasi"."kode_sub_tindakan_restorasi", "tb_sub_tindakan_restorasi"."nama_sub_tindakan_restorasi", COUNT(tb_alokasi.kode_alokasi) as countalokasi
FROM "tb_khg"
JOIN "tb_sub_khg" ON "tb_sub_khg"."kode_khg"  = "tb_khg"."kode_khg"
JOIN "tb_hru" ON "tb_hru"."kode_sub_khg"  = "tb_sub_khg"."kode_sub_khg"
JOIN "tb_alokasi" ON "tb_alokasi"."kode_hru"  = "tb_hru"."kode_hru"
JOIN "tb_rencana_kegiatan" ON "tb_rencana_kegiatan"."kode_rencana_kegiatan"  = "tb_alokasi"."kode_rencana_kegiatan"
JOIN "tb_rencana" ON "tb_rencana"."kode_rencana"  = "tb_rencana_kegiatan"."kode_rencana"
JOIN "tb_sub_tindakan_restorasi" ON "tb_sub_tindakan_restorasi"."kode_sub_tindakan_restorasi"  = "tb_rencana_kegiatan"."kode_sub_tindakan_restorasi"
WHERE "tb_khg"."id" = \'2\'
GROUP BY "tb_rencana"."tahun", "tb_sub_tindakan_restorasi"."kode_sub_tindakan_restorasi"')
 3 SYSTEMPATH\Database\BaseConnection.php(666): CodeIgniter\Database\Postgre\Connection->execute('SELECT "tb_rencana"."tahun", "tb_sub_tindakan_restorasi"."kode_sub_tindakan_restorasi", "tb_sub_tindakan_restorasi"."nama_sub_tindakan_restorasi", COUNT(tb_alokasi.kode_alokasi) as countalokasi
FROM "tb_khg"
JOIN "tb_sub_khg" ON "tb_sub_khg"."kode_khg"  = "tb_khg"."kode_khg"
JOIN "tb_hru" ON "tb_hru"."kode_sub_khg"  = "tb_sub_khg"."kode_sub_khg"
JOIN "tb_alokasi" ON "tb_alokasi"."kode_hru"  = "tb_hru"."kode_hru"
JOIN "tb_rencana_kegiatan" ON "tb_rencana_kegiatan"."kode_rencana_kegiatan"  = "tb_alokasi"."kode_rencana_kegiatan"
JOIN "tb_rencana" ON "tb_rencana"."kode_rencana"  = "tb_rencana_kegiatan"."kode_rencana"
JOIN "tb_sub_tindakan_restorasi" ON "tb_sub_tindakan_restorasi"."kode_sub_tindakan_restorasi"  = "tb_rencana_kegiatan"."kode_sub_tindakan_restorasi"
WHERE "tb_khg"."id" = \'2\'
GROUP BY "tb_rencana"."tahun", "tb_sub_tindakan_restorasi"."kode_sub_tindakan_restorasi"')
 4 SYSTEMPATH\Database\BaseConnection.php(593): CodeIgniter\Database\BaseConnection->simpleQuery('SELECT "tb_rencana"."tahun", "tb_sub_tindakan_restorasi"."kode_sub_tindakan_restorasi", "tb_sub_tindakan_restorasi"."nama_sub_tindakan_restorasi", COUNT(tb_alokasi.kode_alokasi) as countalokasi
FROM "tb_khg"
JOIN "tb_sub_khg" ON "tb_sub_khg"."kode_khg"  = "tb_khg"."kode_khg"
JOIN "tb_hru" ON "tb_hru"."kode_sub_khg"  = "tb_sub_khg"."kode_sub_khg"
JOIN "tb_alokasi" ON "tb_alokasi"."kode_hru"  = "tb_hru"."kode_hru"
JOIN "tb_rencana_kegiatan" ON "tb_rencana_kegiatan"."kode_rencana_kegiatan"  = "tb_alokasi"."kode_rencana_kegiatan"
JOIN "tb_rencana" ON "tb_rencana"."kode_rencana"  = "tb_rencana_kegiatan"."kode_rencana"
JOIN "tb_sub_tindakan_restorasi" ON "tb_sub_tindakan_restorasi"."kode_sub_tindakan_restorasi"  = "tb_rencana_kegiatan"."kode_sub_tindakan_restorasi"
WHERE "tb_khg"."id" = \'2\'
GROUP BY "tb_rencana"."tahun", "tb_sub_tindakan_restorasi"."kode_sub_tindakan_restorasi"')
 5 SYSTEMPATH\Database\BaseBuilder.php(1585): CodeIgniter\Database\BaseConnection->query('SELECT "tb_rencana"."tahun", "tb_sub_tindakan_restorasi"."kode_sub_tindakan_restorasi", "tb_sub_tindakan_restorasi"."nama_sub_tindakan_restorasi", COUNT(tb_alokasi.kode_alokasi) as countalokasi
FROM "tb_khg"
JOIN "tb_sub_khg" ON "tb_sub_khg"."kode_khg"  = "tb_khg"."kode_khg"
JOIN "tb_hru" ON "tb_hru"."kode_sub_khg"  = "tb_sub_khg"."kode_sub_khg"
JOIN "tb_alokasi" ON "tb_alokasi"."kode_hru"  = "tb_hru"."kode_hru"
JOIN "tb_rencana_kegiatan" ON "tb_rencana_kegiatan"."kode_rencana_kegiatan"  = "tb_alokasi"."kode_rencana_kegiatan"
JOIN "tb_rencana" ON "tb_rencana"."kode_rencana"  = "tb_rencana_kegiatan"."kode_rencana"
JOIN "tb_sub_tindakan_restorasi" ON "tb_sub_tindakan_restorasi"."kode_sub_tindakan_restorasi"  = "tb_rencana_kegiatan"."kode_sub_tindakan_restorasi"
WHERE "tb_khg"."id" = :tb_khg.id:
GROUP BY "tb_rencana"."tahun", "tb_sub_tindakan_restorasi"."kode_sub_tindakan_restorasi"', [...], false)
 6 APPPATH\Controllers\DetailPetaGambut.php(101): CodeIgniter\Database\BaseBuilder->get()
 7 SYSTEMPATH\CodeIgniter.php(927): App\Controllers\DetailPetaGambut->index('2')
 8 SYSTEMPATH\CodeIgniter.php(482): CodeIgniter\CodeIgniter->runController(Object(App\Controllers\DetailPetaGambut))
 9 SYSTEMPATH\CodeIgniter.php(351): CodeIgniter\CodeIgniter->handleRequest(null, Object(Config\Cache), false)
10 FCPATH\index.php(67): CodeIgniter\CodeIgniter->run()
11 SYSTEMPATH\Commands\Server\rewrite.php(46): require_once('FCPATH\\index.php')
ERROR - 2023-12-11 04:51:14 --> ErrorException: pg_query(): Query failed: ERROR:  column &quot;tb_sub_tindakan_restorasi.nama_sub_tindakan_restorasi&quot; must appear in the GROUP BY clause or be used in an aggregate function
LINE 1: ...indakan_restorasi&quot;.&quot;kode_sub_tindakan_restorasi&quot;, &quot;tb_sub_ti...
                                                             ^ in D:\xampp\htdocs\BRGM\system\Database\Postgre\Connection.php:140
Stack trace:
#0 [internal function]: CodeIgniter\Debug\Exceptions->errorHandler(2, 'pg_query(): Que...', 'D:\\xampp\\htdocs...', 140)
#1 D:\xampp\htdocs\BRGM\system\Database\Postgre\Connection.php(140): pg_query(Resource id #163, 'SELECT "tb_renc...')
#2 D:\xampp\htdocs\BRGM\system\Database\BaseConnection.php(666): CodeIgniter\Database\Postgre\Connection->execute('SELECT "tb_renc...')
#3 D:\xampp\htdocs\BRGM\system\Database\BaseConnection.php(593): CodeIgniter\Database\BaseConnection->simpleQuery('SELECT "tb_renc...')
#4 D:\xampp\htdocs\BRGM\system\Database\BaseBuilder.php(1585): CodeIgniter\Database\BaseConnection->query('SELECT "tb_renc...', Array, false)
#5 D:\xampp\htdocs\BRGM\app\Controllers\DetailPetaGambut.php(101): CodeIgniter\Database\BaseBuilder->get()
#6 D:\xampp\htdocs\BRGM\system\CodeIgniter.php(927): App\Controllers\DetailPetaGambut->index('2')
#7 D:\xampp\htdocs\BRGM\system\CodeIgniter.php(482): CodeIgniter\CodeIgniter->runController(Object(App\Controllers\DetailPetaGambut))
#8 D:\xampp\htdocs\BRGM\system\CodeIgniter.php(351): CodeIgniter\CodeIgniter->handleRequest(NULL, Object(Config\Cache), false)
#9 D:\xampp\htdocs\BRGM\public\index.php(67): CodeIgniter\CodeIgniter->run()
#10 D:\xampp\htdocs\BRGM\system\Commands\Server\rewrite.php(46): require_once('D:\\xampp\\htdocs...')
#11 {main}
CRITICAL - 2023-12-11 04:51:14 --> pg_query(): Query failed: ERROR:  column &quot;tb_sub_tindakan_restorasi.nama_sub_tindakan_restorasi&quot; must appear in the GROUP BY clause or be used in an aggregate function
LINE 1: ...indakan_restorasi&quot;.&quot;kode_sub_tindakan_restorasi&quot;, &quot;tb_sub_ti...
                                                             ^
in SYSTEMPATH\Database\Postgre\Connection.php on line 140.
 1 [internal function]: CodeIgniter\Debug\Exceptions->errorHandler(2, 'pg_query(): Query failed: ERROR:  column &quot;tb_sub_tindakan_restorasi.nama_sub_tindakan_restorasi&quot; must appear in the GROUP BY clause or be used in an aggregate function
LINE 1: ...indakan_restorasi&quot;.&quot;kode_sub_tindakan_restorasi&quot;, &quot;tb_sub_ti...
                                                             ^', 'SYSTEMPATH\\Database\\Postgre\\Connection.php', 140)
 2 SYSTEMPATH\Database\Postgre\Connection.php(140): pg_query(resource (pgsql link), 'SELECT "tb_rencana"."tahun", "tb_sub_tindakan_restorasi"."kode_sub_tindakan_restorasi", "tb_sub_tindakan_restorasi"."nama_sub_tindakan_restorasi", COUNT(tb_alokasi.kode_alokasi) as countalokasi
FROM "tb_khg"
JOIN "tb_sub_khg" ON "tb_sub_khg"."kode_khg"  = "tb_khg"."kode_khg"
JOIN "tb_hru" ON "tb_hru"."kode_sub_khg"  = "tb_sub_khg"."kode_sub_khg"
JOIN "tb_alokasi" ON "tb_alokasi"."kode_hru"  = "tb_hru"."kode_hru"
JOIN "tb_rencana_kegiatan" ON "tb_rencana_kegiatan"."kode_rencana_kegiatan"  = "tb_alokasi"."kode_rencana_kegiatan"
JOIN "tb_rencana" ON "tb_rencana"."kode_rencana"  = "tb_rencana_kegiatan"."kode_rencana"
JOIN "tb_sub_tindakan_restorasi" ON "tb_sub_tindakan_restorasi"."kode_sub_tindakan_restorasi"  = "tb_rencana_kegiatan"."kode_sub_tindakan_restorasi"
WHERE "tb_khg"."id" = \'2\'
GROUP BY "tb_rencana"."tahun", "tb_sub_tindakan_restorasi"."kode_sub_tindakan_restorasi"')
 3 SYSTEMPATH\Database\BaseConnection.php(666): CodeIgniter\Database\Postgre\Connection->execute('SELECT "tb_rencana"."tahun", "tb_sub_tindakan_restorasi"."kode_sub_tindakan_restorasi", "tb_sub_tindakan_restorasi"."nama_sub_tindakan_restorasi", COUNT(tb_alokasi.kode_alokasi) as countalokasi
FROM "tb_khg"
JOIN "tb_sub_khg" ON "tb_sub_khg"."kode_khg"  = "tb_khg"."kode_khg"
JOIN "tb_hru" ON "tb_hru"."kode_sub_khg"  = "tb_sub_khg"."kode_sub_khg"
JOIN "tb_alokasi" ON "tb_alokasi"."kode_hru"  = "tb_hru"."kode_hru"
JOIN "tb_rencana_kegiatan" ON "tb_rencana_kegiatan"."kode_rencana_kegiatan"  = "tb_alokasi"."kode_rencana_kegiatan"
JOIN "tb_rencana" ON "tb_rencana"."kode_rencana"  = "tb_rencana_kegiatan"."kode_rencana"
JOIN "tb_sub_tindakan_restorasi" ON "tb_sub_tindakan_restorasi"."kode_sub_tindakan_restorasi"  = "tb_rencana_kegiatan"."kode_sub_tindakan_restorasi"
WHERE "tb_khg"."id" = \'2\'
GROUP BY "tb_rencana"."tahun", "tb_sub_tindakan_restorasi"."kode_sub_tindakan_restorasi"')
 4 SYSTEMPATH\Database\BaseConnection.php(593): CodeIgniter\Database\BaseConnection->simpleQuery('SELECT "tb_rencana"."tahun", "tb_sub_tindakan_restorasi"."kode_sub_tindakan_restorasi", "tb_sub_tindakan_restorasi"."nama_sub_tindakan_restorasi", COUNT(tb_alokasi.kode_alokasi) as countalokasi
FROM "tb_khg"
JOIN "tb_sub_khg" ON "tb_sub_khg"."kode_khg"  = "tb_khg"."kode_khg"
JOIN "tb_hru" ON "tb_hru"."kode_sub_khg"  = "tb_sub_khg"."kode_sub_khg"
JOIN "tb_alokasi" ON "tb_alokasi"."kode_hru"  = "tb_hru"."kode_hru"
JOIN "tb_rencana_kegiatan" ON "tb_rencana_kegiatan"."kode_rencana_kegiatan"  = "tb_alokasi"."kode_rencana_kegiatan"
JOIN "tb_rencana" ON "tb_rencana"."kode_rencana"  = "tb_rencana_kegiatan"."kode_rencana"
JOIN "tb_sub_tindakan_restorasi" ON "tb_sub_tindakan_restorasi"."kode_sub_tindakan_restorasi"  = "tb_rencana_kegiatan"."kode_sub_tindakan_restorasi"
WHERE "tb_khg"."id" = \'2\'
GROUP BY "tb_rencana"."tahun", "tb_sub_tindakan_restorasi"."kode_sub_tindakan_restorasi"')
 5 SYSTEMPATH\Database\BaseBuilder.php(1585): CodeIgniter\Database\BaseConnection->query('SELECT "tb_rencana"."tahun", "tb_sub_tindakan_restorasi"."kode_sub_tindakan_restorasi", "tb_sub_tindakan_restorasi"."nama_sub_tindakan_restorasi", COUNT(tb_alokasi.kode_alokasi) as countalokasi
FROM "tb_khg"
JOIN "tb_sub_khg" ON "tb_sub_khg"."kode_khg"  = "tb_khg"."kode_khg"
JOIN "tb_hru" ON "tb_hru"."kode_sub_khg"  = "tb_sub_khg"."kode_sub_khg"
JOIN "tb_alokasi" ON "tb_alokasi"."kode_hru"  = "tb_hru"."kode_hru"
JOIN "tb_rencana_kegiatan" ON "tb_rencana_kegiatan"."kode_rencana_kegiatan"  = "tb_alokasi"."kode_rencana_kegiatan"
JOIN "tb_rencana" ON "tb_rencana"."kode_rencana"  = "tb_rencana_kegiatan"."kode_rencana"
JOIN "tb_sub_tindakan_restorasi" ON "tb_sub_tindakan_restorasi"."kode_sub_tindakan_restorasi"  = "tb_rencana_kegiatan"."kode_sub_tindakan_restorasi"
WHERE "tb_khg"."id" = :tb_khg.id:
GROUP BY "tb_rencana"."tahun", "tb_sub_tindakan_restorasi"."kode_sub_tindakan_restorasi"', [...], false)
 6 APPPATH\Controllers\DetailPetaGambut.php(101): CodeIgniter\Database\BaseBuilder->get()
 7 SYSTEMPATH\CodeIgniter.php(927): App\Controllers\DetailPetaGambut->index('2')
 8 SYSTEMPATH\CodeIgniter.php(482): CodeIgniter\CodeIgniter->runController(Object(App\Controllers\DetailPetaGambut))
 9 SYSTEMPATH\CodeIgniter.php(351): CodeIgniter\CodeIgniter->handleRequest(null, Object(Config\Cache), false)
10 FCPATH\index.php(67): CodeIgniter\CodeIgniter->run()
11 SYSTEMPATH\Commands\Server\rewrite.php(46): require_once('FCPATH\\index.php')
ERROR - 2023-12-11 05:02:26 --> ErrorException: pg_query(): Query failed: ERROR:  syntax error at or near &quot;.&quot;
LINE 1: ...&quot;kode_arahan_tindakan&quot; &quot;tb_sub_tindakan_restorasi&quot;.&quot;kode_sub...
                                                             ^ in D:\xampp\htdocs\BRGM\system\Database\Postgre\Connection.php:140
Stack trace:
#0 [internal function]: CodeIgniter\Debug\Exceptions->errorHandler(2, 'pg_query(): Que...', 'D:\\xampp\\htdocs...', 140)
#1 D:\xampp\htdocs\BRGM\system\Database\Postgre\Connection.php(140): pg_query(Resource id #164, 'SELECT "tb_renc...')
#2 D:\xampp\htdocs\BRGM\system\Database\BaseConnection.php(666): CodeIgniter\Database\Postgre\Connection->execute('SELECT "tb_renc...')
#3 D:\xampp\htdocs\BRGM\system\Database\BaseConnection.php(593): CodeIgniter\Database\BaseConnection->simpleQuery('SELECT "tb_renc...')
#4 D:\xampp\htdocs\BRGM\system\Database\BaseBuilder.php(1585): CodeIgniter\Database\BaseConnection->query('SELECT "tb_renc...', Array, false)
#5 D:\xampp\htdocs\BRGM\app\Controllers\DetailPetaGambut.php(103): CodeIgniter\Database\BaseBuilder->get()
#6 D:\xampp\htdocs\BRGM\system\CodeIgniter.php(927): App\Controllers\DetailPetaGambut->index('2')
#7 D:\xampp\htdocs\BRGM\system\CodeIgniter.php(482): CodeIgniter\CodeIgniter->runController(Object(App\Controllers\DetailPetaGambut))
#8 D:\xampp\htdocs\BRGM\system\CodeIgniter.php(351): CodeIgniter\CodeIgniter->handleRequest(NULL, Object(Config\Cache), false)
#9 D:\xampp\htdocs\BRGM\public\index.php(67): CodeIgniter\CodeIgniter->run()
#10 D:\xampp\htdocs\BRGM\system\Commands\Server\rewrite.php(46): require_once('D:\\xampp\\htdocs...')
#11 {main}
CRITICAL - 2023-12-11 05:02:26 --> pg_query(): Query failed: ERROR:  syntax error at or near &quot;.&quot;
LINE 1: ...&quot;kode_arahan_tindakan&quot; &quot;tb_sub_tindakan_restorasi&quot;.&quot;kode_sub...
                                                             ^
in SYSTEMPATH\Database\Postgre\Connection.php on line 140.
 1 [internal function]: CodeIgniter\Debug\Exceptions->errorHandler(2, 'pg_query(): Query failed: ERROR:  syntax error at or near &quot;.&quot;
LINE 1: ...&quot;kode_arahan_tindakan&quot; &quot;tb_sub_tindakan_restorasi&quot;.&quot;kode_sub...
                                                             ^', 'SYSTEMPATH\\Database\\Postgre\\Connection.php', 140)
 2 SYSTEMPATH\Database\Postgre\Connection.php(140): pg_query(resource (pgsql link), 'SELECT "tb_rencana"."tahun", "tb_arahan_tindakan"."kode_arahan_tindakan" "tb_sub_tindakan_restorasi"."kode_sub_tindakan_restorasi", "tb_sub_tindakan_restorasi"."nama_sub_tindakan_restorasi", SUM(tb_alokasi.volume) as countalokasi
FROM "tb_khg"
JOIN "tb_sub_khg" ON "tb_sub_khg"."kode_khg"  = "tb_khg"."kode_khg"
JOIN "tb_hru" ON "tb_hru"."kode_sub_khg"  = "tb_sub_khg"."kode_sub_khg"
JOIN "tb_alokasi" ON "tb_alokasi"."kode_hru"  = "tb_hru"."kode_hru"
JOIN "tb_rencana_kegiatan" ON "tb_rencana_kegiatan"."kode_rencana_kegiatan"  = "tb_alokasi"."kode_rencana_kegiatan"
JOIN "tb_rencana" ON "tb_rencana"."kode_rencana"  = "tb_rencana_kegiatan"."kode_rencana"
JOIN "tb_sub_tindakan_restorasi" ON "tb_sub_tindakan_restorasi"."kode_sub_tindakan_restorasi"  = "tb_rencana_kegiatan"."kode_sub_tindakan_restorasi"
JOIN "tb_tindakan_restorasi" ON "tb_tindakan_restorasi"."kode_tindakan_restorasi"  = "tb_sub_tindakan_restorasi"."kode_tindakan_restorasi"
WHERE "tb_khg"."id" = \'2\'
GROUP BY "tb_rencana"."tahun", "tb_tindakan_restorasi"."kode_tindakan_restorasi", "tb_sub_tindakan_restorasi"."kode_sub_tindakan_restorasi", "tb_sub_tindakan_restorasi"."nama_sub_tindakan_restorasi"')
 3 SYSTEMPATH\Database\BaseConnection.php(666): CodeIgniter\Database\Postgre\Connection->execute('SELECT "tb_rencana"."tahun", "tb_arahan_tindakan"."kode_arahan_tindakan" "tb_sub_tindakan_restorasi"."kode_sub_tindakan_restorasi", "tb_sub_tindakan_restorasi"."nama_sub_tindakan_restorasi", SUM(tb_alokasi.volume) as countalokasi
FROM "tb_khg"
JOIN "tb_sub_khg" ON "tb_sub_khg"."kode_khg"  = "tb_khg"."kode_khg"
JOIN "tb_hru" ON "tb_hru"."kode_sub_khg"  = "tb_sub_khg"."kode_sub_khg"
JOIN "tb_alokasi" ON "tb_alokasi"."kode_hru"  = "tb_hru"."kode_hru"
JOIN "tb_rencana_kegiatan" ON "tb_rencana_kegiatan"."kode_rencana_kegiatan"  = "tb_alokasi"."kode_rencana_kegiatan"
JOIN "tb_rencana" ON "tb_rencana"."kode_rencana"  = "tb_rencana_kegiatan"."kode_rencana"
JOIN "tb_sub_tindakan_restorasi" ON "tb_sub_tindakan_restorasi"."kode_sub_tindakan_restorasi"  = "tb_rencana_kegiatan"."kode_sub_tindakan_restorasi"
JOIN "tb_tindakan_restorasi" ON "tb_tindakan_restorasi"."kode_tindakan_restorasi"  = "tb_sub_tindakan_restorasi"."kode_tindakan_restorasi"
WHERE "tb_khg"."id" = \'2\'
GROUP BY "tb_rencana"."tahun", "tb_tindakan_restorasi"."kode_tindakan_restorasi", "tb_sub_tindakan_restorasi"."kode_sub_tindakan_restorasi", "tb_sub_tindakan_restorasi"."nama_sub_tindakan_restorasi"')
 4 SYSTEMPATH\Database\BaseConnection.php(593): CodeIgniter\Database\BaseConnection->simpleQuery('SELECT "tb_rencana"."tahun", "tb_arahan_tindakan"."kode_arahan_tindakan" "tb_sub_tindakan_restorasi"."kode_sub_tindakan_restorasi", "tb_sub_tindakan_restorasi"."nama_sub_tindakan_restorasi", SUM(tb_alokasi.volume) as countalokasi
FROM "tb_khg"
JOIN "tb_sub_khg" ON "tb_sub_khg"."kode_khg"  = "tb_khg"."kode_khg"
JOIN "tb_hru" ON "tb_hru"."kode_sub_khg"  = "tb_sub_khg"."kode_sub_khg"
JOIN "tb_alokasi" ON "tb_alokasi"."kode_hru"  = "tb_hru"."kode_hru"
JOIN "tb_rencana_kegiatan" ON "tb_rencana_kegiatan"."kode_rencana_kegiatan"  = "tb_alokasi"."kode_rencana_kegiatan"
JOIN "tb_rencana" ON "tb_rencana"."kode_rencana"  = "tb_rencana_kegiatan"."kode_rencana"
JOIN "tb_sub_tindakan_restorasi" ON "tb_sub_tindakan_restorasi"."kode_sub_tindakan_restorasi"  = "tb_rencana_kegiatan"."kode_sub_tindakan_restorasi"
JOIN "tb_tindakan_restorasi" ON "tb_tindakan_restorasi"."kode_tindakan_restorasi"  = "tb_sub_tindakan_restorasi"."kode_tindakan_restorasi"
WHERE "tb_khg"."id" = \'2\'
GROUP BY "tb_rencana"."tahun", "tb_tindakan_restorasi"."kode_tindakan_restorasi", "tb_sub_tindakan_restorasi"."kode_sub_tindakan_restorasi", "tb_sub_tindakan_restorasi"."nama_sub_tindakan_restorasi"')
 5 SYSTEMPATH\Database\BaseBuilder.php(1585): CodeIgniter\Database\BaseConnection->query('SELECT "tb_rencana"."tahun", "tb_arahan_tindakan"."kode_arahan_tindakan" "tb_sub_tindakan_restorasi"."kode_sub_tindakan_restorasi", "tb_sub_tindakan_restorasi"."nama_sub_tindakan_restorasi", SUM(tb_alokasi.volume) as countalokasi
FROM "tb_khg"
JOIN "tb_sub_khg" ON "tb_sub_khg"."kode_khg"  = "tb_khg"."kode_khg"
JOIN "tb_hru" ON "tb_hru"."kode_sub_khg"  = "tb_sub_khg"."kode_sub_khg"
JOIN "tb_alokasi" ON "tb_alokasi"."kode_hru"  = "tb_hru"."kode_hru"
JOIN "tb_rencana_kegiatan" ON "tb_rencana_kegiatan"."kode_rencana_kegiatan"  = "tb_alokasi"."kode_rencana_kegiatan"
JOIN "tb_rencana" ON "tb_rencana"."kode_rencana"  = "tb_rencana_kegiatan"."kode_rencana"
JOIN "tb_sub_tindakan_restorasi" ON "tb_sub_tindakan_restorasi"."kode_sub_tindakan_restorasi"  = "tb_rencana_kegiatan"."kode_sub_tindakan_restorasi"
JOIN "tb_tindakan_restorasi" ON "tb_tindakan_restorasi"."kode_tindakan_restorasi"  = "tb_sub_tindakan_restorasi"."kode_tindakan_restorasi"
WHERE "tb_khg"."id" = :tb_khg.id:
GROUP BY "tb_rencana"."tahun", "tb_tindakan_restorasi"."kode_tindakan_restorasi", "tb_sub_tindakan_restorasi"."kode_sub_tindakan_restorasi", "tb_sub_tindakan_restorasi"."nama_sub_tindakan_restorasi"', [...], false)
 6 APPPATH\Controllers\DetailPetaGambut.php(103): CodeIgniter\Database\BaseBuilder->get()
 7 SYSTEMPATH\CodeIgniter.php(927): App\Controllers\DetailPetaGambut->index('2')
 8 SYSTEMPATH\CodeIgniter.php(482): CodeIgniter\CodeIgniter->runController(Object(App\Controllers\DetailPetaGambut))
 9 SYSTEMPATH\CodeIgniter.php(351): CodeIgniter\CodeIgniter->handleRequest(null, Object(Config\Cache), false)
10 FCPATH\index.php(67): CodeIgniter\CodeIgniter->run()
11 SYSTEMPATH\Commands\Server\rewrite.php(46): require_once('FCPATH\\index.php')
CRITICAL - 2023-12-11 06:26:36 --> Attempt to read property "username" on null
in APPPATH\Views\pages\gambut-detail.php on line 268.
 1 APPPATH\Views\pages\gambut-detail.php(268): CodeIgniter\Debug\Exceptions->errorHandler(2, 'Attempt to read property "username" on null', 'APPPATH\\Views\\pages\\gambut-detail.php', 268)
 2 SYSTEMPATH\View\View.php(213): include('APPPATH\\Views\\pages\\gambut-detail.php')
 3 SYSTEMPATH\View\View.php(216): CodeIgniter\View\View->CodeIgniter\View\{closure}()
 4 SYSTEMPATH\Common.php(1134): CodeIgniter\View\View->render('pages/gambut-detail', [], true)
 5 APPPATH\Controllers\DetailPetaGambut.php(214): view('pages/gambut-detail', [...])
 6 SYSTEMPATH\CodeIgniter.php(927): App\Controllers\DetailPetaGambut->index('5')
 7 SYSTEMPATH\CodeIgniter.php(482): CodeIgniter\CodeIgniter->runController(Object(App\Controllers\DetailPetaGambut))
 8 SYSTEMPATH\CodeIgniter.php(351): CodeIgniter\CodeIgniter->handleRequest(null, Object(Config\Cache), false)
 9 FCPATH\index.php(67): CodeIgniter\CodeIgniter->run()
10 SYSTEMPATH\Commands\Server\rewrite.php(46): require_once('FCPATH\\index.php')
ERROR - 2023-12-11 06:47:43 --> ErrorException: pg_query(): Query failed: ERROR:  column &quot;tb_khg.kode_khg&quot; must appear in the GROUP BY clause or be used in an aggregate function
LINE 1: SELECT &quot;tb_rencana&quot;.&quot;tahun&quot;, &quot;tb_khg&quot;.&quot;kode_khg&quot;, COUNT(tb_a...
                                     ^ in D:\xampp\htdocs\BRGM\system\Database\Postgre\Connection.php:140
Stack trace:
#0 [internal function]: CodeIgniter\Debug\Exceptions->errorHandler(2, 'pg_query(): Que...', 'D:\\xampp\\htdocs...', 140)
#1 D:\xampp\htdocs\BRGM\system\Database\Postgre\Connection.php(140): pg_query(Resource id #163, 'SELECT "tb_renc...')
#2 D:\xampp\htdocs\BRGM\system\Database\BaseConnection.php(666): CodeIgniter\Database\Postgre\Connection->execute('SELECT "tb_renc...')
#3 D:\xampp\htdocs\BRGM\system\Database\BaseConnection.php(593): CodeIgniter\Database\BaseConnection->simpleQuery('SELECT "tb_renc...')
#4 D:\xampp\htdocs\BRGM\system\Database\BaseBuilder.php(1585): CodeIgniter\Database\BaseConnection->query('SELECT "tb_renc...', Array, false)
#5 D:\xampp\htdocs\BRGM\app\Controllers\DetailPetaGambut.php(202): CodeIgniter\Database\BaseBuilder->get()
#6 D:\xampp\htdocs\BRGM\system\CodeIgniter.php(927): App\Controllers\DetailPetaGambut->index('88')
#7 D:\xampp\htdocs\BRGM\system\CodeIgniter.php(482): CodeIgniter\CodeIgniter->runController(Object(App\Controllers\DetailPetaGambut))
#8 D:\xampp\htdocs\BRGM\system\CodeIgniter.php(351): CodeIgniter\CodeIgniter->handleRequest(NULL, Object(Config\Cache), false)
#9 D:\xampp\htdocs\BRGM\public\index.php(67): CodeIgniter\CodeIgniter->run()
#10 D:\xampp\htdocs\BRGM\system\Commands\Server\rewrite.php(46): require_once('D:\\xampp\\htdocs...')
#11 {main}
CRITICAL - 2023-12-11 06:47:43 --> pg_query(): Query failed: ERROR:  column &quot;tb_khg.kode_khg&quot; must appear in the GROUP BY clause or be used in an aggregate function
LINE 1: SELECT &quot;tb_rencana&quot;.&quot;tahun&quot;, &quot;tb_khg&quot;.&quot;kode_khg&quot;, COUNT(tb_a...
                                     ^
in SYSTEMPATH\Database\Postgre\Connection.php on line 140.
 1 [internal function]: CodeIgniter\Debug\Exceptions->errorHandler(2, 'pg_query(): Query failed: ERROR:  column &quot;tb_khg.kode_khg&quot; must appear in the GROUP BY clause or be used in an aggregate function
LINE 1: SELECT &quot;tb_rencana&quot;.&quot;tahun&quot;, &quot;tb_khg&quot;.&quot;kode_khg&quot;, COUNT(tb_a...
                                     ^', 'SYSTEMPATH\\Database\\Postgre\\Connection.php', 140)
 2 SYSTEMPATH\Database\Postgre\Connection.php(140): pg_query(resource (pgsql link), 'SELECT "tb_rencana"."tahun", "tb_khg"."kode_khg", COUNT(tb_alokasi.kode_alokasi) as countalokasi
FROM "tb_khg"
JOIN "tb_sub_khg" ON "tb_sub_khg"."kode_khg"  = "tb_khg"."kode_khg"
JOIN "tb_hru" ON "tb_hru"."kode_sub_khg"  = "tb_sub_khg"."kode_sub_khg"
JOIN "tb_alokasi" ON "tb_alokasi"."kode_hru"  = "tb_hru"."kode_hru"
JOIN "tb_rencana_kegiatan" ON "tb_rencana_kegiatan"."kode_rencana_kegiatan"  = "tb_alokasi"."kode_rencana_kegiatan"
JOIN "tb_rencana" ON "tb_rencana"."kode_rencana"  = "tb_rencana_kegiatan"."kode_rencana"
WHERE "tb_khg"."id" = \'88\'
GROUP BY "tb_rencana"."tahun"')
 3 SYSTEMPATH\Database\BaseConnection.php(666): CodeIgniter\Database\Postgre\Connection->execute('SELECT "tb_rencana"."tahun", "tb_khg"."kode_khg", COUNT(tb_alokasi.kode_alokasi) as countalokasi
FROM "tb_khg"
JOIN "tb_sub_khg" ON "tb_sub_khg"."kode_khg"  = "tb_khg"."kode_khg"
JOIN "tb_hru" ON "tb_hru"."kode_sub_khg"  = "tb_sub_khg"."kode_sub_khg"
JOIN "tb_alokasi" ON "tb_alokasi"."kode_hru"  = "tb_hru"."kode_hru"
JOIN "tb_rencana_kegiatan" ON "tb_rencana_kegiatan"."kode_rencana_kegiatan"  = "tb_alokasi"."kode_rencana_kegiatan"
JOIN "tb_rencana" ON "tb_rencana"."kode_rencana"  = "tb_rencana_kegiatan"."kode_rencana"
WHERE "tb_khg"."id" = \'88\'
GROUP BY "tb_rencana"."tahun"')
 4 SYSTEMPATH\Database\BaseConnection.php(593): CodeIgniter\Database\BaseConnection->simpleQuery('SELECT "tb_rencana"."tahun", "tb_khg"."kode_khg", COUNT(tb_alokasi.kode_alokasi) as countalokasi
FROM "tb_khg"
JOIN "tb_sub_khg" ON "tb_sub_khg"."kode_khg"  = "tb_khg"."kode_khg"
JOIN "tb_hru" ON "tb_hru"."kode_sub_khg"  = "tb_sub_khg"."kode_sub_khg"
JOIN "tb_alokasi" ON "tb_alokasi"."kode_hru"  = "tb_hru"."kode_hru"
JOIN "tb_rencana_kegiatan" ON "tb_rencana_kegiatan"."kode_rencana_kegiatan"  = "tb_alokasi"."kode_rencana_kegiatan"
JOIN "tb_rencana" ON "tb_rencana"."kode_rencana"  = "tb_rencana_kegiatan"."kode_rencana"
WHERE "tb_khg"."id" = \'88\'
GROUP BY "tb_rencana"."tahun"')
 5 SYSTEMPATH\Database\BaseBuilder.php(1585): CodeIgniter\Database\BaseConnection->query('SELECT "tb_rencana"."tahun", "tb_khg"."kode_khg", COUNT(tb_alokasi.kode_alokasi) as countalokasi
FROM "tb_khg"
JOIN "tb_sub_khg" ON "tb_sub_khg"."kode_khg"  = "tb_khg"."kode_khg"
JOIN "tb_hru" ON "tb_hru"."kode_sub_khg"  = "tb_sub_khg"."kode_sub_khg"
JOIN "tb_alokasi" ON "tb_alokasi"."kode_hru"  = "tb_hru"."kode_hru"
JOIN "tb_rencana_kegiatan" ON "tb_rencana_kegiatan"."kode_rencana_kegiatan"  = "tb_alokasi"."kode_rencana_kegiatan"
JOIN "tb_rencana" ON "tb_rencana"."kode_rencana"  = "tb_rencana_kegiatan"."kode_rencana"
WHERE "tb_khg"."id" = :tb_khg.id:
GROUP BY "tb_rencana"."tahun"', [...], false)
 6 APPPATH\Controllers\DetailPetaGambut.php(202): CodeIgniter\Database\BaseBuilder->get()
 7 SYSTEMPATH\CodeIgniter.php(927): App\Controllers\DetailPetaGambut->index('88')
 8 SYSTEMPATH\CodeIgniter.php(482): CodeIgniter\CodeIgniter->runController(Object(App\Controllers\DetailPetaGambut))
 9 SYSTEMPATH\CodeIgniter.php(351): CodeIgniter\CodeIgniter->handleRequest(null, Object(Config\Cache), false)
10 FCPATH\index.php(67): CodeIgniter\CodeIgniter->run()
11 SYSTEMPATH\Commands\Server\rewrite.php(46): require_once('FCPATH\\index.php')
CRITICAL - 2023-12-11 07:07:33 --> Attempt to read property "username" on null
in APPPATH\Views\pages\gambut-detail.php on line 268.
 1 APPPATH\Views\pages\gambut-detail.php(268): CodeIgniter\Debug\Exceptions->errorHandler(2, 'Attempt to read property "username" on null', 'APPPATH\\Views\\pages\\gambut-detail.php', 268)
 2 SYSTEMPATH\View\View.php(213): include('APPPATH\\Views\\pages\\gambut-detail.php')
 3 SYSTEMPATH\View\View.php(216): CodeIgniter\View\View->CodeIgniter\View\{closure}()
 4 SYSTEMPATH\Common.php(1134): CodeIgniter\View\View->render('pages/gambut-detail', [], true)
 5 APPPATH\Controllers\DetailPetaGambut.php(227): view('pages/gambut-detail', [...])
 6 SYSTEMPATH\CodeIgniter.php(927): App\Controllers\DetailPetaGambut->index('88')
 7 SYSTEMPATH\CodeIgniter.php(482): CodeIgniter\CodeIgniter->runController(Object(App\Controllers\DetailPetaGambut))
 8 SYSTEMPATH\CodeIgniter.php(351): CodeIgniter\CodeIgniter->handleRequest(null, Object(Config\Cache), false)
 9 FCPATH\index.php(67): CodeIgniter\CodeIgniter->run()
10 SYSTEMPATH\Commands\Server\rewrite.php(46): require_once('FCPATH\\index.php')
CRITICAL - 2023-12-11 07:23:42 --> Undefined array key "sumalokasi"
in APPPATH\Controllers\DetailPetaGambut.php on line 212.
 1 APPPATH\Controllers\DetailPetaGambut.php(212): CodeIgniter\Debug\Exceptions->errorHandler(2, 'Undefined array key "sumalokasi"', 'APPPATH\\Controllers\\DetailPetaGambut.php', 212)
 2 SYSTEMPATH\CodeIgniter.php(927): App\Controllers\DetailPetaGambut->index('88')
 3 SYSTEMPATH\CodeIgniter.php(482): CodeIgniter\CodeIgniter->runController(Object(App\Controllers\DetailPetaGambut))
 4 SYSTEMPATH\CodeIgniter.php(351): CodeIgniter\CodeIgniter->handleRequest(null, Object(Config\Cache), false)
 5 FCPATH\index.php(67): CodeIgniter\CodeIgniter->run()
 6 SYSTEMPATH\Commands\Server\rewrite.php(46): require_once('FCPATH\\index.php')
CRITICAL - 2023-12-11 07:42:05 --> Anda tidak memiliki izin yang memadai untuk mengakses halaman itu.
in VENDORPATH\myth\auth\src\Filters\RoleFilter.php on line 45.
 1 SYSTEMPATH\Filters\Filters.php(173): Myth\Auth\Filters\RoleFilter->before(Object(CodeIgniter\HTTP\IncomingRequest), [...])
 2 SYSTEMPATH\CodeIgniter.php(455): CodeIgniter\Filters\Filters->run('admin/pengguna', 'before')
 3 SYSTEMPATH\CodeIgniter.php(351): CodeIgniter\CodeIgniter->handleRequest(null, Object(Config\Cache), false)
 4 FCPATH\index.php(67): CodeIgniter\CodeIgniter->run()
 5 SYSTEMPATH\Commands\Server\rewrite.php(46): require_once('FCPATH\\index.php')
CRITICAL - 2023-12-11 07:42:09 --> Anda tidak memiliki izin yang memadai untuk mengakses halaman itu.
in VENDORPATH\myth\auth\src\Filters\RoleFilter.php on line 45.
 1 SYSTEMPATH\Filters\Filters.php(173): Myth\Auth\Filters\RoleFilter->before(Object(CodeIgniter\HTTP\IncomingRequest), [...])
 2 SYSTEMPATH\CodeIgniter.php(455): CodeIgniter\Filters\Filters->run('admin/pengguna', 'before')
 3 SYSTEMPATH\CodeIgniter.php(351): CodeIgniter\CodeIgniter->handleRequest(null, Object(Config\Cache), false)
 4 FCPATH\index.php(67): CodeIgniter\CodeIgniter->run()
 5 SYSTEMPATH\Commands\Server\rewrite.php(46): require_once('FCPATH\\index.php')
