ERROR - 2023-11-16 09:43:26 --> Kode provinsi tidak ditemukan di tabel referensi: 12
ERROR - 2023-11-16 09:43:26 --> Kode provinsi tidak ditemukan di tabel referensi: 12
ERROR - 2023-11-16 10:04:36 --> Kode kabupaten/kota tidak ditemukan di tabel referensi: 12.10
ERROR - 2023-11-16 10:04:36 --> Kode kabupaten/kota tidak ditemukan di tabel referensi: 12.10
ERROR - 2023-11-16 10:04:36 --> Kode kabupaten/kota tidak ditemukan di tabel referensi: 12.10
ERROR - 2023-11-16 10:04:36 --> Kode kabupaten/kota tidak ditemukan di tabel referensi: 12.22
ERROR - 2023-11-16 10:04:36 --> Kode kabupaten/kota tidak ditemukan di tabel referensi: 12.22
ERROR - 2023-11-16 10:05:19 --> Kode kecamatan tidak ditemukan di tabel referensi: 12.10.18
ERROR - 2023-11-16 10:05:19 --> Kode kecamatan tidak ditemukan di tabel referensi: 12.10.18
ERROR - 2023-11-16 10:05:19 --> Kode kecamatan tidak ditemukan di tabel referensi: 12.10.18
ERROR - 2023-11-16 10:05:19 --> Kode kecamatan tidak ditemukan di tabel referensi: 12.10.18
ERROR - 2023-11-16 10:05:19 --> Kode kecamatan tidak ditemukan di tabel referensi: 12.10.18
ERROR - 2023-11-16 10:05:19 --> Kode kecamatan tidak ditemukan di tabel referensi: 12.10.18
ERROR - 2023-11-16 10:05:19 --> Kode kecamatan tidak ditemukan di tabel referensi: 12.10.18
ERROR - 2023-11-16 10:05:19 --> Kode kecamatan tidak ditemukan di tabel referensi: 12.10.18
ERROR - 2023-11-16 10:05:19 --> Kode kecamatan tidak ditemukan di tabel referensi: 12.10.18
ERROR - 2023-11-16 10:05:19 --> Kode kecamatan tidak ditemukan di tabel referensi: 12.10.18
ERROR - 2023-11-16 10:05:19 --> Kode kecamatan tidak ditemukan di tabel referensi: 12.10.19
ERROR - 2023-11-16 10:05:19 --> Kode kecamatan tidak ditemukan di tabel referensi: 12.10.19
ERROR - 2023-11-16 10:05:19 --> Kode kecamatan tidak ditemukan di tabel referensi: 12.10.19
ERROR - 2023-11-16 10:05:19 --> Kode kecamatan tidak ditemukan di tabel referensi: 12.10.19
ERROR - 2023-11-16 10:05:19 --> Kode kecamatan tidak ditemukan di tabel referensi: 12.10.19
ERROR - 2023-11-16 10:05:19 --> Kode kecamatan tidak ditemukan di tabel referensi: 12.10.19
ERROR - 2023-11-16 10:05:19 --> Kode kecamatan tidak ditemukan di tabel referensi: 12.10.19
ERROR - 2023-11-16 10:05:19 --> Kode kecamatan tidak ditemukan di tabel referensi: 12.10.20
ERROR - 2023-11-16 10:05:19 --> Kode kecamatan tidak ditemukan di tabel referensi: 12.22.02
ERROR - 2023-11-16 10:05:19 --> Kode kecamatan tidak ditemukan di tabel referensi: 12.22.02
ERROR - 2023-11-16 10:05:19 --> Kode kecamatan tidak ditemukan di tabel referensi: 12.22.02
ERROR - 2023-11-16 10:05:19 --> Kode kecamatan tidak ditemukan di tabel referensi: 12.22.02
ERROR - 2023-11-16 10:05:19 --> Kode kecamatan tidak ditemukan di tabel referensi: 12.22.02
ERROR - 2023-11-16 10:05:19 --> Kode kecamatan tidak ditemukan di tabel referensi: 12.22.02
ERROR - 2023-11-16 10:05:19 --> Kode kecamatan tidak ditemukan di tabel referensi: 12.22.02
ERROR - 2023-11-16 10:05:19 --> Kode kecamatan tidak ditemukan di tabel referensi: 12.22.02
ERROR - 2023-11-16 10:05:19 --> Kode kecamatan tidak ditemukan di tabel referensi: 12.22.02
ERROR - 2023-11-16 10:05:19 --> Kode kecamatan tidak ditemukan di tabel referensi: 12.22.03
ERROR - 2023-11-16 10:05:19 --> Kode kecamatan tidak ditemukan di tabel referensi: 12.22.03
ERROR - 2023-11-16 10:05:20 --> Kode kecamatan tidak ditemukan di tabel referensi: 15.07.00
ERROR - 2023-11-16 10:05:23 --> Kode kecamatan tidak ditemukan di tabel referensi: 63.11.00
ERROR - 2023-11-16 10:05:23 --> Kode kecamatan tidak ditemukan di tabel referensi: 63.72.06
ERROR - 2023-11-16 10:05:23 --> Kode kecamatan tidak ditemukan di tabel referensi: 63.03.04
ERROR - 2023-11-16 10:05:23 --> Kode kecamatan tidak ditemukan di tabel referensi: 15.02.15
ERROR - 2023-11-16 10:05:23 --> Kode kecamatan sudah ada di database: 14.07.04.2005
ERROR - 2023-11-16 12:48:30 --> Kode kecamatan tidak ditemukan di tabel referensi: 15.07.00
ERROR - 2023-11-16 12:48:31 --> Kode kecamatan tidak ditemukan di tabel referensi: 63.11.00
ERROR - 2023-11-16 12:48:31 --> Kode kecamatan tidak ditemukan di tabel referensi: 63.72.06
ERROR - 2023-11-16 12:48:31 --> Kode kecamatan tidak ditemukan di tabel referensi: 63.03.04
ERROR - 2023-11-16 12:48:31 --> Kode kecamatan tidak ditemukan di tabel referensi: 15.02.15
ERROR - 2023-11-16 12:48:31 --> Kode kecamatan sudah ada di database: 14.07.04.2005
ERROR - 2023-11-16 14:07:34 --> ErrorException: pg_query(): Query failed: ERROR:  value too long for type character varying(100) in D:\xampp\htdocs\BRGM\system\Database\Postgre\Connection.php:140
Stack trace:
#0 [internal function]: CodeIgniter\Debug\Exceptions->errorHandler(2, 'pg_query(): Que...', 'D:\\xampp\\htdocs...', 140)
#1 D:\xampp\htdocs\BRGM\system\Database\Postgre\Connection.php(140): pg_query(Resource id #173, 'INSERT INTO "tb...')
#2 D:\xampp\htdocs\BRGM\system\Database\BaseConnection.php(666): CodeIgniter\Database\Postgre\Connection->execute('INSERT INTO "tb...')
#3 D:\xampp\htdocs\BRGM\system\Database\BaseConnection.php(593): CodeIgniter\Database\BaseConnection->simpleQuery('INSERT INTO "tb...')
#4 D:\xampp\htdocs\BRGM\system\Database\BaseBuilder.php(1916): CodeIgniter\Database\BaseConnection->query('INSERT INTO "tb...', Array, false)
#5 D:\xampp\htdocs\BRGM\system\Model.php(279): CodeIgniter\Database\BaseBuilder->insert()
#6 D:\xampp\htdocs\BRGM\system\BaseModel.php(749): CodeIgniter\Model->doInsert(Array)
#7 D:\xampp\htdocs\BRGM\system\Model.php(667): CodeIgniter\BaseModel->insert(Array, true)
#8 D:\xampp\htdocs\BRGM\app\Controllers\AdmGambutKelembagaan.php(328): CodeIgniter\Model->insert(Array)
#9 D:\xampp\htdocs\BRGM\system\CodeIgniter.php(927): App\Controllers\AdmGambutKelembagaan->upload_pelaksana()
#10 D:\xampp\htdocs\BRGM\system\CodeIgniter.php(482): CodeIgniter\CodeIgniter->runController(Object(App\Controllers\AdmGambutKelembagaan))
#11 D:\xampp\htdocs\BRGM\system\CodeIgniter.php(351): CodeIgniter\CodeIgniter->handleRequest(NULL, Object(Config\Cache), false)
#12 D:\xampp\htdocs\BRGM\public\index.php(67): CodeIgniter\CodeIgniter->run()
#13 D:\xampp\htdocs\BRGM\system\Commands\Server\rewrite.php(46): require_once('D:\\xampp\\htdocs...')
#14 {main}
CRITICAL - 2023-11-16 14:07:34 --> pg_query(): Query failed: ERROR:  value too long for type character varying(100)
in SYSTEMPATH\Database\Postgre\Connection.php on line 140.
 1 [internal function]: CodeIgniter\Debug\Exceptions->errorHandler(2, 'pg_query(): Query failed: ERROR:  value too long for type character varying(100)', 'SYSTEMPATH\\Database\\Postgre\\Connection.php', 140)
 2 SYSTEMPATH\Database\Postgre\Connection.php(140): pg_query(resource (pgsql link), 'INSERT INTO "tb_pelaksana" ("kode_pelaksana", "jenis", "nama", "pj", "tlpn", "alamat", "kode_prov") VALUES (\'2.TRIPUPAJAYA.15\', \'SWASTA\', \'PT Tri Pupajaya\', \'-\', \'-\', \'Jl. Demang Lebar Daun No.9, Demang Lebar Daun, Kec. Ilir Bar. I, Kota Palembang, Sumatera Selatan 30151\', \'15\')')
 3 SYSTEMPATH\Database\BaseConnection.php(666): CodeIgniter\Database\Postgre\Connection->execute('INSERT INTO "tb_pelaksana" ("kode_pelaksana", "jenis", "nama", "pj", "tlpn", "alamat", "kode_prov") VALUES (\'2.TRIPUPAJAYA.15\', \'SWASTA\', \'PT Tri Pupajaya\', \'-\', \'-\', \'Jl. Demang Lebar Daun No.9, Demang Lebar Daun, Kec. Ilir Bar. I, Kota Palembang, Sumatera Selatan 30151\', \'15\')')
 4 SYSTEMPATH\Database\BaseConnection.php(593): CodeIgniter\Database\BaseConnection->simpleQuery('INSERT INTO "tb_pelaksana" ("kode_pelaksana", "jenis", "nama", "pj", "tlpn", "alamat", "kode_prov") VALUES (\'2.TRIPUPAJAYA.15\', \'SWASTA\', \'PT Tri Pupajaya\', \'-\', \'-\', \'Jl. Demang Lebar Daun No.9, Demang Lebar Daun, Kec. Ilir Bar. I, Kota Palembang, Sumatera Selatan 30151\', \'15\')')
 5 SYSTEMPATH\Database\BaseBuilder.php(1916): CodeIgniter\Database\BaseConnection->query('INSERT INTO "tb_pelaksana" ("kode_pelaksana", "jenis", "nama", "pj", "tlpn", "alamat", "kode_prov") VALUES (:kode_pelaksana:, :jenis:, :nama:, :pj:, :tlpn:, :alamat:, :kode_prov:)', [...], false)
 6 SYSTEMPATH\Model.php(279): CodeIgniter\Database\BaseBuilder->insert()
 7 SYSTEMPATH\BaseModel.php(749): CodeIgniter\Model->doInsert([...])
 8 SYSTEMPATH\Model.php(667): CodeIgniter\BaseModel->insert([...], true)
 9 APPPATH\Controllers\AdmGambutKelembagaan.php(328): CodeIgniter\Model->insert([...])
10 SYSTEMPATH\CodeIgniter.php(927): App\Controllers\AdmGambutKelembagaan->upload_pelaksana()
11 SYSTEMPATH\CodeIgniter.php(482): CodeIgniter\CodeIgniter->runController(Object(App\Controllers\AdmGambutKelembagaan))
12 SYSTEMPATH\CodeIgniter.php(351): CodeIgniter\CodeIgniter->handleRequest(null, Object(Config\Cache), false)
13 FCPATH\index.php(67): CodeIgniter\CodeIgniter->run()
14 SYSTEMPATH\Commands\Server\rewrite.php(46): require_once('FCPATH\\index.php')
ERROR - 2023-11-16 14:08:29 --> Kode UPRG sudah ada di database: 1.PEMDA.15
ERROR - 2023-11-16 14:08:29 --> Kode UPRG sudah ada di database: 2.KOPERASIKDA.15
ERROR - 2023-11-16 14:08:29 --> Kode UPRG sudah ada di database: 2.ERAMITRA.15
ERROR - 2023-11-16 14:09:10 --> Kode KHG tidak ditemukan di tabel referensi: KHG.15-16.01
ERROR - 2023-11-16 14:09:10 --> Kode KHG tidak ditemukan di tabel referensi: KHG.15-16.01
ERROR - 2023-11-16 14:09:10 --> Kode KHG tidak ditemukan di tabel referensi: KHG.15-16.01
ERROR - 2023-11-16 14:09:10 --> Kode KHG tidak ditemukan di tabel referensi: KHG.15-16.01
ERROR - 2023-11-16 14:09:10 --> Kode KHG tidak ditemukan di tabel referensi: KHG.91.01.06
ERROR - 2023-11-16 14:09:10 --> Kode KHG tidak ditemukan di tabel referensi: KHG.61.12.06
ERROR - 2023-11-16 14:09:10 --> Kode KHG tidak ditemukan di tabel referensi: KHG.63.07-08-11.01
ERROR - 2023-11-16 14:09:10 --> Kode KHG tidak ditemukan di tabel referensi: KHG.63.07-08-11.01
ERROR - 2023-11-16 14:09:10 --> Kode KHG tidak ditemukan di tabel referensi: KHG.63.07-08-11.01
ERROR - 2023-11-16 14:09:10 --> Kode KHG tidak ditemukan di tabel referensi: KHG.14.07.03
ERROR - 2023-11-16 14:09:10 --> Kode KHG tidak ditemukan di tabel referensi: KHG.63.04-05-06-08.01
ERROR - 2023-11-16 14:09:10 --> Kode KHG tidak ditemukan di tabel referensi: KHG.12-14.01
ERROR - 2023-11-16 14:09:10 --> Kode KHG tidak ditemukan di tabel referensi: KHG.12-14.01
ERROR - 2023-11-16 14:09:10 --> Kode KHG tidak ditemukan di tabel referensi: KHG.12-14.01
ERROR - 2023-11-16 14:09:10 --> Kode KHG tidak ditemukan di tabel referensi: KHG.12-14.01
ERROR - 2023-11-16 14:09:10 --> Kode KHG tidak ditemukan di tabel referensi: KHG.12-14.01
ERROR - 2023-11-16 14:09:10 --> Kode KHG tidak ditemukan di tabel referensi: KHG.14-15.01
ERROR - 2023-11-16 14:09:10 --> Kode KHG tidak ditemukan di tabel referensi: KHG.14-15.01
ERROR - 2023-11-16 14:09:10 --> Kode KHG tidak ditemukan di tabel referensi: KHG.15.05-07.01
ERROR - 2023-11-16 14:09:10 --> Kode KHG tidak ditemukan di tabel referensi: KHG.15.05-07.01
ERROR - 2023-11-16 14:09:10 --> Kode KHG tidak ditemukan di tabel referensi: KHG.15.05.01
ERROR - 2023-11-16 14:09:10 --> Kode KHG tidak ditemukan di tabel referensi: KHG.15.06.02
ERROR - 2023-11-16 14:09:10 --> Kode KHG tidak ditemukan di tabel referensi: KHG.15.06.02
ERROR - 2023-11-16 14:09:10 --> Kode KHG tidak ditemukan di tabel referensi: KHG.15.06.02
ERROR - 2023-11-16 14:09:10 --> Kode KHG tidak ditemukan di tabel referensi: KHG.16.06-07.04
ERROR - 2023-11-16 14:09:10 --> Kode KHG tidak ditemukan di tabel referensi: KHG.15.06-07.01
ERROR - 2023-11-16 14:09:10 --> Kode KHG tidak ditemukan di tabel referensi: KHG.15.06-07.01
ERROR - 2023-11-16 14:09:10 --> Kode KHG tidak ditemukan di tabel referensi: KHG.15.06-07.01
ERROR - 2023-11-16 14:09:10 --> Kode KHG tidak ditemukan di tabel referensi: KHG.15.06-07.01
ERROR - 2023-11-16 14:09:10 --> Kode KHG tidak ditemukan di tabel referensi: KHG.62.01-07.02
ERROR - 2023-11-16 14:09:10 --> Kode KHG tidak ditemukan di tabel referensi: KHG.62.01-07.02
ERROR - 2023-11-16 14:09:10 --> Kode KHG tidak ditemukan di tabel referensi: KHG.62.01-07.01
ERROR - 2023-11-16 14:09:10 --> Kode KHG tidak ditemukan di tabel referensi: KHG.62.01-07.01
ERROR - 2023-11-16 14:09:10 --> Kode KHG tidak ditemukan di tabel referensi: KHG.62.01-07.01
ERROR - 2023-11-16 14:09:10 --> Kode KHG tidak ditemukan di tabel referensi: KHG.62.01-07.01
ERROR - 2023-11-16 14:09:10 --> Kode KHG tidak ditemukan di tabel referensi: KHG.62.01-07.01
ERROR - 2023-11-16 14:09:10 --> Kode KHG tidak ditemukan di tabel referensi: KHG.16.02.05
ERROR - 2023-11-16 14:09:10 --> Kode KHG tidak ditemukan di tabel referensi: KHG.16.02.05
ERROR - 2023-11-16 14:09:10 --> Kode KHG tidak ditemukan di tabel referensi: KHG.91.18-17.01
ERROR - 2023-11-16 14:09:10 --> Kode KHG tidak ditemukan di tabel referensi: KHG.91.18-17.01
ERROR - 2023-11-16 14:09:10 --> Kode KHG tidak ditemukan di tabel referensi: KHG.91.18-17.01
ERROR - 2023-11-16 14:09:10 --> Kode KHG tidak ditemukan di tabel referensi: KHG.91.18-17.01
ERROR - 2023-11-16 14:09:10 --> Kode KHG tidak ditemukan di tabel referensi: KHG.91.17.04
ERROR - 2023-11-16 14:09:10 --> Kode KHG tidak ditemukan di tabel referensi: KHG.16.02.08
ERROR - 2023-11-16 14:09:10 --> Kode KHG tidak ditemukan di tabel referensi: KHG.16.02.08
ERROR - 2023-11-16 14:09:10 --> Kode KHG tidak ditemukan di tabel referensi: KHG.16.02.08
ERROR - 2023-11-16 14:09:10 --> Kode KHG tidak ditemukan di tabel referensi: KHG.61.11-04.01
ERROR - 2023-11-16 14:09:10 --> Kode KHG tidak ditemukan di tabel referensi: KHG.61.11-04.01
ERROR - 2023-11-16 14:09:10 --> Kode KHG tidak ditemukan di tabel referensi: KHG.61.11-04.01
ERROR - 2023-11-16 14:09:10 --> Kode KHG tidak ditemukan di tabel referensi: KHG.61.11-04.01
ERROR - 2023-11-16 14:09:10 --> Kode KHG tidak ditemukan di tabel referensi: KHG.61.12.09
ERROR - 2023-11-16 14:09:10 --> Kode KHG tidak ditemukan di tabel referensi: KHG.14.04.11
ERROR - 2023-11-16 14:09:10 --> Kode KHG tidak ditemukan di tabel referensi: KHG.14.04.11
ERROR - 2023-11-16 14:09:10 --> Kode KHG tidak ditemukan di tabel referensi: KHG.14.02-04.01
ERROR - 2023-11-16 14:09:10 --> Kode KHG tidak ditemukan di tabel referensi: KHG.14.02-04.01
ERROR - 2023-11-16 14:09:10 --> Kode KHG tidak ditemukan di tabel referensi: KHG.14.02-04.01
ERROR - 2023-11-16 14:09:10 --> Kode KHG tidak ditemukan di tabel referensi: KHG.14.05.07
ERROR - 2023-11-16 14:09:10 --> Kode KHG tidak ditemukan di tabel referensi: KHG.14.05.07
ERROR - 2023-11-16 14:09:10 --> Kode KHG tidak ditemukan di tabel referensi: KHG.14.05.07
ERROR - 2023-11-16 14:09:10 --> Kode KHG tidak ditemukan di tabel referensi: KHG.14.05.07
ERROR - 2023-11-16 14:09:10 --> Kode KHG tidak ditemukan di tabel referensi: KHG.14.05.07
ERROR - 2023-11-16 14:09:10 --> Kode KHG tidak ditemukan di tabel referensi: KHG.91.01.07
ERROR - 2023-11-16 14:09:10 --> Kode KHG tidak ditemukan di tabel referensi: KHG.14.02.04
ERROR - 2023-11-16 14:09:10 --> Kode KHG tidak ditemukan di tabel referensi: KHG.14.02.04
ERROR - 2023-11-16 14:09:10 --> Kode KHG tidak ditemukan di tabel referensi: KHG.91.17.08
ERROR - 2023-11-16 14:09:10 --> Kode KHG tidak ditemukan di tabel referensi: KHG.91.17.08
ERROR - 2023-11-16 14:09:10 --> Kode KHG tidak ditemukan di tabel referensi: KHG.91.17.08
ERROR - 2023-11-16 14:09:10 --> Kode KHG tidak ditemukan di tabel referensi: KHG.91.17.08
ERROR - 2023-11-16 14:09:10 --> Kode KHG tidak ditemukan di tabel referensi: KHG.62.03-11.01
ERROR - 2023-11-16 14:09:10 --> Kode KHG tidak ditemukan di tabel referensi: KHG.62.11-14.02
ERROR - 2023-11-16 14:09:10 --> Kode KHG tidak ditemukan di tabel referensi: KHG.62.11-14.02
ERROR - 2023-11-16 14:09:10 --> Kode KHG tidak ditemukan di tabel referensi: KHG.62.11-14.02
ERROR - 2023-11-16 14:09:10 --> Kode KHG tidak ditemukan di tabel referensi: KHG.62.11-14.02
ERROR - 2023-11-16 14:09:10 --> Kode KHG tidak ditemukan di tabel referensi: KHG.62.11-14.02
ERROR - 2023-11-16 14:09:10 --> Kode KHG tidak ditemukan di tabel referensi: KHG.62.11-14.02
ERROR - 2023-11-16 14:09:10 --> Kode KHG tidak ditemukan di tabel referensi: KHG.62.11-14.02
ERROR - 2023-11-16 14:09:10 --> Kode KHG tidak ditemukan di tabel referensi: KHG.62.11-14.02
ERROR - 2023-11-16 14:09:10 --> Kode KHG tidak ditemukan di tabel referensi: KHG.62.11-14.02
ERROR - 2023-11-16 14:09:10 --> Kode KHG tidak ditemukan di tabel referensi: KHG.62.11-14.02
ERROR - 2023-11-16 14:09:10 --> Kode KHG tidak ditemukan di tabel referensi: KHG.62.11-14.02
ERROR - 2023-11-16 14:09:10 --> Kode KHG tidak ditemukan di tabel referensi: KHG.62.11-14.02
ERROR - 2023-11-16 14:09:10 --> Kode KHG tidak ditemukan di tabel referensi: KHG.62.11-14.02
ERROR - 2023-11-16 14:09:10 --> Kode KHG tidak ditemukan di tabel referensi: KHG.62.11-14.02
ERROR - 2023-11-16 14:09:10 --> Kode KHG tidak ditemukan di tabel referensi: KHG.62.11-14.02
ERROR - 2023-11-16 14:09:10 --> Kode KHG tidak ditemukan di tabel referensi: KHG.62.11-14.02
ERROR - 2023-11-16 14:09:10 --> Kode KHG tidak ditemukan di tabel referensi: KHG.16.05.02
ERROR - 2023-11-16 14:09:10 --> Kode KHG tidak ditemukan di tabel referensi: KHG.14.02-04-05.01
ERROR - 2023-11-16 14:09:10 --> Kode KHG tidak ditemukan di tabel referensi: KHG.14.02-04-05.01
ERROR - 2023-11-16 14:09:10 --> Kode KHG tidak ditemukan di tabel referensi: KHG.14.02-04-05.01
ERROR - 2023-11-16 14:09:10 --> Kode KHG tidak ditemukan di tabel referensi: KHG.61.71-12-03.01
ERROR - 2023-11-16 14:09:10 --> Kode KHG tidak ditemukan di tabel referensi: KHG.61.71-12-03.01
ERROR - 2023-11-16 14:09:10 --> Kode KHG tidak ditemukan di tabel referensi: KHG.61.71-12-03.01
ERROR - 2023-11-16 14:09:10 --> Kode KHG tidak ditemukan di tabel referensi: KHG.61.71-12-03.01
ERROR - 2023-11-16 14:09:10 --> Kode KHG tidak ditemukan di tabel referensi: KHG.61.71-12-03.01
ERROR - 2023-11-16 14:09:10 --> Kode KHG tidak ditemukan di tabel referensi: KHG.62.03-04.01
ERROR - 2023-11-16 14:09:10 --> Kode KHG tidak ditemukan di tabel referensi: KHG.62.03-04.01
ERROR - 2023-11-16 14:09:10 --> Kode KHG tidak ditemukan di tabel referensi: KHG.62.03-04.01
ERROR - 2023-11-16 14:09:10 --> Kode KHG tidak ditemukan di tabel referensi: KHG.61.02-08-12-71.01
ERROR - 2023-11-16 14:09:10 --> Kode KHG tidak ditemukan di tabel referensi: KHG.62.02-06.01
ERROR - 2023-11-16 14:09:10 --> Kode KHG tidak ditemukan di tabel referensi: KHG.62.06-11-14.01
ERROR - 2023-11-16 14:09:10 --> Kode KHG tidak ditemukan di tabel referensi: KHG.61.04.09
ERROR - 2023-11-16 14:09:10 --> Kode KHG tidak ditemukan di tabel referensi: KHG.14.01-05-11.01
ERROR - 2023-11-16 14:09:10 --> Kode KHG tidak ditemukan di tabel referensi: KHG.14.01-05-11.01
ERROR - 2023-11-16 14:09:10 --> Kode KHG tidak ditemukan di tabel referensi: KHG.14.01-05-11.01
ERROR - 2023-11-16 14:09:10 --> Kode KHG tidak ditemukan di tabel referensi: KHG.14.01-05-11.01
ERROR - 2023-11-16 14:09:10 --> Kode KHG tidak ditemukan di tabel referensi: KHG.14.01-05-11.01
ERROR - 2023-11-16 14:09:10 --> Kode KHG tidak ditemukan di tabel referensi: KHG.14.05.05
ERROR - 2023-11-16 14:09:10 --> Kode KHG tidak ditemukan di tabel referensi: KHG.14.05.05
ERROR - 2023-11-16 14:09:10 --> Kode KHG tidak ditemukan di tabel referensi: KHG.14.05.05
ERROR - 2023-11-16 14:09:10 --> Kode KHG tidak ditemukan di tabel referensi: KHG.14.05.05
ERROR - 2023-11-16 14:09:10 --> Kode KHG tidak ditemukan di tabel referensi: KHG.14.05.05
ERROR - 2023-11-16 14:09:10 --> Kode KHG tidak ditemukan di tabel referensi: KHG.91.18-17.02
ERROR - 2023-11-16 14:09:10 --> Kode KHG tidak ditemukan di tabel referensi: KHG.91.18-17.02
ERROR - 2023-11-16 14:09:10 --> Kode KHG tidak ditemukan di tabel referensi: KHG.91.18-17.02
ERROR - 2023-11-16 14:09:10 --> Kode KHG tidak ditemukan di tabel referensi: KHG.91.18-17.02
ERROR - 2023-11-16 14:09:10 --> Kode KHG tidak ditemukan di tabel referensi: KHG.15-16.02
ERROR - 2023-11-16 14:09:10 --> Kode KHG tidak ditemukan di tabel referensi: KHG.15-16.02
ERROR - 2023-11-16 14:09:10 --> Kode KHG tidak ditemukan di tabel referensi: KHG.62.01.02
ERROR - 2023-11-16 14:09:10 --> Kode KHG tidak ditemukan di tabel referensi: KHG.62.01.02
ERROR - 2023-11-16 14:09:10 --> Kode KHG tidak ditemukan di tabel referensi: KHG.62.01-08.02
ERROR - 2023-11-16 14:09:10 --> Kode KHG tidak ditemukan di tabel referensi: KHG.62.01-08.02
ERROR - 2023-11-16 14:09:10 --> Kode KHG tidak ditemukan di tabel referensi: KHG.62.01.04
ERROR - 2023-11-16 14:09:10 --> Kode KHG tidak ditemukan di tabel referensi: KHG.62.01.04
ERROR - 2023-11-16 14:09:10 --> Kode KHG tidak ditemukan di tabel referensi: KHG.62.01.04
ERROR - 2023-11-16 14:09:10 --> Kode KHG tidak ditemukan di tabel referensi: KHG.00.00.00
ERROR - 2023-11-16 14:09:10 --> Kode KHG tidak ditemukan di tabel referensi: KHG.14.08.04
ERROR - 2023-11-16 14:09:10 --> Kode KHG tidak ditemukan di tabel referensi: KHG.62.03.03
ERROR - 2023-11-16 14:09:10 --> Kode KHG tidak ditemukan di tabel referensi: KHG.62.04.03
ERROR - 2023-11-16 14:09:10 --> Kode KHG tidak ditemukan di tabel referensi: KHG.61.11.02
ERROR - 2023-11-16 14:09:10 --> Kode KHG tidak ditemukan di tabel referensi: KHG.16.06.01
ERROR - 2023-11-16 14:09:10 --> Kode KHG tidak ditemukan di tabel referensi: KHG.61.05-10.01
ERROR - 2023-11-16 14:09:10 --> Kode KHG tidak ditemukan di tabel referensi: KHG.61.05-10.01
ERROR - 2023-11-16 14:09:10 --> Kode KHG tidak ditemukan di tabel referensi: KHG.61.05-10.01
ERROR - 2023-11-16 14:09:10 --> Kode KHG tidak ditemukan di tabel referensi: KHG.61.05-10.01
ERROR - 2023-11-16 14:09:10 --> Kode KHG tidak ditemukan di tabel referensi: KHG.61.02-08.01
ERROR - 2023-11-16 14:09:10 --> Kode KHG tidak ditemukan di tabel referensi: KHG.61.02-08.01
ERROR - 2023-11-16 14:09:10 --> Kode KHG tidak ditemukan di tabel referensi: KHG.61.02-08.01
ERROR - 2023-11-16 14:09:10 --> Kode KHG tidak ditemukan di tabel referensi: KHG.61.02-08.01
ERROR - 2023-11-16 14:09:10 --> Kode KHG tidak ditemukan di tabel referensi: KHG.15.05-07-10.01
ERROR - 2023-11-16 14:09:10 --> Kode KHG tidak ditemukan di tabel referensi: KHG.15.05-07-10.01
ERROR - 2023-11-16 14:09:10 --> Kode KHG tidak ditemukan di tabel referensi: KHG.15.05-07-10.01
ERROR - 2023-11-16 14:09:10 --> Kode KHG tidak ditemukan di tabel referensi: KHG.16.06-07.01
ERROR - 2023-11-16 14:09:10 --> Kode KHG tidak ditemukan di tabel referensi: KHG.16.06-07.01
ERROR - 2023-11-16 14:09:10 --> Kode KHG tidak ditemukan di tabel referensi: KHG.16.06-07.01
ERROR - 2023-11-16 14:09:10 --> Kode KHG tidak ditemukan di tabel referensi: KHG.16.06-07.01
ERROR - 2023-11-16 14:09:10 --> Kode KHG tidak ditemukan di tabel referensi: KHG.16.03.02
ERROR - 2023-11-16 14:09:10 --> Kode KHG tidak ditemukan di tabel referensi: KHG.16.03-07.01
ERROR - 2023-11-16 14:09:10 --> Kode KHG tidak ditemukan di tabel referensi: KHG.16.03-06.01
ERROR - 2023-11-16 14:09:10 --> Kode KHG tidak ditemukan di tabel referensi: KHG.16.03-06.01
ERROR - 2023-11-16 14:09:10 --> Kode KHG tidak ditemukan di tabel referensi: KHG.16.05-06.01
ERROR - 2023-11-16 14:09:10 --> Kode KHG tidak ditemukan di tabel referensi: KHG.16.05-06.01
ERROR - 2023-11-16 14:09:10 --> Kode KHG tidak ditemukan di tabel referensi: KHG.16.06-07.02
ERROR - 2023-11-16 14:09:10 --> Kode KHG tidak ditemukan di tabel referensi: KHG.16.06-07.02
ERROR - 2023-11-16 14:09:10 --> Kode KHG tidak ditemukan di tabel referensi: KHG.61.04.08
ERROR - 2023-11-16 14:09:10 --> Kode KHG tidak ditemukan di tabel referensi: KHG.61.04.07
ERROR - 2023-11-16 14:09:10 --> Kode KHG tidak ditemukan di tabel referensi: KHG.61.04.07
ERROR - 2023-11-16 14:09:10 --> Kode KHG tidak ditemukan di tabel referensi: KHG.15.06.01
ERROR - 2023-11-16 14:09:11 --> Kode KHG tidak ditemukan di tabel referensi: KHG.16.07.01
ERROR - 2023-11-16 14:09:11 --> Kode KHG tidak ditemukan di tabel referensi: KHG.16.03.01
ERROR - 2023-11-16 14:09:11 --> Kode KHG tidak ditemukan di tabel referensi: KHG.61.12.10
ERROR - 2023-11-16 14:09:11 --> Kode KHG tidak ditemukan di tabel referensi: KHG.61.12.10
ERROR - 2023-11-16 14:09:11 --> Kode KHG tidak ditemukan di tabel referensi: KHG.62.07.03
ERROR - 2023-11-16 14:09:11 --> Kode KHG tidak ditemukan di tabel referensi: KHG.62.07.03
ERROR - 2023-11-16 14:09:11 --> Kode KHG tidak ditemukan di tabel referensi: KHG.62.07.03
ERROR - 2023-11-16 14:09:11 --> Kode KHG tidak ditemukan di tabel referensi: KHG.62.02-07.02
ERROR - 2023-11-16 14:09:11 --> Kode KHG tidak ditemukan di tabel referensi: KHG.62.02-07.02
ERROR - 2023-11-16 14:09:11 --> Kode KHG tidak ditemukan di tabel referensi: KHG.62.02-07.01
ERROR - 2023-11-16 14:09:11 --> Kode KHG tidak ditemukan di tabel referensi: KHG.61.12.01
ERROR - 2023-11-16 14:09:11 --> Kode KHG tidak ditemukan di tabel referensi: KHG.61.12.01
ERROR - 2023-11-16 14:09:11 --> Kode KHG tidak ditemukan di tabel referensi: KHG.61.12-71.01
ERROR - 2023-11-16 14:09:11 --> Kode KHG tidak ditemukan di tabel referensi: KHG.61.12-71.01
ERROR - 2023-11-16 14:09:11 --> Kode KHG tidak ditemukan di tabel referensi: KHG.61.12-71.01
ERROR - 2023-11-16 14:09:11 --> Kode KHG tidak ditemukan di tabel referensi: KHG.14.07.01
ERROR - 2023-11-16 14:09:11 --> Kode KHG tidak ditemukan di tabel referensi: KHG.14.07.01
ERROR - 2023-11-16 14:09:11 --> Kode KHG tidak ditemukan di tabel referensi: KHG.14.03-07-12.01
ERROR - 2023-11-16 14:09:11 --> Kode KHG tidak ditemukan di tabel referensi: KHG.14.03-07-12.01
ERROR - 2023-11-16 14:09:11 --> Kode KHG tidak ditemukan di tabel referensi: KHG.14.03-07-12.01
ERROR - 2023-11-16 14:09:11 --> Kode KHG tidak ditemukan di tabel referensi: KHG.14.03-07-12.01
ERROR - 2023-11-16 14:09:11 --> Kode KHG tidak ditemukan di tabel referensi: KHG.14.03-07-12.01
ERROR - 2023-11-16 14:09:11 --> Kode KHG tidak ditemukan di tabel referensi: KHG.14.03-07-12.01
ERROR - 2023-11-16 14:09:11 --> Kode KHG tidak ditemukan di tabel referensi: KHG.14.01-03-06-08.01
ERROR - 2023-11-16 14:09:11 --> Kode KHG tidak ditemukan di tabel referensi: KHG.14.01-03-06-08.01
ERROR - 2023-11-16 14:09:11 --> Kode KHG tidak ditemukan di tabel referensi: KHG.14.01-03-06-08.01
ERROR - 2023-11-16 14:09:11 --> Kode KHG tidak ditemukan di tabel referensi: KHG.16.02-07.01
ERROR - 2023-11-16 14:09:11 --> Kode KHG tidak ditemukan di tabel referensi: KHG.16.02-07.01
ERROR - 2023-11-16 14:09:11 --> Kode KHG tidak ditemukan di tabel referensi: KHG.61.01.05
ERROR - 2023-11-16 14:09:11 --> Kode KHG tidak ditemukan di tabel referensi: KHG.61.01.05
ERROR - 2023-11-16 14:09:11 --> Kode KHG tidak ditemukan di tabel referensi: KHG.61.01.05
ERROR - 2023-11-16 14:09:11 --> Kode KHG tidak ditemukan di tabel referensi: KHG.61.11.01
ERROR - 2023-11-16 14:09:11 --> Kode KHG tidak ditemukan di tabel referensi: KHG.61.11.01
ERROR - 2023-11-16 14:09:11 --> Kode KHG tidak ditemukan di tabel referensi: KHG.61.11.01
ERROR - 2023-11-16 14:09:11 --> Kode KHG tidak ditemukan di tabel referensi: KHG.61.11.01
ERROR - 2023-11-16 14:09:11 --> Kode KHG tidak ditemukan di tabel referensi: KHG.16.06-07.03
ERROR - 2023-11-16 14:09:11 --> Kode KHG tidak ditemukan di tabel referensi: KHG.16.06-07.03
ERROR - 2023-11-16 14:09:11 --> Kode KHG tidak ditemukan di tabel referensi: KHG.62.07.02
ERROR - 2023-11-16 14:09:11 --> Kode KHG tidak ditemukan di tabel referensi: KHG.14.05-08.01
ERROR - 2023-11-16 14:09:11 --> Kode KHG tidak ditemukan di tabel referensi: KHG.14.05-08.01
ERROR - 2023-11-16 14:09:11 --> Kode KHG tidak ditemukan di tabel referensi: KHG.14.05-08.01
ERROR - 2023-11-16 14:09:11 --> Kode KHG tidak ditemukan di tabel referensi: KHG.14.05-08.01
ERROR - 2023-11-16 14:09:11 --> Kode KHG tidak ditemukan di tabel referensi: KHG.14.05-08.01
ERROR - 2023-11-16 14:09:11 --> Kode KHG tidak ditemukan di tabel referensi: KHG.14.03-08.01
ERROR - 2023-11-16 14:09:11 --> Kode KHG tidak ditemukan di tabel referensi: KHG.14.03-08.01
ERROR - 2023-11-16 14:09:11 --> Kode KHG tidak ditemukan di tabel referensi: KHG.14.03-08.01
ERROR - 2023-11-16 14:09:11 --> Kode KHG tidak ditemukan di tabel referensi: KHG.14.03-08.01
ERROR - 2023-11-16 14:09:11 --> Kode KHG tidak ditemukan di tabel referensi: KHG.16.02.04
ERROR - 2023-11-16 14:09:11 --> Kode KHG tidak ditemukan di tabel referensi: KHG.16.02.04
ERROR - 2023-11-16 14:09:11 --> Kode KHG tidak ditemukan di tabel referensi: KHG.16.02.04
ERROR - 2023-11-16 14:09:11 --> Kode KHG tidak ditemukan di tabel referensi: KHG.16.02.01
ERROR - 2023-11-16 14:09:11 --> Kode KHG tidak ditemukan di tabel referensi: KHG.16.02.01
ERROR - 2023-11-16 14:09:11 --> Kode KHG tidak ditemukan di tabel referensi: KHG.16.02.01
ERROR - 2023-11-16 14:09:11 --> Kode KHG tidak ditemukan di tabel referensi: KHG.16.02.01
ERROR - 2023-11-16 14:09:11 --> Kode KHG tidak ditemukan di tabel referensi: KHG.14.01-11.01
ERROR - 2023-11-16 14:09:11 --> Kode KHG tidak ditemukan di tabel referensi: KHG.14.01-11.01
ERROR - 2023-11-16 14:09:11 --> Kode KHG tidak ditemukan di tabel referensi: KHG.14.01-11.01
ERROR - 2023-11-16 14:09:11 --> Kode KHG tidak ditemukan di tabel referensi: KHG.61.12.07
ERROR - 2023-11-16 14:09:11 --> Kode KHG tidak ditemukan di tabel referensi: KHG.61.12.07
ERROR - 2023-11-16 14:09:11 --> Kode KHG tidak ditemukan di tabel referensi: KHG.61.12.07
ERROR - 2023-11-16 14:09:11 --> Kode KHG tidak ditemukan di tabel referensi: KHG.62.03.04
ERROR - 2023-11-16 14:09:11 --> Kode KHG tidak ditemukan di tabel referensi: KHG.62-63.01
ERROR - 2023-11-16 14:09:11 --> Kode KHG tidak ditemukan di tabel referensi: KHG.62-63.01
ERROR - 2023-11-16 14:09:11 --> Kode KHG tidak ditemukan di tabel referensi: KHG.16.06.02
ERROR - 2023-11-16 14:09:11 --> Kode KHG tidak ditemukan di tabel referensi: KHG.15-16.01
ERROR - 2023-11-16 14:09:11 --> Kode KHG tidak ditemukan di tabel referensi: KHG.91.01.06
ERROR - 2023-11-16 14:09:11 --> Kode KHG tidak ditemukan di tabel referensi: KHG.91.01.08
ERROR - 2023-11-16 14:09:11 --> Kode KHG tidak ditemukan di tabel referensi: KHG.91.16-01.01
ERROR - 2023-11-16 14:09:11 --> Kode KHG tidak ditemukan di tabel referensi: KHG.61.12.06
ERROR - 2023-11-16 14:09:11 --> Kode KHG tidak ditemukan di tabel referensi: KHG.63.07-08-11.01
ERROR - 2023-11-16 14:09:11 --> Kode KHG tidak ditemukan di tabel referensi: KHG.14.07.03
ERROR - 2023-11-16 14:09:11 --> Kode KHG tidak ditemukan di tabel referensi: KHG.63.03-05.01
ERROR - 2023-11-16 14:09:11 --> Kode KHG tidak ditemukan di tabel referensi: KHG.63.04-05-06-08.01
ERROR - 2023-11-16 14:09:11 --> Kode KHG tidak ditemukan di tabel referensi: KHG.12-14.01
ERROR - 2023-11-16 14:09:11 --> Kode KHG tidak ditemukan di tabel referensi: KHG.14-15.01
ERROR - 2023-11-16 14:09:11 --> Kode KHG tidak ditemukan di tabel referensi: KHG.15.05-07.01
ERROR - 2023-11-16 14:09:11 --> Kode KHG tidak ditemukan di tabel referensi: KHG.15.05.01
ERROR - 2023-11-16 14:09:11 --> Kode KHG tidak ditemukan di tabel referensi: KHG.15.06.02
ERROR - 2023-11-16 14:09:11 --> Kode KHG tidak ditemukan di tabel referensi: KHG.16.02.07
ERROR - 2023-11-16 14:09:11 --> Kode KHG tidak ditemukan di tabel referensi: KHG.16.06-07.04
ERROR - 2023-11-16 14:09:11 --> Kode KHG tidak ditemukan di tabel referensi: KHG.15.06-07.01
ERROR - 2023-11-16 14:09:11 --> Kode KHG tidak ditemukan di tabel referensi: KHG.62.01-07.02
ERROR - 2023-11-16 14:09:11 --> Kode KHG tidak ditemukan di tabel referensi: KHG.62.01-07.01
ERROR - 2023-11-16 14:09:11 --> Kode KHG tidak ditemukan di tabel referensi: KHG.16.02.05
ERROR - 2023-11-16 14:09:11 --> Kode KHG tidak ditemukan di tabel referensi: KHG.91.18-17.01
ERROR - 2023-11-16 14:09:11 --> Kode KHG tidak ditemukan di tabel referensi: KHG.91.17.04
ERROR - 2023-11-16 14:09:11 --> Kode KHG tidak ditemukan di tabel referensi: KHG.16.02.08
ERROR - 2023-11-16 14:09:11 --> Kode KHG tidak ditemukan di tabel referensi: KHG.61.11-04.01
ERROR - 2023-11-16 14:09:11 --> Kode KHG tidak ditemukan di tabel referensi: KHG.61.12.09
ERROR - 2023-11-16 14:09:11 --> Kode KHG tidak ditemukan di tabel referensi: KHG.14.04.11
ERROR - 2023-11-16 14:09:11 --> Kode KHG tidak ditemukan di tabel referensi: KHG.14.02-04.01
ERROR - 2023-11-16 14:09:11 --> Kode KHG tidak ditemukan di tabel referensi: KHG.14.05.07
ERROR - 2023-11-16 14:09:11 --> Kode KHG tidak ditemukan di tabel referensi: KHG.91.01.07
ERROR - 2023-11-16 14:09:11 --> Kode KHG tidak ditemukan di tabel referensi: KHG.91.01.09
ERROR - 2023-11-16 14:09:11 --> Kode KHG tidak ditemukan di tabel referensi: KHG.91.01.13
ERROR - 2023-11-16 14:09:11 --> Kode KHG tidak ditemukan di tabel referensi: KHG.14.02.04
ERROR - 2023-11-16 14:09:11 --> Kode KHG tidak ditemukan di tabel referensi: KHG.91.17.08
ERROR - 2023-11-16 14:09:11 --> Kode KHG tidak ditemukan di tabel referensi: KHG.62.03-11.01
ERROR - 2023-11-16 14:09:11 --> Kode KHG tidak ditemukan di tabel referensi: KHG.62.11-14.02
ERROR - 2023-11-16 14:09:11 --> Kode KHG tidak ditemukan di tabel referensi: KHG.16.05.02
ERROR - 2023-11-16 14:09:11 --> Kode KHG tidak ditemukan di tabel referensi: KHG.14.02-04-05.01
ERROR - 2023-11-16 14:09:11 --> Kode KHG tidak ditemukan di tabel referensi: KHG.61.71-12-03.01
ERROR - 2023-11-16 14:09:11 --> Kode KHG tidak ditemukan di tabel referensi: KHG.62.03-04.01
ERROR - 2023-11-16 14:09:11 --> Kode KHG tidak ditemukan di tabel referensi: KHG.61.02-08-12-71.01
ERROR - 2023-11-16 14:09:11 --> Kode KHG tidak ditemukan di tabel referensi: KHG.62.02-06.01
ERROR - 2023-11-16 14:09:11 --> Kode KHG tidak ditemukan di tabel referensi: KHG.62.06-11-14.01
ERROR - 2023-11-16 14:09:11 --> Kode KHG tidak ditemukan di tabel referensi: KHG.61.04.09
ERROR - 2023-11-16 14:09:11 --> Kode KHG tidak ditemukan di tabel referensi: KHG.61.04.14
ERROR - 2023-11-16 14:09:11 --> Kode KHG tidak ditemukan di tabel referensi: KHG.14.01-05-11.01
ERROR - 2023-11-16 14:09:11 --> Kode KHG tidak ditemukan di tabel referensi: KHG.14.05.05
ERROR - 2023-11-16 14:09:11 --> Kode KHG tidak ditemukan di tabel referensi: KHG.91.18-17.02
ERROR - 2023-11-16 14:09:11 --> Kode KHG tidak ditemukan di tabel referensi: KHG.91.01.10
ERROR - 2023-11-16 14:09:11 --> Kode KHG tidak ditemukan di tabel referensi: KHG.15-16.02
ERROR - 2023-11-16 14:09:11 --> Kode KHG tidak ditemukan di tabel referensi: KHG.62.01.02
ERROR - 2023-11-16 14:09:11 --> Kode KHG tidak ditemukan di tabel referensi: KHG.62.01-08.02
ERROR - 2023-11-16 14:09:11 --> Kode KHG tidak ditemukan di tabel referensi: KHG.62.01.04
ERROR - 2023-11-16 14:09:11 --> Kode KHG tidak ditemukan di tabel referensi: KHG.61.04.15
ERROR - 2023-11-16 14:09:11 --> Kode KHG tidak ditemukan di tabel referensi: KHG.14.08.04
ERROR - 2023-11-16 14:09:11 --> Kode KHG tidak ditemukan di tabel referensi: KHG.62.03.03
ERROR - 2023-11-16 14:09:11 --> Kode KHG tidak ditemukan di tabel referensi: KHG.62.04.03
ERROR - 2023-11-16 14:09:11 --> Kode KHG tidak ditemukan di tabel referensi: KHG.61.11.02
ERROR - 2023-11-16 14:09:11 --> Kode KHG tidak ditemukan di tabel referensi: KHG.16.06.01
ERROR - 2023-11-16 14:09:11 --> Kode KHG tidak ditemukan di tabel referensi: KHG.61.05-10.01
ERROR - 2023-11-16 14:09:11 --> Kode KHG tidak ditemukan di tabel referensi: KHG.61.02-08.01
ERROR - 2023-11-16 14:09:11 --> Kode KHG tidak ditemukan di tabel referensi: KHG.15.05-07-10.01
ERROR - 2023-11-16 14:09:11 --> Kode KHG tidak ditemukan di tabel referensi: KHG.62.02.02
ERROR - 2023-11-16 14:09:11 --> Kode KHG tidak ditemukan di tabel referensi: KHG.16.06-07.01
ERROR - 2023-11-16 14:09:11 --> Kode KHG tidak ditemukan di tabel referensi: KHG.16.03.02
ERROR - 2023-11-16 14:09:11 --> Kode KHG tidak ditemukan di tabel referensi: KHG.16.03-07.01
ERROR - 2023-11-16 14:09:11 --> Kode KHG tidak ditemukan di tabel referensi: KHG.16.03-06.01
ERROR - 2023-11-16 14:09:11 --> Kode KHG tidak ditemukan di tabel referensi: KHG.16.05-06.01
ERROR - 2023-11-16 14:09:11 --> Kode KHG tidak ditemukan di tabel referensi: KHG.16.06-07.02
ERROR - 2023-11-16 14:09:11 --> Kode KHG tidak ditemukan di tabel referensi: KHG.14.05.06
ERROR - 2023-11-16 14:09:11 --> Kode KHG tidak ditemukan di tabel referensi: KHG.61.04.08
ERROR - 2023-11-16 14:09:11 --> Kode KHG tidak ditemukan di tabel referensi: KHG.61.04.07
ERROR - 2023-11-16 14:09:11 --> Kode KHG tidak ditemukan di tabel referensi: KHG.15.06.01
ERROR - 2023-11-16 14:09:11 --> Kode KHG tidak ditemukan di tabel referensi: KHG.16.07.01
ERROR - 2023-11-16 14:09:11 --> Kode KHG tidak ditemukan di tabel referensi: KHG.16.03.01
ERROR - 2023-11-16 14:09:11 --> Kode KHG tidak ditemukan di tabel referensi: KHG.61.12.10
ERROR - 2023-11-16 14:09:11 --> Kode KHG tidak ditemukan di tabel referensi: KHG.62.07.03
ERROR - 2023-11-16 14:09:11 --> Kode KHG tidak ditemukan di tabel referensi: KHG.62.02-07.02
ERROR - 2023-11-16 14:09:11 --> Kode KHG tidak ditemukan di tabel referensi: KHG.62.02-07.01
ERROR - 2023-11-16 14:09:11 --> Kode KHG tidak ditemukan di tabel referensi: KHG.61.12.01
ERROR - 2023-11-16 14:09:11 --> Kode KHG tidak ditemukan di tabel referensi: KHG.61.12-71.01
ERROR - 2023-11-16 14:09:11 --> Kode KHG tidak ditemukan di tabel referensi: KHG.14.07.01
ERROR - 2023-11-16 14:09:11 --> Kode KHG tidak ditemukan di tabel referensi: KHG.14.03-07-12.01
ERROR - 2023-11-16 14:09:11 --> Kode KHG tidak ditemukan di tabel referensi: KHG.14.01-03-06-08.01
ERROR - 2023-11-16 14:09:11 --> Kode KHG tidak ditemukan di tabel referensi: KHG.16.05.03
ERROR - 2023-11-16 14:09:11 --> Kode KHG tidak ditemukan di tabel referensi: KHG.16.02-07.01
ERROR - 2023-11-16 14:09:11 --> Kode KHG tidak ditemukan di tabel referensi: KHG.61.01.05
ERROR - 2023-11-16 14:09:11 --> Kode KHG tidak ditemukan di tabel referensi: KHG.61.11.01
ERROR - 2023-11-16 14:09:11 --> Kode KHG tidak ditemukan di tabel referensi: KHG.16.06-07.03
ERROR - 2023-11-16 14:09:11 --> Kode KHG tidak ditemukan di tabel referensi: KHG.62.07.02
ERROR - 2023-11-16 14:09:11 --> Kode KHG tidak ditemukan di tabel referensi: KHG.14.05-08.01
ERROR - 2023-11-16 14:09:11 --> Kode KHG tidak ditemukan di tabel referensi: KHG.14.03-08.01
ERROR - 2023-11-16 14:09:11 --> Kode KHG tidak ditemukan di tabel referensi: KHG.16.02.04
ERROR - 2023-11-16 14:09:11 --> Kode KHG tidak ditemukan di tabel referensi: KHG.16.02.01
ERROR - 2023-11-16 14:09:11 --> Kode KHG tidak ditemukan di tabel referensi: KHG.16.02.03
ERROR - 2023-11-16 14:09:11 --> Kode KHG tidak ditemukan di tabel referensi: KHG.14.01-11.01
ERROR - 2023-11-16 14:09:11 --> Kode KHG tidak ditemukan di tabel referensi: KHG.61.12.07
ERROR - 2023-11-16 14:09:11 --> Kode KHG tidak ditemukan di tabel referensi: KHG.62.03.04
ERROR - 2023-11-16 14:09:11 --> Kode KHG tidak ditemukan di tabel referensi: KHG.16.02.02
ERROR - 2023-11-16 14:09:11 --> Kode KHG tidak ditemukan di tabel referensi: KHG.62-63.01
ERROR - 2023-11-16 14:09:11 --> Kode KHG tidak ditemukan di tabel referensi: KHG.00.00.00
ERROR - 2023-11-16 14:09:11 --> Kode KHG tidak ditemukan di tabel referensi: KHG.16.05.03
ERROR - 2023-11-16 14:09:11 --> Kode KHG tidak ditemukan di tabel referensi: KHG.16.05.03
ERROR - 2023-11-16 14:09:47 --> Kode KHG sudah ada di database: KHG.16.07.02
ERROR - 2023-11-16 14:09:47 --> Kode KHG sudah ada di database: KHG.14.06-07.01
ERROR - 2023-11-16 14:09:47 --> Kode KHG sudah ada di database: KHG.15.02-03.01
ERROR - 2023-11-16 14:09:47 --> Kode KHG sudah ada di database: KHG.14.03.02
ERROR - 2023-11-16 14:09:47 --> Kode KHG sudah ada di database: KHG.14.10.01
ERROR - 2023-11-16 14:09:47 --> Kode KHG sudah ada di database: KHG.14.10.04
ERROR - 2023-11-16 14:09:47 --> Kode KHG sudah ada di database: KHG.14.03.01
ERROR - 2023-11-16 14:09:47 --> Kode KHG sudah ada di database: KHG.14.10.03
ERROR - 2023-11-16 14:12:24 --> Kode KHG sudah ada di database: KHG.16.07.02
ERROR - 2023-11-16 14:12:24 --> Kode KHG sudah ada di database: KHG.14.06-07.01
ERROR - 2023-11-16 14:12:24 --> Kode KHG sudah ada di database: KHG.15.02-03.01
ERROR - 2023-11-16 14:12:24 --> Kode KHG sudah ada di database: KHG.14.03.02
ERROR - 2023-11-16 14:12:24 --> Kode KHG sudah ada di database: KHG.14.10.01
ERROR - 2023-11-16 14:12:24 --> Kode KHG sudah ada di database: KHG.14.10.04
ERROR - 2023-11-16 14:12:24 --> Kode KHG sudah ada di database: KHG.14.03.01
ERROR - 2023-11-16 14:12:24 --> Kode KHG sudah ada di database: KHG.14.10.03
ERROR - 2023-11-16 14:13:03 --> Kode sub KHG sudah ada di database: KHG.16.07.02-I
ERROR - 2023-11-16 14:13:03 --> Kode sub KHG sudah ada di database: KHG.16.07.02-II
ERROR - 2023-11-16 14:13:03 --> Kode sub KHG sudah ada di database: KHG.14.06-07.01-I
ERROR - 2023-11-16 14:13:03 --> Kode sub KHG sudah ada di database: KHG.15.02-03.01-I
ERROR - 2023-11-16 14:13:03 --> Kode sub KHG sudah ada di database: KHG.15.02-03.01-II
ERROR - 2023-11-16 14:13:03 --> Kode sub KHG sudah ada di database: KHG.15.02-03.01-III
ERROR - 2023-11-16 14:13:03 --> Kode sub KHG sudah ada di database: KHG.14.03.02-I
ERROR - 2023-11-16 14:13:03 --> Kode sub KHG sudah ada di database: KHG.14.03.02-II
ERROR - 2023-11-16 14:13:03 --> Kode sub KHG sudah ada di database: KHG.14.03.02-III
ERROR - 2023-11-16 14:13:03 --> Kode sub KHG sudah ada di database: KHG.14.03.02-IV
ERROR - 2023-11-16 14:13:03 --> Kode sub KHG sudah ada di database: KHG.14.03.02-V
ERROR - 2023-11-16 14:13:03 --> Kode sub KHG sudah ada di database: KHG.14.10.01-I
ERROR - 2023-11-16 14:13:03 --> Kode sub KHG sudah ada di database: KHG.14.10.01-II
ERROR - 2023-11-16 14:13:03 --> Kode sub KHG sudah ada di database: KHG.14.10.01-III
ERROR - 2023-11-16 14:13:03 --> Kode sub KHG sudah ada di database: KHG.14.10.01-IV
ERROR - 2023-11-16 14:13:03 --> Kode sub KHG sudah ada di database: KHG.14.10.01-V
ERROR - 2023-11-16 14:13:03 --> Kode sub KHG sudah ada di database: KHG.14.10.01-VI
ERROR - 2023-11-16 14:13:03 --> Kode sub KHG sudah ada di database: KHG.14.10.01-VII
ERROR - 2023-11-16 14:13:03 --> Kode sub KHG sudah ada di database: KHG.14.10.04-I
ERROR - 2023-11-16 14:13:03 --> Kode sub KHG sudah ada di database: KHG.14.10.04-II
ERROR - 2023-11-16 14:13:03 --> Kode sub KHG sudah ada di database: KHG.14.10.04-III
ERROR - 2023-11-16 14:13:03 --> Kode sub KHG sudah ada di database: KHG.14.10.04-IV
ERROR - 2023-11-16 14:13:03 --> Kode sub KHG sudah ada di database: KHG.14.03.01-I
ERROR - 2023-11-16 14:13:03 --> Kode sub KHG sudah ada di database: KHG.14.03.01-II
ERROR - 2023-11-16 14:13:03 --> Kode sub KHG sudah ada di database: KHG.14.10.03-I
ERROR - 2023-11-16 14:13:03 --> Kode sub KHG sudah ada di database: KHG.14.10.03-II
ERROR - 2023-11-16 14:13:03 --> Kode sub KHG sudah ada di database: KHG.14.10.03-III
ERROR - 2023-11-16 14:13:03 --> Kode sub KHG sudah ada di database: KHG.14.10.03-IV
ERROR - 2023-11-16 14:13:03 --> Kode sub KHG sudah ada di database: KHG.16.07.02.SUB.ALL
ERROR - 2023-11-16 14:13:03 --> Kode sub KHG sudah ada di database: KHG.14.06-07.01.SUB.ALL
ERROR - 2023-11-16 14:13:03 --> Kode sub KHG sudah ada di database: KHG.15.02-03.01.SUB.ALL
ERROR - 2023-11-16 14:13:03 --> Kode sub KHG sudah ada di database: KHG.14.03.02.SUB.ALL
ERROR - 2023-11-16 14:13:03 --> Kode sub KHG sudah ada di database: KHG.14.10.01.SUB.ALL
ERROR - 2023-11-16 14:13:03 --> Kode sub KHG sudah ada di database: KHG.14.10.04.SUB.ALL
ERROR - 2023-11-16 14:13:03 --> Kode sub KHG sudah ada di database: KHG.14.03.01.SUB.ALL
ERROR - 2023-11-16 14:13:03 --> Kode sub KHG sudah ada di database: KHG.14.10.03.SUB.ALL
ERROR - 2023-11-16 14:16:48 --> Kode target intervensi tidak ditemukan di tabel referensi: OTC.15-16.01-II.4
ERROR - 2023-11-16 14:16:48 --> Kode target intervensi tidak ditemukan di tabel referensi: OTC.15-16.01-II.5
ERROR - 2023-11-16 14:16:48 --> Kode target intervensi tidak ditemukan di tabel referensi: OTC.15-16.01-II.6
ERROR - 2023-11-16 14:16:48 --> Kode target intervensi tidak ditemukan di tabel referensi: OTC.15-16.01-II.7
ERROR - 2023-11-16 14:16:48 --> Kode target intervensi tidak ditemukan di tabel referensi: OTC.15.05-07.01-I.2
ERROR - 2023-11-16 14:16:48 --> Kode target intervensi tidak ditemukan di tabel referensi: OTC.15.05-07.01-I.3
ERROR - 2023-11-16 14:16:48 --> Kode target intervensi tidak ditemukan di tabel referensi: OTC.15.05-07.01-I.4
ERROR - 2023-11-16 14:16:48 --> Kode target intervensi tidak ditemukan di tabel referensi: OTC.15.05-07.01-II.2
ERROR - 2023-11-16 14:16:48 --> Kode target intervensi tidak ditemukan di tabel referensi: OTC.15.05-07.01-II.3
ERROR - 2023-11-16 14:16:48 --> Kode target intervensi tidak ditemukan di tabel referensi: OTC.15.05-07.01-II.4
ERROR - 2023-11-16 14:16:48 --> Kode target intervensi tidak ditemukan di tabel referensi: OTC.15.05-07.01-II.5
ERROR - 2023-11-16 14:16:48 --> Kode target intervensi tidak ditemukan di tabel referensi: OTC.15.05-07.01-II.6
ERROR - 2023-11-16 14:16:48 --> Kode target intervensi tidak ditemukan di tabel referensi: OTC.15.05-07.01-II.8
ERROR - 2023-11-16 14:16:48 --> Kode target intervensi tidak ditemukan di tabel referensi: OTC.15.05.01-I.2
ERROR - 2023-11-16 14:16:48 --> Kode target intervensi tidak ditemukan di tabel referensi: OTC.15.05.01-I.3
ERROR - 2023-11-16 14:16:48 --> Kode target intervensi tidak ditemukan di tabel referensi: OTC.15.06.02-I.3
ERROR - 2023-11-16 14:16:48 --> Kode target intervensi tidak ditemukan di tabel referensi: OTC.15.06.02-II.2
ERROR - 2023-11-16 14:16:48 --> Kode target intervensi tidak ditemukan di tabel referensi: OTC.15.06-07.01-I.3
ERROR - 2023-11-16 14:16:48 --> Kode target intervensi tidak ditemukan di tabel referensi: OTC.15.06-07.01-II.1
ERROR - 2023-11-16 14:16:48 --> Kode target intervensi tidak ditemukan di tabel referensi: OTC.15.05-07-10.01-II.2
ERROR - 2023-11-16 14:16:48 --> Kode target intervensi tidak ditemukan di tabel referensi: OTC.15.05-07-10.01-III.4
ERROR - 2023-11-16 14:16:48 --> Kode target intervensi tidak ditemukan di tabel referensi: OTC.15.05-07-10.01-III.8
ERROR - 2023-11-16 14:16:48 --> Kode target intervensi tidak ditemukan di tabel referensi: OTC.15.06.01-I.2
ERROR - 2023-11-16 14:16:48 --> Kode target intervensi tidak ditemukan di tabel referensi: OTC.15.06.01-I.3
ERROR - 2023-11-16 14:16:48 --> Kode target intervensi tidak ditemukan di tabel referensi: OTC.15.06.01-I.4
ERROR - 2023-11-16 14:16:48 --> Kode target intervensi tidak ditemukan di tabel referensi: OTC.15.06.01-I.5
ERROR - 2023-11-16 14:16:48 --> Kode target intervensi tidak ditemukan di tabel referensi: OTC.15.06.01-I.6
ERROR - 2023-11-16 14:16:48 --> Kode target intervensi tidak ditemukan di tabel referensi: OTC.61.11-04.01-I.2
ERROR - 2023-11-16 14:16:48 --> Kode target intervensi tidak ditemukan di tabel referensi: OTC.61.71-12-03.01-IV.2
ERROR - 2023-11-16 14:16:48 --> Kode target intervensi tidak ditemukan di tabel referensi: OTC.61.02-08-12-71.01-I.3
ERROR - 2023-11-16 14:16:48 --> Kode target intervensi tidak ditemukan di tabel referensi: OTC.61.02-08-12-71.01-I.4
ERROR - 2023-11-16 14:16:48 --> Kode target intervensi tidak ditemukan di tabel referensi: OTC.61.02-08-12-71.01-I.5
ERROR - 2023-11-16 14:16:48 --> Kode target intervensi tidak ditemukan di tabel referensi: OTC.61.04.09-I.1
ERROR - 2023-11-16 14:16:48 --> Kode target intervensi tidak ditemukan di tabel referensi: OTC.61.02-08.01-II.3
ERROR - 2023-11-16 14:16:48 --> Kode target intervensi tidak ditemukan di tabel referensi: OTC.61.02-08.01-III.4
ERROR - 2023-11-16 14:16:48 --> Kode target intervensi tidak ditemukan di tabel referensi: OTC.61.02-08.01-III.5
ERROR - 2023-11-16 14:16:48 --> Kode target intervensi tidak ditemukan di tabel referensi: OTC.61.04.08-I.3
ERROR - 2023-11-16 14:16:48 --> Kode target intervensi tidak ditemukan di tabel referensi: OTC.61.12.10-I.1
ERROR - 2023-11-16 14:16:48 --> Kode target intervensi tidak ditemukan di tabel referensi: OTC.61.12.10-I.2
ERROR - 2023-11-16 14:16:48 --> Kode target intervensi tidak ditemukan di tabel referensi: OTC.61.12.10-I.3
ERROR - 2023-11-16 14:16:48 --> Kode target intervensi tidak ditemukan di tabel referensi: OTC.61.12.10-I.5
ERROR - 2023-11-16 14:16:48 --> Kode target intervensi tidak ditemukan di tabel referensi: OTC.61.12.10-I.6
ERROR - 2023-11-16 14:16:48 --> Kode target intervensi tidak ditemukan di tabel referensi: OTC.61.12.10-II.1
ERROR - 2023-11-16 14:16:48 --> Kode target intervensi tidak ditemukan di tabel referensi: OTC.61.12.10-II.4
ERROR - 2023-11-16 14:16:48 --> Kode target intervensi tidak ditemukan di tabel referensi: OTC.61.12.01-I.1
ERROR - 2023-11-16 14:16:48 --> Kode target intervensi tidak ditemukan di tabel referensi: OTC.61.12.01-II.1
ERROR - 2023-11-16 14:16:48 --> Kode target intervensi tidak ditemukan di tabel referensi: OTC.61.12-71.01-I.2
ERROR - 2023-11-16 14:16:48 --> Kode target intervensi tidak ditemukan di tabel referensi: OTC.61.12-71.01-I.3
ERROR - 2023-11-16 14:16:48 --> Kode target intervensi tidak ditemukan di tabel referensi: OTC.61.12-71.01-I.5
ERROR - 2023-11-16 14:16:48 --> Kode target intervensi tidak ditemukan di tabel referensi: OTC.61.12-71.01-I.7
ERROR - 2023-11-16 14:16:48 --> Kode target intervensi tidak ditemukan di tabel referensi: OTC.61.12-71.01-II.1
ERROR - 2023-11-16 14:16:48 --> Kode target intervensi tidak ditemukan di tabel referensi: OTC.61.12-71.01-II.2
ERROR - 2023-11-16 14:16:48 --> Kode target intervensi tidak ditemukan di tabel referensi: OTC.61.12-71.01-II.3
ERROR - 2023-11-16 14:16:48 --> Kode target intervensi tidak ditemukan di tabel referensi: OTC.61.12-71.01-II.7
ERROR - 2023-11-16 14:16:48 --> Kode target intervensi tidak ditemukan di tabel referensi: OTC.61.12-71.01-III.1
ERROR - 2023-11-16 14:16:48 --> Kode target intervensi tidak ditemukan di tabel referensi: OTC.61.01.05-I.2
ERROR - 2023-11-16 14:16:48 --> Kode target intervensi tidak ditemukan di tabel referensi: OTC.61.01.05-II.1
ERROR - 2023-11-16 14:16:48 --> Kode target intervensi tidak ditemukan di tabel referensi: OTC.61.01.05-II.2
ERROR - 2023-11-16 14:16:48 --> Kode target intervensi tidak ditemukan di tabel referensi: OTC.61.01.05-III.1
ERROR - 2023-11-16 14:16:48 --> Kode target intervensi tidak ditemukan di tabel referensi: OTC.61.01.05-III.2
ERROR - 2023-11-16 14:16:48 --> Kode target intervensi tidak ditemukan di tabel referensi: OTC.61.01.05-III.3
ERROR - 2023-11-16 14:16:48 --> Kode target intervensi tidak ditemukan di tabel referensi: OTC.61.11.01-I.3
ERROR - 2023-11-16 14:16:48 --> Kode target intervensi tidak ditemukan di tabel referensi: OTC.61.11.01-III.1
ERROR - 2023-11-16 14:16:48 --> Kode target intervensi tidak ditemukan di tabel referensi: OTC.61.11.01-III.2
ERROR - 2023-11-16 14:16:48 --> Kode target intervensi tidak ditemukan di tabel referensi: OTC.61.11.01-IV.1
ERROR - 2023-11-16 14:16:48 --> Kode target intervensi tidak ditemukan di tabel referensi: OTC.61.12.07-II.1
ERROR - 2023-11-16 14:16:48 --> Kode target intervensi tidak ditemukan di tabel referensi: OTC.63.07-08-11.01-I.2
ERROR - 2023-11-16 14:16:48 --> Kode target intervensi tidak ditemukan di tabel referensi: OTC.63.07-08-11.01-III.1
ERROR - 2023-11-16 14:16:48 --> Kode target intervensi tidak ditemukan di tabel referensi: OTC.63.04-05-06-08.01-I.1
ERROR - 2023-11-16 14:16:48 --> Kode target intervensi tidak ditemukan di tabel referensi: OTC.63.04-05-06-08.01-I.6
ERROR - 2023-11-16 14:16:48 --> Kode target intervensi tidak ditemukan di tabel referensi: OTC.14.03.02-II.10
ERROR - 2023-11-16 14:16:48 --> Kode target intervensi tidak ditemukan di tabel referensi: OTC.14.03.02-II.9
ERROR - 2023-11-16 14:16:48 --> Kode target intervensi tidak ditemukan di tabel referensi: OTC.14.03.02-III.2
ERROR - 2023-11-16 14:16:48 --> Kode target intervensi tidak ditemukan di tabel referensi: OTC.14.03.02-III.3
ERROR - 2023-11-16 14:16:48 --> Kode target intervensi tidak ditemukan di tabel referensi: OTC.14.03.02-III.5
ERROR - 2023-11-16 14:16:48 --> Kode target intervensi tidak ditemukan di tabel referensi: OTC.14.03.02-III.6
ERROR - 2023-11-16 14:16:48 --> Kode target intervensi tidak ditemukan di tabel referensi: OTC.14.03.02-III.8
ERROR - 2023-11-16 14:16:48 --> Kode target intervensi tidak ditemukan di tabel referensi: OTC.14.03.02-III.9
ERROR - 2023-11-16 14:16:48 --> Kode target intervensi tidak ditemukan di tabel referensi: OTC.14.03.02-IV.1
ERROR - 2023-11-16 14:16:48 --> Kode target intervensi tidak ditemukan di tabel referensi: OTC.14.03.02-IV.2
ERROR - 2023-11-16 14:16:48 --> Kode target intervensi tidak ditemukan di tabel referensi: OTC.14.03.02-IV.3
ERROR - 2023-11-16 14:16:48 --> Kode target intervensi tidak ditemukan di tabel referensi: OTC.14.03.02-IV.4
ERROR - 2023-11-16 14:16:48 --> Kode target intervensi tidak ditemukan di tabel referensi: OTC.14.03.02-IV.5
ERROR - 2023-11-16 14:16:48 --> Kode target intervensi tidak ditemukan di tabel referensi: OTC.14.03.02-V.10
ERROR - 2023-11-16 14:16:48 --> Kode target intervensi tidak ditemukan di tabel referensi: OTC.14.03.02-V.12
ERROR - 2023-11-16 14:16:48 --> Kode target intervensi tidak ditemukan di tabel referensi: OTC.14.03.02-V.13
ERROR - 2023-11-16 14:16:48 --> Kode target intervensi tidak ditemukan di tabel referensi: OTC.14.03.02-V.14
ERROR - 2023-11-16 14:16:48 --> Kode target intervensi tidak ditemukan di tabel referensi: OTC.14.03.02-V.15
ERROR - 2023-11-16 14:16:48 --> Kode target intervensi tidak ditemukan di tabel referensi: OTC.14.03.02-V.2
ERROR - 2023-11-16 14:16:48 --> Kode target intervensi tidak ditemukan di tabel referensi: OTC.14.03.02-V.3
ERROR - 2023-11-16 14:16:48 --> Kode target intervensi tidak ditemukan di tabel referensi: OTC.14.03.02-V.4
ERROR - 2023-11-16 14:16:48 --> Kode target intervensi tidak ditemukan di tabel referensi: OTC.14.03.02-V.5
ERROR - 2023-11-16 14:16:48 --> Kode target intervensi tidak ditemukan di tabel referensi: OTC.14.10.04-I.10
ERROR - 2023-11-16 14:16:48 --> Kode target intervensi tidak ditemukan di tabel referensi: OTC.14.10.04-I.11
ERROR - 2023-11-16 14:16:48 --> Kode target intervensi tidak ditemukan di tabel referensi: OTC.14.10.04-I.4
ERROR - 2023-11-16 14:16:48 --> Kode target intervensi tidak ditemukan di tabel referensi: OTC.14.10.04-I.5
ERROR - 2023-11-16 14:16:48 --> Kode target intervensi tidak ditemukan di tabel referensi: OTC.14.10.04-I.6
ERROR - 2023-11-16 14:16:48 --> Kode target intervensi tidak ditemukan di tabel referensi: OTC.14.10.04-I.7
ERROR - 2023-11-16 14:16:48 --> Kode target intervensi tidak ditemukan di tabel referensi: OTC.14.10.04-I.8
ERROR - 2023-11-16 14:16:48 --> Kode target intervensi tidak ditemukan di tabel referensi: OTC.14.10.04-I.9
ERROR - 2023-11-16 14:16:48 --> Kode target intervensi tidak ditemukan di tabel referensi: OTC.14.10.04-III.4
ERROR - 2023-11-16 14:16:48 --> Kode target intervensi tidak ditemukan di tabel referensi: OTC.14.10.04-IV.11
ERROR - 2023-11-16 14:16:48 --> Kode target intervensi tidak ditemukan di tabel referensi: OTC.14.10.04-IV.16
ERROR - 2023-11-16 14:16:48 --> Kode target intervensi tidak ditemukan di tabel referensi: OTC.14.10.04-IV.4
ERROR - 2023-11-16 14:16:48 --> Kode target intervensi tidak ditemukan di tabel referensi: OTC.14.10.04-IV.5
ERROR - 2023-11-16 14:16:48 --> Kode target intervensi tidak ditemukan di tabel referensi: OTC.14.10.04-IV.6
ERROR - 2023-11-16 14:16:48 --> Kode target intervensi tidak ditemukan di tabel referensi: OTC.14.10.04-IV.9
ERROR - 2023-11-16 14:16:48 --> Kode target intervensi tidak ditemukan di tabel referensi: OTC.14.03.01-I.1
ERROR - 2023-11-16 14:16:48 --> Kode target intervensi tidak ditemukan di tabel referensi: OTC.14.03.01-I.3
ERROR - 2023-11-16 14:16:48 --> Kode target intervensi tidak ditemukan di tabel referensi: OTC.14.03.01-I.4
ERROR - 2023-11-16 14:16:48 --> Kode target intervensi tidak ditemukan di tabel referensi: OTC.14.03.01-II.15
ERROR - 2023-11-16 14:16:48 --> Kode target intervensi tidak ditemukan di tabel referensi: OTC.14.03.01-II.17
ERROR - 2023-11-16 14:16:48 --> Kode target intervensi tidak ditemukan di tabel referensi: OTC.14.03.01-II.19
ERROR - 2023-11-16 14:16:48 --> Kode target intervensi tidak ditemukan di tabel referensi: OTC.14.03.01-II.20
ERROR - 2023-11-16 14:16:48 --> Kode target intervensi tidak ditemukan di tabel referensi: OTC.14.03.01-II.22
ERROR - 2023-11-16 14:16:48 --> Kode target intervensi tidak ditemukan di tabel referensi: OTC.14.03.01-II.24
ERROR - 2023-11-16 14:16:48 --> Kode target intervensi tidak ditemukan di tabel referensi: OTC.14.03.01-II.25
ERROR - 2023-11-16 14:16:48 --> Kode target intervensi tidak ditemukan di tabel referensi: OTC.14.03.01-II.7
ERROR - 2023-11-16 14:16:48 --> Kode target intervensi tidak ditemukan di tabel referensi: OTC.14.10.03-III.16
ERROR - 2023-11-16 14:16:48 --> Kode target intervensi tidak ditemukan di tabel referensi: OTC.14.10.03-III.18
ERROR - 2023-11-16 14:16:48 --> Kode target intervensi tidak ditemukan di tabel referensi: OTC.14.07.03-I.23
ERROR - 2023-11-16 14:16:48 --> Kode target intervensi tidak ditemukan di tabel referensi: OTC.14.07.03-I.26
ERROR - 2023-11-16 14:16:48 --> Kode target intervensi tidak ditemukan di tabel referensi: OTC.14.07.03-I.30
ERROR - 2023-11-16 14:16:48 --> Kode target intervensi tidak ditemukan di tabel referensi: OTC.14.07.03-I.31
ERROR - 2023-11-16 14:16:48 --> Kode target intervensi tidak ditemukan di tabel referensi: OTC.14.07.03-I.32
ERROR - 2023-11-16 14:16:48 --> Kode target intervensi tidak ditemukan di tabel referensi: OTC.14.07.03-I.33
ERROR - 2023-11-16 14:16:48 --> Kode target intervensi tidak ditemukan di tabel referensi: OTC.12-14.01-I.4
ERROR - 2023-11-16 14:16:48 --> Kode target intervensi tidak ditemukan di tabel referensi: OTC.12-14.01-II.1
ERROR - 2023-11-16 14:16:48 --> Kode target intervensi tidak ditemukan di tabel referensi: OTC.12-14.01-II.11
ERROR - 2023-11-16 14:16:48 --> Kode target intervensi tidak ditemukan di tabel referensi: OTC.12-14.01-II.3
ERROR - 2023-11-16 14:16:48 --> Kode target intervensi tidak ditemukan di tabel referensi: OTC.12-14.01-II.4
ERROR - 2023-11-16 14:16:48 --> Kode target intervensi tidak ditemukan di tabel referensi: OTC.12-14.01-II.8
ERROR - 2023-11-16 14:16:48 --> Kode target intervensi tidak ditemukan di tabel referensi: OTC.12-14.01-II.9
ERROR - 2023-11-16 14:16:48 --> Kode target intervensi tidak ditemukan di tabel referensi: OTC.12-14.01-III.2
ERROR - 2023-11-16 14:16:48 --> Kode target intervensi tidak ditemukan di tabel referensi: OTC.12-14.01-IV.1
ERROR - 2023-11-16 14:16:48 --> Kode target intervensi tidak ditemukan di tabel referensi: OTC.14-15.01-I.3
ERROR - 2023-11-16 14:16:48 --> Kode target intervensi tidak ditemukan di tabel referensi: OTC.14-15.01-I.4
ERROR - 2023-11-16 14:16:48 --> Kode target intervensi tidak ditemukan di tabel referensi: OTC.14-15.01-I.7
ERROR - 2023-11-16 14:16:48 --> Kode target intervensi tidak ditemukan di tabel referensi: OTC.14-15.01-I.8
ERROR - 2023-11-16 14:16:48 --> Kode target intervensi tidak ditemukan di tabel referensi: OTC.14-15.01-II.2
ERROR - 2023-11-16 14:16:48 --> Kode target intervensi tidak ditemukan di tabel referensi: OTC.14-15.01-II.3
ERROR - 2023-11-16 14:16:48 --> Kode target intervensi tidak ditemukan di tabel referensi: OTC.14.05.07-I.2
ERROR - 2023-11-16 14:16:48 --> Kode target intervensi tidak ditemukan di tabel referensi: OTC.14.02.04-I.1
ERROR - 2023-11-16 14:16:48 --> Kode target intervensi tidak ditemukan di tabel referensi: OTC.14.02-04-05.01-II.3
ERROR - 2023-11-16 14:16:48 --> Kode target intervensi tidak ditemukan di tabel referensi: OTC.14.05.05-III.1
ERROR - 2023-11-16 14:16:48 --> Kode target intervensi tidak ditemukan di tabel referensi: OTC.14.05.05-III.2
ERROR - 2023-11-16 14:16:48 --> Kode target intervensi tidak ditemukan di tabel referensi: OTC.14.05.05-IV.2
ERROR - 2023-11-16 14:16:48 --> Kode target intervensi tidak ditemukan di tabel referensi: OTC.14.03-07-12.01-I.11
ERROR - 2023-11-16 14:16:48 --> Kode target intervensi tidak ditemukan di tabel referensi: OTC.14.03-07-12.01-I.17
ERROR - 2023-11-16 14:16:48 --> Kode target intervensi tidak ditemukan di tabel referensi: OTC.14.03-07-12.01-II.1
ERROR - 2023-11-16 14:16:48 --> Kode target intervensi tidak ditemukan di tabel referensi: OTC.14.03-07-12.01-II.4
ERROR - 2023-11-16 14:16:48 --> Kode target intervensi tidak ditemukan di tabel referensi: OTC.14.03-07-12.01-II.5
ERROR - 2023-11-16 14:16:48 --> Kode target intervensi tidak ditemukan di tabel referensi: OTC.14.03-07-12.01-II.7
ERROR - 2023-11-16 14:16:48 --> Kode target intervensi tidak ditemukan di tabel referensi: OTC.14.03-07-12.01-III.5
ERROR - 2023-11-16 14:16:48 --> Kode target intervensi tidak ditemukan di tabel referensi: OTC.14.03-07-12.01-IV.1
ERROR - 2023-11-16 14:16:48 --> Kode target intervensi tidak ditemukan di tabel referensi: OTC.14.01-03-06-08.01-I.1
ERROR - 2023-11-16 14:16:48 --> Kode target intervensi tidak ditemukan di tabel referensi: OTC.14.01-03-06-08.01-I.3
ERROR - 2023-11-16 14:16:48 --> Kode target intervensi tidak ditemukan di tabel referensi: OTC.14.01-03-06-08.01-I.4
ERROR - 2023-11-16 14:16:48 --> Kode target intervensi tidak ditemukan di tabel referensi: OTC.14.01-03-06-08.01-I.5
ERROR - 2023-11-16 14:16:48 --> Kode target intervensi tidak ditemukan di tabel referensi: OTC.16.02.08-I.1
ERROR - 2023-11-16 14:16:48 --> Kode target intervensi tidak ditemukan di tabel referensi: OTC.16.05.02-I.1
ERROR - 2023-11-16 14:16:48 --> Kode target intervensi tidak ditemukan di tabel referensi: OTC.16.05.02-I.2
ERROR - 2023-11-16 14:16:48 --> Kode target intervensi tidak ditemukan di tabel referensi: OTC.16.05.02-I.3
ERROR - 2023-11-16 14:16:48 --> Kode target intervensi tidak ditemukan di tabel referensi: OTC.16.05.02-I.4
ERROR - 2023-11-16 14:16:48 --> Kode target intervensi tidak ditemukan di tabel referensi: OTC.16.05.02-I.5
ERROR - 2023-11-16 14:16:48 --> Kode target intervensi tidak ditemukan di tabel referensi: OTC.16.05.02-I.8
ERROR - 2023-11-16 14:16:48 --> Kode target intervensi tidak ditemukan di tabel referensi: OTC.16.06.01-I.11
ERROR - 2023-11-16 14:16:48 --> Kode target intervensi tidak ditemukan di tabel referensi: OTC.16.06.01-I.12
ERROR - 2023-11-16 14:16:48 --> Kode target intervensi tidak ditemukan di tabel referensi: OTC.16.06.01-I.13
ERROR - 2023-11-16 14:16:48 --> Kode target intervensi tidak ditemukan di tabel referensi: OTC.16.06.01-I.14
ERROR - 2023-11-16 14:16:48 --> Kode target intervensi tidak ditemukan di tabel referensi: OTC.16.06.01-I.15
ERROR - 2023-11-16 14:16:48 --> Kode target intervensi tidak ditemukan di tabel referensi: OTC.16.06.01-I.16
ERROR - 2023-11-16 14:16:48 --> Kode target intervensi tidak ditemukan di tabel referensi: OTC.16.06.01-I.17
ERROR - 2023-11-16 14:16:48 --> Kode target intervensi tidak ditemukan di tabel referensi: OTC.16.06.01-I.18
ERROR - 2023-11-16 14:16:48 --> Kode target intervensi tidak ditemukan di tabel referensi: OTC.16.06.01-I.2
ERROR - 2023-11-16 14:16:48 --> Kode target intervensi tidak ditemukan di tabel referensi: OTC.16.06.01-I.20
ERROR - 2023-11-16 14:16:48 --> Kode target intervensi tidak ditemukan di tabel referensi: OTC.16.06.01-I.21
ERROR - 2023-11-16 14:16:48 --> Kode target intervensi tidak ditemukan di tabel referensi: OTC.16.06.01-I.26
ERROR - 2023-11-16 14:16:48 --> Kode target intervensi tidak ditemukan di tabel referensi: OTC.16.06.01-I.3
ERROR - 2023-11-16 14:16:48 --> Kode target intervensi tidak ditemukan di tabel referensi: OTC.16.06.01-I.35
ERROR - 2023-11-16 14:16:48 --> Kode target intervensi tidak ditemukan di tabel referensi: OTC.16.06.01-I.36
ERROR - 2023-11-16 14:16:48 --> Kode target intervensi tidak ditemukan di tabel referensi: OTC.16.06.01-I.5
ERROR - 2023-11-16 14:16:48 --> Kode target intervensi tidak ditemukan di tabel referensi: OTC.16.06.01-I.6
ERROR - 2023-11-16 14:16:48 --> Kode target intervensi tidak ditemukan di tabel referensi: OTC.16.06.01-I.7
ERROR - 2023-11-16 14:16:48 --> Kode target intervensi tidak ditemukan di tabel referensi: OTC.16.06.01-I.8
ERROR - 2023-11-16 14:16:48 --> Kode target intervensi tidak ditemukan di tabel referensi: OTC.16.06-07.01-III.1
ERROR - 2023-11-16 14:16:48 --> Kode target intervensi tidak ditemukan di tabel referensi: OTC.16.03-07.01-I.2
ERROR - 2023-11-16 14:16:48 --> Kode target intervensi tidak ditemukan di tabel referensi: OTC.16.03-07.01-I.4
ERROR - 2023-11-16 14:16:48 --> Kode target intervensi tidak ditemukan di tabel referensi: OTC.16.03-07.01-I.7
ERROR - 2023-11-16 14:16:48 --> Kode target intervensi tidak ditemukan di tabel referensi: OTC.16.05-06.01-I.2
ERROR - 2023-11-16 14:16:48 --> Kode target intervensi tidak ditemukan di tabel referensi: OTC.16.05-06.01-I.3
ERROR - 2023-11-16 14:16:48 --> Kode target intervensi tidak ditemukan di tabel referensi: OTC.16.05-06.01-II.1
ERROR - 2023-11-16 14:16:48 --> Kode target intervensi tidak ditemukan di tabel referensi: OTC.16.05-06.01-II.2
ERROR - 2023-11-16 14:16:48 --> Kode target intervensi tidak ditemukan di tabel referensi: OTC.16.05-06.01-II.3
ERROR - 2023-11-16 14:16:48 --> Kode target intervensi tidak ditemukan di tabel referensi: OTC.16.06-07.02-I.6
ERROR - 2023-11-16 14:16:48 --> Kode target intervensi tidak ditemukan di tabel referensi: OTC.16.02-07.01-I.3
ERROR - 2023-11-16 14:16:48 --> Kode target intervensi tidak ditemukan di tabel referensi: OTC.16.02-07.01-I.4
ERROR - 2023-11-16 14:16:48 --> Kode target intervensi tidak ditemukan di tabel referensi: OTC.16.02-07.01-I.5
ERROR - 2023-11-16 14:16:48 --> Kode target intervensi tidak ditemukan di tabel referensi: OTC.16.02-07.01-I.6
ERROR - 2023-11-16 14:16:48 --> Kode target intervensi tidak ditemukan di tabel referensi: OTC.16.02-07.01-I.7
ERROR - 2023-11-16 14:16:48 --> Kode target intervensi tidak ditemukan di tabel referensi: OTC.16.02-07.01-II.2
ERROR - 2023-11-16 14:16:48 --> Kode target intervensi tidak ditemukan di tabel referensi: OTC.16.02-07.01-II.3
ERROR - 2023-11-16 14:16:48 --> Kode target intervensi tidak ditemukan di tabel referensi: OTC.16.02.04-I.24
ERROR - 2023-11-16 14:16:48 --> Kode target intervensi tidak ditemukan di tabel referensi: OTC.16.02.04-I.25
ERROR - 2023-11-16 14:16:48 --> Kode target intervensi tidak ditemukan di tabel referensi: OTC.62.01-07.02-I.04
ERROR - 2023-11-16 14:16:48 --> Kode target intervensi tidak ditemukan di tabel referensi: OTC.62.01-07.01-III.08
ERROR - 2023-11-16 14:16:48 --> Kode target intervensi tidak ditemukan di tabel referensi: OTC.62.01-07.01-III.16
ERROR - 2023-11-16 14:16:48 --> Kode target intervensi tidak ditemukan di tabel referensi: OTC.62.01-07.01-V.1
ERROR - 2023-11-16 14:16:48 --> Kode target intervensi tidak ditemukan di tabel referensi: OTC.62.03-11.01-I.14
ERROR - 2023-11-16 14:16:48 --> Kode target intervensi tidak ditemukan di tabel referensi: OTC.62.11-14.02-I.02
ERROR - 2023-11-16 14:16:48 --> Kode target intervensi tidak ditemukan di tabel referensi: OTC.62.11-14.02-I.03
ERROR - 2023-11-16 14:16:48 --> Kode target intervensi tidak ditemukan di tabel referensi: OTC.62.11-14.02-I.05
ERROR - 2023-11-16 14:16:48 --> Kode target intervensi tidak ditemukan di tabel referensi: OTC.62.11-14.02-IX.01
ERROR - 2023-11-16 14:16:48 --> Kode target intervensi tidak ditemukan di tabel referensi: OTC.62.11-14.02-VI.01
ERROR - 2023-11-16 14:16:48 --> Kode target intervensi tidak ditemukan di tabel referensi: OTC.62.11-14.02-VII.01
ERROR - 2023-11-16 14:16:48 --> Kode target intervensi tidak ditemukan di tabel referensi: OTC.62.11-14.02-XIII.01
ERROR - 2023-11-16 14:16:48 --> Kode target intervensi tidak ditemukan di tabel referensi: OTC.62.02-06.01-I.13
ERROR - 2023-11-16 14:16:48 --> Kode target intervensi tidak ditemukan di tabel referensi: OTC.62.02-06.01-I.15
ERROR - 2023-11-16 14:16:48 --> Kode target intervensi tidak ditemukan di tabel referensi: OTC.62.02-06.01-I.16
ERROR - 2023-11-16 14:16:48 --> Kode target intervensi tidak ditemukan di tabel referensi: OTC.62.06-11-14.01-I.02
ERROR - 2023-11-16 14:16:48 --> Kode target intervensi tidak ditemukan di tabel referensi: OTC.62.06-11-14.01-I.03
ERROR - 2023-11-16 14:16:48 --> Kode target intervensi tidak ditemukan di tabel referensi: OTC.62.01.02-II.02
ERROR - 2023-11-16 14:16:48 --> Kode target intervensi tidak ditemukan di tabel referensi: OTC.62.02-07.02-I.01
ERROR - 2023-11-16 14:16:48 --> Kode target intervensi tidak ditemukan di tabel referensi: OTC.62.02-07.02-I.02
ERROR - 2023-11-16 14:16:48 --> Kode target intervensi tidak ditemukan di tabel referensi: OTC.62.02-07.02-I.04
ERROR - 2023-11-16 14:16:48 --> Kode target intervensi tidak ditemukan di tabel referensi: OTC.62.02-07.02-I.06
ERROR - 2023-11-16 14:16:48 --> Kode target intervensi tidak ditemukan di tabel referensi: OTC.62.02-07.02-II.01
ERROR - 2023-11-16 14:16:48 --> Kode target intervensi tidak ditemukan di tabel referensi: OTC.62.02-07.02-II.02
ERROR - 2023-11-16 14:16:48 --> Kode target intervensi tidak ditemukan di tabel referensi: OTC.62.02-07.02-II.06
ERROR - 2023-11-16 14:16:48 --> Kode target intervensi tidak ditemukan di tabel referensi: OTC.62.02-07.02-II.07
ERROR - 2023-11-16 14:16:48 --> Kode target intervensi tidak ditemukan di tabel referensi: OTC.62.02-07.02-II.10
ERROR - 2023-11-16 14:16:48 --> Kode target intervensi tidak ditemukan di tabel referensi: OTC.62.02-07.02-II.14
ERROR - 2023-11-16 14:16:48 --> Kode target intervensi tidak ditemukan di tabel referensi: OTC.62-63.01-II.4
ERROR - 2023-11-16 14:16:48 --> Kode target intervensi tidak ditemukan di tabel referensi: OTC.62-63.01-II.5
ERROR - 2023-11-16 14:16:48 --> Kode target intervensi tidak ditemukan di tabel referensi: OTC.62-63.01-II.6
ERROR - 2023-11-16 14:16:48 --> Kode target intervensi tidak ditemukan di tabel referensi: OTC.15-16.02-II.3
ERROR - 2023-11-16 14:18:50 --> Kode target intervensi tidak ditemukan di tabel referensi: TRG.15.05-07.01-II.6
ERROR - 2023-11-16 14:18:50 --> Kode target intervensi tidak ditemukan di tabel referensi: TRG.61.11-04.01-I.2
ERROR - 2023-11-16 14:18:50 --> Kode target intervensi tidak ditemukan di tabel referensi: TRG.61.12.10-I.2
ERROR - 2023-11-16 14:18:50 --> Kode target intervensi tidak ditemukan di tabel referensi: TRG.61.12.10-I.5
ERROR - 2023-11-16 14:18:50 --> Kode target intervensi tidak ditemukan di tabel referensi: TRG.61.11.01-I.3
ERROR - 2023-11-16 14:18:50 --> Kode target intervensi tidak ditemukan di tabel referensi: TRG.14.10.04-IV.6
ERROR - 2023-11-16 14:18:50 --> Kode target intervensi tidak ditemukan di tabel referensi: TRG.12-14.01-I.4
ERROR - 2023-11-16 14:18:50 --> Kode target intervensi tidak ditemukan di tabel referensi: TRG.12-14.01-II.11
ERROR - 2023-11-16 14:18:50 --> Kode target intervensi tidak ditemukan di tabel referensi: TRG.12-14.01-II.4
ERROR - 2023-11-16 14:18:50 --> Kode target intervensi tidak ditemukan di tabel referensi: TRG.14.03-07-12.01-I.11
ERROR - 2023-11-16 14:18:50 --> Kode target intervensi tidak ditemukan di tabel referensi: TRG.14.03-07-12.01-II.5
ERROR - 2023-11-16 14:18:50 --> Kode target intervensi tidak ditemukan di tabel referensi: TRG.14.03-07-12.01-II.7
ERROR - 2023-11-16 14:18:50 --> Kode target intervensi tidak ditemukan di tabel referensi: TRG.14.03-07-12.01-III.5
ERROR - 2023-11-16 14:18:50 --> Kode target intervensi tidak ditemukan di tabel referensi: TRG.62-63.01-II.4
ERROR - 2023-11-16 14:18:50 --> Kode target intervensi tidak ditemukan di tabel referensi: TRG.62-63.01-II.5
ERROR - 2023-11-16 14:18:50 --> Kode target intervensi tidak ditemukan di tabel referensi: TRG.62-63.01-II.6
ERROR - 2023-11-16 14:19:35 --> Kode Desa tidak ditemukan di tabel referensi: 15.07.00.00
ERROR - 2023-11-16 14:19:35 --> Kode Desa tidak ditemukan di tabel referensi: 15.07.00.00
ERROR - 2023-11-16 14:19:36 --> Kode Desa tidak ditemukan di tabel referensi: 15.07.00.00
ERROR - 2023-11-16 14:19:36 --> Kode Desa tidak ditemukan di tabel referensi: 15.07.00.00
ERROR - 2023-11-16 14:19:36 --> Kode Desa tidak ditemukan di tabel referensi: 15.07.00.00
ERROR - 2023-11-16 14:19:36 --> Kode Desa tidak ditemukan di tabel referensi: 15.07.00.00
ERROR - 2023-11-16 14:19:36 --> Kode Desa tidak ditemukan di tabel referensi: 15.07.00.00
ERROR - 2023-11-16 14:19:36 --> Kode Desa tidak ditemukan di tabel referensi: 15.07.00.00
ERROR - 2023-11-16 14:19:36 --> Kode Desa tidak ditemukan di tabel referensi: 15.07.00.00
ERROR - 2023-11-16 14:19:36 --> Kode Desa tidak ditemukan di tabel referensi: 15.07.00.00
ERROR - 2023-11-16 14:19:36 --> Kode Desa tidak ditemukan di tabel referensi: 15.07.00.00
ERROR - 2023-11-16 14:19:36 --> Kode Desa tidak ditemukan di tabel referensi: 15.07.00.00
ERROR - 2023-11-16 14:19:36 --> Kode Desa tidak ditemukan di tabel referensi: 15.07.00.00
ERROR - 2023-11-16 14:19:36 --> Kode Desa tidak ditemukan di tabel referensi: 15.07.00.00
ERROR - 2023-11-16 14:19:36 --> Kode Desa tidak ditemukan di tabel referensi: 15.07.00.00
ERROR - 2023-11-16 14:19:36 --> Kode Desa tidak ditemukan di tabel referensi: 15.07.00.00
ERROR - 2023-11-16 14:19:36 --> Kode Desa tidak ditemukan di tabel referensi: 15.07.00.00
ERROR - 2023-11-16 14:19:36 --> Kode Desa tidak ditemukan di tabel referensi: 15.07.00.00
ERROR - 2023-11-16 14:19:36 --> Kode Desa tidak ditemukan di tabel referensi: 15.07.00.00
ERROR - 2023-11-16 14:19:36 --> Kode Desa tidak ditemukan di tabel referensi: 15.07.00.00
ERROR - 2023-11-16 14:19:36 --> Kode Desa tidak ditemukan di tabel referensi: 15.07.00.00
ERROR - 2023-11-16 14:19:36 --> Kode Desa tidak ditemukan di tabel referensi: 15.07.00.00
ERROR - 2023-11-16 14:19:36 --> Kode Desa tidak ditemukan di tabel referensi: 15.07.00.00
ERROR - 2023-11-16 14:19:38 --> Kode Desa tidak ditemukan di tabel referensi: 63.11.00.00
ERROR - 2023-11-16 14:19:38 --> Kode Desa tidak ditemukan di tabel referensi: 63.03.04.2013
ERROR - 2023-11-16 14:19:38 --> Kode Desa tidak ditemukan di tabel referensi: 63.72.06.1003
ERROR - 2023-11-16 14:19:38 --> Kode Desa tidak ditemukan di tabel referensi: 16.02.22.durianmakmur
ERROR - 2023-11-16 14:19:38 --> Kode Desa tidak ditemukan di tabel referensi: 16.02.22.durianmakmur
ERROR - 2023-11-16 14:19:38 --> Kode Desa tidak ditemukan di tabel referensi: 16.02.15.dewasibur
ERROR - 2023-11-16 14:19:38 --> Kode Desa tidak ditemukan di tabel referensi: 16.02.15.dewasibur
ERROR - 2023-11-16 14:19:38 --> Kode Desa tidak ditemukan di tabel referensi: 16.02.15.dewasibur
ERROR - 2023-11-16 14:19:38 --> Kode Desa tidak ditemukan di tabel referensi: 16.02.15.dewasibur
ERROR - 2023-11-16 14:19:38 --> Kode Desa tidak ditemukan di tabel referensi: 16.02.15.dewasibur
ERROR - 2023-11-16 14:19:38 --> Kode Desa tidak ditemukan di tabel referensi: 16.02.15.dewasibur
ERROR - 2023-11-16 14:19:38 --> Kode Desa tidak ditemukan di tabel referensi: 16.02.15.dewasibur
ERROR - 2023-11-16 14:19:38 --> Kode Desa tidak ditemukan di tabel referensi: 16.02.15.dewasibur
ERROR - 2023-11-16 14:19:38 --> Kode Desa tidak ditemukan di tabel referensi: 16.02.15.dewasibur
ERROR - 2023-11-16 14:19:38 --> Kode Desa tidak ditemukan di tabel referensi: 16.02.15.dewasibur
ERROR - 2023-11-16 14:19:38 --> Kode Desa tidak ditemukan di tabel referensi: 16.02.15.dewasibur
ERROR - 2023-11-16 14:19:38 --> Kode Desa tidak ditemukan di tabel referensi: 16.02.15.dewasibur
ERROR - 2023-11-16 14:19:38 --> Kode Desa tidak ditemukan di tabel referensi: 16.02.15.dewasibur
ERROR - 2023-11-16 14:19:38 --> Kode Desa tidak ditemukan di tabel referensi: 16.02.15.dewasibur
ERROR - 2023-11-16 14:19:38 --> Kode Desa tidak ditemukan di tabel referensi: 16.02.15.mesujikarangindah
ERROR - 2023-11-16 14:19:38 --> Kode Desa tidak ditemukan di tabel referensi: 16.02.15.natasiburjaya
ERROR - 2023-11-16 14:19:38 --> Kode Desa tidak ditemukan di tabel referensi: 16.02.15.natasiburjaya
ERROR - 2023-11-16 14:19:38 --> Kode Desa tidak ditemukan di tabel referensi: 16.02.15.natasiburjaya
ERROR - 2023-11-16 14:19:38 --> Kode Desa tidak ditemukan di tabel referensi: 16.02.15.natasiburjaya
ERROR - 2023-11-16 14:19:38 --> Kode Desa tidak ditemukan di tabel referensi: 16.02.15.natasiburjaya
ERROR - 2023-11-16 14:19:38 --> Kode Desa tidak ditemukan di tabel referensi: 16.02.15.natasiburjaya
ERROR - 2023-11-16 14:19:38 --> Kode Desa tidak ditemukan di tabel referensi: 16.02.15.natasiburjaya
ERROR - 2023-11-16 14:19:38 --> Kode Desa tidak ditemukan di tabel referensi: 16.02.15.natasiburjaya
ERROR - 2023-11-16 14:19:38 --> Kode Desa tidak ditemukan di tabel referensi: 16.02.15.tanjungmanjangan
ERROR - 2023-11-16 14:19:38 --> Kode Desa tidak ditemukan di tabel referensi: 16.02.15.tanjungmanjangan
ERROR - 2023-11-16 14:19:38 --> Kode Desa tidak ditemukan di tabel referensi: 16.02.15.tanjungmanjangan
ERROR - 2023-11-16 14:19:38 --> Kode Desa tidak ditemukan di tabel referensi: 16.02.15.tanjungmanjangan
ERROR - 2023-11-16 14:19:38 --> Kode Desa tidak ditemukan di tabel referensi: 16.02.15.tanjungmanjangan
CRITICAL - 2023-11-16 14:19:42 --> Allowed memory size of 536870912 bytes exhausted (tried to allocate 247480320 bytes)
in APPPATH\Views\database\admin\gamb-rencana.php on line 889.
 1 [internal function]: CodeIgniter\Debug\Exceptions->shutdownHandler()
CRITICAL - 2023-11-16 14:20:13 --> Allowed memory size of 536870912 bytes exhausted (tried to allocate 257966080 bytes)
in APPPATH\Views\database\admin\gamb-rencana.php on line 867.
 1 [internal function]: CodeIgniter\Debug\Exceptions->shutdownHandler()
