CRITICAL - 2023-12-07 01:39:00 --> Attempt to read property "username" on null
in APPPATH\Views\pages\gambut-detail.php on line 268.
 1 APPPATH\Views\pages\gambut-detail.php(268): CodeIgniter\Debug\Exceptions->errorHandler(2, 'Attempt to read property "username" on null', 'APPPATH\\Views\\pages\\gambut-detail.php', 268)
 2 SYSTEMPATH\View\View.php(213): include('APPPATH\\Views\\pages\\gambut-detail.php')
 3 SYSTEMPATH\View\View.php(216): CodeIgniter\View\View->CodeIgniter\View\{closure}()
 4 SYSTEMPATH\Common.php(1134): CodeIgniter\View\View->render('pages/gambut-detail', [], true)
 5 APPPATH\Controllers\DetailPetaGambut.php(99): view('pages/gambut-detail', [...])
 6 SYSTEMPATH\CodeIgniter.php(927): App\Controllers\DetailPetaGambut->index('2')
 7 SYSTEMPATH\CodeIgniter.php(482): CodeIgniter\CodeIgniter->runController(Object(App\Controllers\DetailPetaGambut))
 8 SYSTEMPATH\CodeIgniter.php(351): CodeIgniter\CodeIgniter->handleRequest(null, Object(Config\Cache), false)
 9 FCPATH\index.php(67): CodeIgniter\CodeIgniter->run()
10 SYSTEMPATH\Commands\Server\rewrite.php(46): require_once('FCPATH\\index.php')
CRITICAL - 2023-12-07 02:01:47 --> Undefined array key "total_volume"
in APPPATH\Controllers\DetailPetaGambut.php on line 74.
 1 APPPATH\Controllers\DetailPetaGambut.php(74): CodeIgniter\Debug\Exceptions->errorHandler(2, 'Undefined array key "total_volume"', 'APPPATH\\Controllers\\DetailPetaGambut.php', 74)
 2 SYSTEMPATH\CodeIgniter.php(927): App\Controllers\DetailPetaGambut->index('2')
 3 SYSTEMPATH\CodeIgniter.php(482): CodeIgniter\CodeIgniter->runController(Object(App\Controllers\DetailPetaGambut))
 4 SYSTEMPATH\CodeIgniter.php(351): CodeIgniter\CodeIgniter->handleRequest(null, Object(Config\Cache), false)
 5 FCPATH\index.php(67): CodeIgniter\CodeIgniter->run()
 6 SYSTEMPATH\Commands\Server\rewrite.php(46): require_once('FCPATH\\index.php')
CRITICAL - 2023-12-07 02:23:39 --> Cannot use temporary expression in write context
in APPPATH\Controllers\DetailPetaGambut.php on line 90.
 1 [internal function]: CodeIgniter\Debug\Exceptions->shutdownHandler()
CRITICAL - 2023-12-07 02:35:17 --> Undefined array key "tahun"
in APPPATH\Views\pages\gambut-detail.php on line 1137.
 1 APPPATH\Views\pages\gambut-detail.php(1137): CodeIgniter\Debug\Exceptions->errorHandler(2, 'Undefined array key "tahun"', 'APPPATH\\Views\\pages\\gambut-detail.php', 1137)
 2 SYSTEMPATH\View\View.php(213): include('APPPATH\\Views\\pages\\gambut-detail.php')
 3 SYSTEMPATH\View\View.php(216): CodeIgniter\View\View->CodeIgniter\View\{closure}()
 4 SYSTEMPATH\Common.php(1134): CodeIgniter\View\View->render('pages/gambut-detail', [], true)
 5 APPPATH\Controllers\DetailPetaGambut.php(105): view('pages/gambut-detail', [...])
 6 SYSTEMPATH\CodeIgniter.php(927): App\Controllers\DetailPetaGambut->index('2')
 7 SYSTEMPATH\CodeIgniter.php(482): CodeIgniter\CodeIgniter->runController(Object(App\Controllers\DetailPetaGambut))
 8 SYSTEMPATH\CodeIgniter.php(351): CodeIgniter\CodeIgniter->handleRequest(null, Object(Config\Cache), false)
 9 FCPATH\index.php(67): CodeIgniter\CodeIgniter->run()
10 SYSTEMPATH\Commands\Server\rewrite.php(46): require_once('FCPATH\\index.php')
CRITICAL - 2023-12-07 02:43:15 --> Undefined variable $series
in APPPATH\Views\pages\gambut-detail.php on line 1241.
 1 APPPATH\Views\pages\gambut-detail.php(1241): CodeIgniter\Debug\Exceptions->errorHandler(2, 'Undefined variable $series', 'APPPATH\\Views\\pages\\gambut-detail.php', 1241)
 2 SYSTEMPATH\View\View.php(213): include('APPPATH\\Views\\pages\\gambut-detail.php')
 3 SYSTEMPATH\View\View.php(216): CodeIgniter\View\View->CodeIgniter\View\{closure}()
 4 SYSTEMPATH\Common.php(1134): CodeIgniter\View\View->render('pages/gambut-detail', [], true)
 5 APPPATH\Controllers\DetailPetaGambut.php(107): view('pages/gambut-detail', [...])
 6 SYSTEMPATH\CodeIgniter.php(927): App\Controllers\DetailPetaGambut->index('2')
 7 SYSTEMPATH\CodeIgniter.php(482): CodeIgniter\CodeIgniter->runController(Object(App\Controllers\DetailPetaGambut))
 8 SYSTEMPATH\CodeIgniter.php(351): CodeIgniter\CodeIgniter->handleRequest(null, Object(Config\Cache), false)
 9 FCPATH\index.php(67): CodeIgniter\CodeIgniter->run()
10 SYSTEMPATH\Commands\Server\rewrite.php(46): require_once('FCPATH\\index.php')
CRITICAL - 2023-12-07 02:44:30 --> Undefined variable $series
in APPPATH\Views\pages\gambut-detail.php on line 1241.
 1 APPPATH\Views\pages\gambut-detail.php(1241): CodeIgniter\Debug\Exceptions->errorHandler(2, 'Undefined variable $series', 'APPPATH\\Views\\pages\\gambut-detail.php', 1241)
 2 SYSTEMPATH\View\View.php(213): include('APPPATH\\Views\\pages\\gambut-detail.php')
 3 SYSTEMPATH\View\View.php(216): CodeIgniter\View\View->CodeIgniter\View\{closure}()
 4 SYSTEMPATH\Common.php(1134): CodeIgniter\View\View->render('pages/gambut-detail', [], true)
 5 APPPATH\Controllers\DetailPetaGambut.php(106): view('pages/gambut-detail', [...])
 6 SYSTEMPATH\CodeIgniter.php(927): App\Controllers\DetailPetaGambut->index('2')
 7 SYSTEMPATH\CodeIgniter.php(482): CodeIgniter\CodeIgniter->runController(Object(App\Controllers\DetailPetaGambut))
 8 SYSTEMPATH\CodeIgniter.php(351): CodeIgniter\CodeIgniter->handleRequest(null, Object(Config\Cache), false)
 9 FCPATH\index.php(67): CodeIgniter\CodeIgniter->run()
10 SYSTEMPATH\Commands\Server\rewrite.php(46): require_once('FCPATH\\index.php')
CRITICAL - 2023-12-07 02:44:31 --> Undefined variable $series
in APPPATH\Views\pages\gambut-detail.php on line 1241.
 1 APPPATH\Views\pages\gambut-detail.php(1241): CodeIgniter\Debug\Exceptions->errorHandler(2, 'Undefined variable $series', 'APPPATH\\Views\\pages\\gambut-detail.php', 1241)
 2 SYSTEMPATH\View\View.php(213): include('APPPATH\\Views\\pages\\gambut-detail.php')
 3 SYSTEMPATH\View\View.php(216): CodeIgniter\View\View->CodeIgniter\View\{closure}()
 4 SYSTEMPATH\Common.php(1134): CodeIgniter\View\View->render('pages/gambut-detail', [], true)
 5 APPPATH\Controllers\DetailPetaGambut.php(106): view('pages/gambut-detail', [...])
 6 SYSTEMPATH\CodeIgniter.php(927): App\Controllers\DetailPetaGambut->index('2')
 7 SYSTEMPATH\CodeIgniter.php(482): CodeIgniter\CodeIgniter->runController(Object(App\Controllers\DetailPetaGambut))
 8 SYSTEMPATH\CodeIgniter.php(351): CodeIgniter\CodeIgniter->handleRequest(null, Object(Config\Cache), false)
 9 FCPATH\index.php(67): CodeIgniter\CodeIgniter->run()
10 SYSTEMPATH\Commands\Server\rewrite.php(46): require_once('FCPATH\\index.php')
CRITICAL - 2023-12-07 02:44:32 --> Undefined variable $series
in APPPATH\Views\pages\gambut-detail.php on line 1241.
 1 APPPATH\Views\pages\gambut-detail.php(1241): CodeIgniter\Debug\Exceptions->errorHandler(2, 'Undefined variable $series', 'APPPATH\\Views\\pages\\gambut-detail.php', 1241)
 2 SYSTEMPATH\View\View.php(213): include('APPPATH\\Views\\pages\\gambut-detail.php')
 3 SYSTEMPATH\View\View.php(216): CodeIgniter\View\View->CodeIgniter\View\{closure}()
 4 SYSTEMPATH\Common.php(1134): CodeIgniter\View\View->render('pages/gambut-detail', [], true)
 5 APPPATH\Controllers\DetailPetaGambut.php(106): view('pages/gambut-detail', [...])
 6 SYSTEMPATH\CodeIgniter.php(927): App\Controllers\DetailPetaGambut->index('2')
 7 SYSTEMPATH\CodeIgniter.php(482): CodeIgniter\CodeIgniter->runController(Object(App\Controllers\DetailPetaGambut))
 8 SYSTEMPATH\CodeIgniter.php(351): CodeIgniter\CodeIgniter->handleRequest(null, Object(Config\Cache), false)
 9 FCPATH\index.php(67): CodeIgniter\CodeIgniter->run()
10 SYSTEMPATH\Commands\Server\rewrite.php(46): require_once('FCPATH\\index.php')
CRITICAL - 2023-12-07 02:44:33 --> Undefined variable $series
in APPPATH\Views\pages\gambut-detail.php on line 1241.
 1 APPPATH\Views\pages\gambut-detail.php(1241): CodeIgniter\Debug\Exceptions->errorHandler(2, 'Undefined variable $series', 'APPPATH\\Views\\pages\\gambut-detail.php', 1241)
 2 SYSTEMPATH\View\View.php(213): include('APPPATH\\Views\\pages\\gambut-detail.php')
 3 SYSTEMPATH\View\View.php(216): CodeIgniter\View\View->CodeIgniter\View\{closure}()
 4 SYSTEMPATH\Common.php(1134): CodeIgniter\View\View->render('pages/gambut-detail', [], true)
 5 APPPATH\Controllers\DetailPetaGambut.php(106): view('pages/gambut-detail', [...])
 6 SYSTEMPATH\CodeIgniter.php(927): App\Controllers\DetailPetaGambut->index('2')
 7 SYSTEMPATH\CodeIgniter.php(482): CodeIgniter\CodeIgniter->runController(Object(App\Controllers\DetailPetaGambut))
 8 SYSTEMPATH\CodeIgniter.php(351): CodeIgniter\CodeIgniter->handleRequest(null, Object(Config\Cache), false)
 9 FCPATH\index.php(67): CodeIgniter\CodeIgniter->run()
10 SYSTEMPATH\Commands\Server\rewrite.php(46): require_once('FCPATH\\index.php')
CRITICAL - 2023-12-07 02:44:33 --> Undefined variable $series
in APPPATH\Views\pages\gambut-detail.php on line 1241.
 1 APPPATH\Views\pages\gambut-detail.php(1241): CodeIgniter\Debug\Exceptions->errorHandler(2, 'Undefined variable $series', 'APPPATH\\Views\\pages\\gambut-detail.php', 1241)
 2 SYSTEMPATH\View\View.php(213): include('APPPATH\\Views\\pages\\gambut-detail.php')
 3 SYSTEMPATH\View\View.php(216): CodeIgniter\View\View->CodeIgniter\View\{closure}()
 4 SYSTEMPATH\Common.php(1134): CodeIgniter\View\View->render('pages/gambut-detail', [], true)
 5 APPPATH\Controllers\DetailPetaGambut.php(106): view('pages/gambut-detail', [...])
 6 SYSTEMPATH\CodeIgniter.php(927): App\Controllers\DetailPetaGambut->index('2')
 7 SYSTEMPATH\CodeIgniter.php(482): CodeIgniter\CodeIgniter->runController(Object(App\Controllers\DetailPetaGambut))
 8 SYSTEMPATH\CodeIgniter.php(351): CodeIgniter\CodeIgniter->handleRequest(null, Object(Config\Cache), false)
 9 FCPATH\index.php(67): CodeIgniter\CodeIgniter->run()
10 SYSTEMPATH\Commands\Server\rewrite.php(46): require_once('FCPATH\\index.php')
CRITICAL - 2023-12-07 02:44:33 --> Undefined variable $series
in APPPATH\Views\pages\gambut-detail.php on line 1241.
 1 APPPATH\Views\pages\gambut-detail.php(1241): CodeIgniter\Debug\Exceptions->errorHandler(2, 'Undefined variable $series', 'APPPATH\\Views\\pages\\gambut-detail.php', 1241)
 2 SYSTEMPATH\View\View.php(213): include('APPPATH\\Views\\pages\\gambut-detail.php')
 3 SYSTEMPATH\View\View.php(216): CodeIgniter\View\View->CodeIgniter\View\{closure}()
 4 SYSTEMPATH\Common.php(1134): CodeIgniter\View\View->render('pages/gambut-detail', [], true)
 5 APPPATH\Controllers\DetailPetaGambut.php(106): view('pages/gambut-detail', [...])
 6 SYSTEMPATH\CodeIgniter.php(927): App\Controllers\DetailPetaGambut->index('2')
 7 SYSTEMPATH\CodeIgniter.php(482): CodeIgniter\CodeIgniter->runController(Object(App\Controllers\DetailPetaGambut))
 8 SYSTEMPATH\CodeIgniter.php(351): CodeIgniter\CodeIgniter->handleRequest(null, Object(Config\Cache), false)
 9 FCPATH\index.php(67): CodeIgniter\CodeIgniter->run()
10 SYSTEMPATH\Commands\Server\rewrite.php(46): require_once('FCPATH\\index.php')
CRITICAL - 2023-12-07 02:44:34 --> Undefined variable $series
in APPPATH\Views\pages\gambut-detail.php on line 1241.
 1 APPPATH\Views\pages\gambut-detail.php(1241): CodeIgniter\Debug\Exceptions->errorHandler(2, 'Undefined variable $series', 'APPPATH\\Views\\pages\\gambut-detail.php', 1241)
 2 SYSTEMPATH\View\View.php(213): include('APPPATH\\Views\\pages\\gambut-detail.php')
 3 SYSTEMPATH\View\View.php(216): CodeIgniter\View\View->CodeIgniter\View\{closure}()
 4 SYSTEMPATH\Common.php(1134): CodeIgniter\View\View->render('pages/gambut-detail', [], true)
 5 APPPATH\Controllers\DetailPetaGambut.php(106): view('pages/gambut-detail', [...])
 6 SYSTEMPATH\CodeIgniter.php(927): App\Controllers\DetailPetaGambut->index('2')
 7 SYSTEMPATH\CodeIgniter.php(482): CodeIgniter\CodeIgniter->runController(Object(App\Controllers\DetailPetaGambut))
 8 SYSTEMPATH\CodeIgniter.php(351): CodeIgniter\CodeIgniter->handleRequest(null, Object(Config\Cache), false)
 9 FCPATH\index.php(67): CodeIgniter\CodeIgniter->run()
10 SYSTEMPATH\Commands\Server\rewrite.php(46): require_once('FCPATH\\index.php')
CRITICAL - 2023-12-07 02:44:34 --> Undefined variable $series
in APPPATH\Views\pages\gambut-detail.php on line 1241.
 1 APPPATH\Views\pages\gambut-detail.php(1241): CodeIgniter\Debug\Exceptions->errorHandler(2, 'Undefined variable $series', 'APPPATH\\Views\\pages\\gambut-detail.php', 1241)
 2 SYSTEMPATH\View\View.php(213): include('APPPATH\\Views\\pages\\gambut-detail.php')
 3 SYSTEMPATH\View\View.php(216): CodeIgniter\View\View->CodeIgniter\View\{closure}()
 4 SYSTEMPATH\Common.php(1134): CodeIgniter\View\View->render('pages/gambut-detail', [], true)
 5 APPPATH\Controllers\DetailPetaGambut.php(106): view('pages/gambut-detail', [...])
 6 SYSTEMPATH\CodeIgniter.php(927): App\Controllers\DetailPetaGambut->index('2')
 7 SYSTEMPATH\CodeIgniter.php(482): CodeIgniter\CodeIgniter->runController(Object(App\Controllers\DetailPetaGambut))
 8 SYSTEMPATH\CodeIgniter.php(351): CodeIgniter\CodeIgniter->handleRequest(null, Object(Config\Cache), false)
 9 FCPATH\index.php(67): CodeIgniter\CodeIgniter->run()
10 SYSTEMPATH\Commands\Server\rewrite.php(46): require_once('FCPATH\\index.php')
CRITICAL - 2023-12-07 02:44:34 --> Undefined variable $series
in APPPATH\Views\pages\gambut-detail.php on line 1241.
 1 APPPATH\Views\pages\gambut-detail.php(1241): CodeIgniter\Debug\Exceptions->errorHandler(2, 'Undefined variable $series', 'APPPATH\\Views\\pages\\gambut-detail.php', 1241)
 2 SYSTEMPATH\View\View.php(213): include('APPPATH\\Views\\pages\\gambut-detail.php')
 3 SYSTEMPATH\View\View.php(216): CodeIgniter\View\View->CodeIgniter\View\{closure}()
 4 SYSTEMPATH\Common.php(1134): CodeIgniter\View\View->render('pages/gambut-detail', [], true)
 5 APPPATH\Controllers\DetailPetaGambut.php(106): view('pages/gambut-detail', [...])
 6 SYSTEMPATH\CodeIgniter.php(927): App\Controllers\DetailPetaGambut->index('2')
 7 SYSTEMPATH\CodeIgniter.php(482): CodeIgniter\CodeIgniter->runController(Object(App\Controllers\DetailPetaGambut))
 8 SYSTEMPATH\CodeIgniter.php(351): CodeIgniter\CodeIgniter->handleRequest(null, Object(Config\Cache), false)
 9 FCPATH\index.php(67): CodeIgniter\CodeIgniter->run()
10 SYSTEMPATH\Commands\Server\rewrite.php(46): require_once('FCPATH\\index.php')
CRITICAL - 2023-12-07 02:44:34 --> Undefined variable $series
in APPPATH\Views\pages\gambut-detail.php on line 1241.
 1 APPPATH\Views\pages\gambut-detail.php(1241): CodeIgniter\Debug\Exceptions->errorHandler(2, 'Undefined variable $series', 'APPPATH\\Views\\pages\\gambut-detail.php', 1241)
 2 SYSTEMPATH\View\View.php(213): include('APPPATH\\Views\\pages\\gambut-detail.php')
 3 SYSTEMPATH\View\View.php(216): CodeIgniter\View\View->CodeIgniter\View\{closure}()
 4 SYSTEMPATH\Common.php(1134): CodeIgniter\View\View->render('pages/gambut-detail', [], true)
 5 APPPATH\Controllers\DetailPetaGambut.php(106): view('pages/gambut-detail', [...])
 6 SYSTEMPATH\CodeIgniter.php(927): App\Controllers\DetailPetaGambut->index('2')
 7 SYSTEMPATH\CodeIgniter.php(482): CodeIgniter\CodeIgniter->runController(Object(App\Controllers\DetailPetaGambut))
 8 SYSTEMPATH\CodeIgniter.php(351): CodeIgniter\CodeIgniter->handleRequest(null, Object(Config\Cache), false)
 9 FCPATH\index.php(67): CodeIgniter\CodeIgniter->run()
10 SYSTEMPATH\Commands\Server\rewrite.php(46): require_once('FCPATH\\index.php')
CRITICAL - 2023-12-07 02:44:35 --> Undefined variable $series
in APPPATH\Views\pages\gambut-detail.php on line 1241.
 1 APPPATH\Views\pages\gambut-detail.php(1241): CodeIgniter\Debug\Exceptions->errorHandler(2, 'Undefined variable $series', 'APPPATH\\Views\\pages\\gambut-detail.php', 1241)
 2 SYSTEMPATH\View\View.php(213): include('APPPATH\\Views\\pages\\gambut-detail.php')
 3 SYSTEMPATH\View\View.php(216): CodeIgniter\View\View->CodeIgniter\View\{closure}()
 4 SYSTEMPATH\Common.php(1134): CodeIgniter\View\View->render('pages/gambut-detail', [], true)
 5 APPPATH\Controllers\DetailPetaGambut.php(106): view('pages/gambut-detail', [...])
 6 SYSTEMPATH\CodeIgniter.php(927): App\Controllers\DetailPetaGambut->index('2')
 7 SYSTEMPATH\CodeIgniter.php(482): CodeIgniter\CodeIgniter->runController(Object(App\Controllers\DetailPetaGambut))
 8 SYSTEMPATH\CodeIgniter.php(351): CodeIgniter\CodeIgniter->handleRequest(null, Object(Config\Cache), false)
 9 FCPATH\index.php(67): CodeIgniter\CodeIgniter->run()
10 SYSTEMPATH\Commands\Server\rewrite.php(46): require_once('FCPATH\\index.php')
CRITICAL - 2023-12-07 02:44:35 --> Undefined variable $series
in APPPATH\Views\pages\gambut-detail.php on line 1241.
 1 APPPATH\Views\pages\gambut-detail.php(1241): CodeIgniter\Debug\Exceptions->errorHandler(2, 'Undefined variable $series', 'APPPATH\\Views\\pages\\gambut-detail.php', 1241)
 2 SYSTEMPATH\View\View.php(213): include('APPPATH\\Views\\pages\\gambut-detail.php')
 3 SYSTEMPATH\View\View.php(216): CodeIgniter\View\View->CodeIgniter\View\{closure}()
 4 SYSTEMPATH\Common.php(1134): CodeIgniter\View\View->render('pages/gambut-detail', [], true)
 5 APPPATH\Controllers\DetailPetaGambut.php(106): view('pages/gambut-detail', [...])
 6 SYSTEMPATH\CodeIgniter.php(927): App\Controllers\DetailPetaGambut->index('2')
 7 SYSTEMPATH\CodeIgniter.php(482): CodeIgniter\CodeIgniter->runController(Object(App\Controllers\DetailPetaGambut))
 8 SYSTEMPATH\CodeIgniter.php(351): CodeIgniter\CodeIgniter->handleRequest(null, Object(Config\Cache), false)
 9 FCPATH\index.php(67): CodeIgniter\CodeIgniter->run()
10 SYSTEMPATH\Commands\Server\rewrite.php(46): require_once('FCPATH\\index.php')
