CRITICAL - 2023-10-27 04:04:57 --> Class "App\Models\GambOutputTargetModel" not found
in APPPATH\Controllers\AdmGambutSasaranInv.php on line 18.
 1 SYSTEMPATH\CodeIgniter.php(889): App\Controllers\AdmGambutSasaranInv->__construct()
 2 SYSTEMPATH\CodeIgniter.php(473): CodeIgniter\CodeIgniter->createController()
 3 SYSTEMPATH\CodeIgniter.php(351): CodeIgniter\CodeIgniter->handleRequest(null, Object(Config\Cache), false)
 4 FCPATH\index.php(67): CodeIgniter\CodeIgniter->run()
 5 SYSTEMPATH\Commands\Server\rewrite.php(46): require_once('FCPATH\\index.php')
CRITICAL - 2023-10-27 04:46:19 --> Class "App\Models\GambOutputTargetModel" not found
in APPPATH\Controllers\AdmGambutSasaranInv.php on line 18.
 1 SYSTEMPATH\CodeIgniter.php(889): App\Controllers\AdmGambutSasaranInv->__construct()
 2 SYSTEMPATH\CodeIgniter.php(473): CodeIgniter\CodeIgniter->createController()
 3 SYSTEMPATH\CodeIgniter.php(351): CodeIgniter\CodeIgniter->handleRequest(null, Object(Config\Cache), false)
 4 FCPATH\index.php(67): CodeIgniter\CodeIgniter->run()
 5 SYSTEMPATH\Commands\Server\rewrite.php(46): require_once('FCPATH\\index.php')
ERROR - 2023-10-27 04:46:49 --> ErrorException: pg_query(): Query failed: ERROR:  syntax error at or near &quot;.&quot;
LINE 1: ...target&quot;, &quot;tb_target&quot;.&quot;deskripsi&quot; &quot;tb_ouput_target&quot;.&quot;id&quot;, &quot;tb...
                                                             ^ in D:\xampp\htdocs\BRGM\system\Database\Postgre\Connection.php:140
Stack trace:
#0 [internal function]: CodeIgniter\Debug\Exceptions->errorHandler(2, 'pg_query(): Que...', 'D:\\xampp\\htdocs...', 140)
#1 D:\xampp\htdocs\BRGM\system\Database\Postgre\Connection.php(140): pg_query(Resource id #173, 'SELECT "tb_renc...')
#2 D:\xampp\htdocs\BRGM\system\Database\BaseConnection.php(666): CodeIgniter\Database\Postgre\Connection->execute('SELECT "tb_renc...')
#3 D:\xampp\htdocs\BRGM\system\Database\BaseConnection.php(593): CodeIgniter\Database\BaseConnection->simpleQuery('SELECT "tb_renc...')
#4 D:\xampp\htdocs\BRGM\system\Database\BaseBuilder.php(1585): CodeIgniter\Database\BaseConnection->query('SELECT "tb_renc...', Array, false)
#5 D:\xampp\htdocs\BRGM\app\Controllers\AdmGambutSasaranInv.php(31): CodeIgniter\Database\BaseBuilder->get()
#6 D:\xampp\htdocs\BRGM\system\CodeIgniter.php(927): App\Controllers\AdmGambutSasaranInv->index('7')
#7 D:\xampp\htdocs\BRGM\system\CodeIgniter.php(482): CodeIgniter\CodeIgniter->runController(Object(App\Controllers\AdmGambutSasaranInv))
#8 D:\xampp\htdocs\BRGM\system\CodeIgniter.php(351): CodeIgniter\CodeIgniter->handleRequest(NULL, Object(Config\Cache), false)
#9 D:\xampp\htdocs\BRGM\public\index.php(67): CodeIgniter\CodeIgniter->run()
#10 D:\xampp\htdocs\BRGM\system\Commands\Server\rewrite.php(46): require_once('D:\\xampp\\htdocs...')
#11 {main}
CRITICAL - 2023-10-27 04:46:49 --> pg_query(): Query failed: ERROR:  syntax error at or near &quot;.&quot;
LINE 1: ...target&quot;, &quot;tb_target&quot;.&quot;deskripsi&quot; &quot;tb_ouput_target&quot;.&quot;id&quot;, &quot;tb...
                                                             ^
in SYSTEMPATH\Database\Postgre\Connection.php on line 140.
 1 [internal function]: CodeIgniter\Debug\Exceptions->errorHandler(2, 'pg_query(): Query failed: ERROR:  syntax error at or near &quot;.&quot;
LINE 1: ...target&quot;, &quot;tb_target&quot;.&quot;deskripsi&quot; &quot;tb_ouput_target&quot;.&quot;id&quot;, &quot;tb...
                                                             ^', 'SYSTEMPATH\\Database\\Postgre\\Connection.php', 140)
 2 SYSTEMPATH\Database\Postgre\Connection.php(140): pg_query(resource (pgsql link), 'SELECT "tb_rencana"."kode_rencana" as "koderencana", "tb_rencana"."id" as "idrencana", "tb_rencana"."judul", "tb_target"."id" as "idtarget", "tb_target"."kode_target", "tb_target"."volume" as "volumetarget", "tb_target"."satuan" as "satuantarget", "tb_target"."deskripsi" "tb_ouput_target"."id", "tb_ouput_target"."kode_output_target", "tb_ouput_target"."kode_hru", "tb_ouput_target"."satuan", "tb_ouput_target"."volume"
FROM "tb_rencana"
JOIN "tb_target" ON "tb_target"."kode_rencana" = "tb_rencana"."kode_rencana"
JOIN "tb_output_target" ON "tb_output_target"."kode_target" = "tb_target"."kode_target"
WHERE "tb_target"."id" = \'7\'')
 3 SYSTEMPATH\Database\BaseConnection.php(666): CodeIgniter\Database\Postgre\Connection->execute('SELECT "tb_rencana"."kode_rencana" as "koderencana", "tb_rencana"."id" as "idrencana", "tb_rencana"."judul", "tb_target"."id" as "idtarget", "tb_target"."kode_target", "tb_target"."volume" as "volumetarget", "tb_target"."satuan" as "satuantarget", "tb_target"."deskripsi" "tb_ouput_target"."id", "tb_ouput_target"."kode_output_target", "tb_ouput_target"."kode_hru", "tb_ouput_target"."satuan", "tb_ouput_target"."volume"
FROM "tb_rencana"
JOIN "tb_target" ON "tb_target"."kode_rencana" = "tb_rencana"."kode_rencana"
JOIN "tb_output_target" ON "tb_output_target"."kode_target" = "tb_target"."kode_target"
WHERE "tb_target"."id" = \'7\'')
 4 SYSTEMPATH\Database\BaseConnection.php(593): CodeIgniter\Database\BaseConnection->simpleQuery('SELECT "tb_rencana"."kode_rencana" as "koderencana", "tb_rencana"."id" as "idrencana", "tb_rencana"."judul", "tb_target"."id" as "idtarget", "tb_target"."kode_target", "tb_target"."volume" as "volumetarget", "tb_target"."satuan" as "satuantarget", "tb_target"."deskripsi" "tb_ouput_target"."id", "tb_ouput_target"."kode_output_target", "tb_ouput_target"."kode_hru", "tb_ouput_target"."satuan", "tb_ouput_target"."volume"
FROM "tb_rencana"
JOIN "tb_target" ON "tb_target"."kode_rencana" = "tb_rencana"."kode_rencana"
JOIN "tb_output_target" ON "tb_output_target"."kode_target" = "tb_target"."kode_target"
WHERE "tb_target"."id" = \'7\'')
 5 SYSTEMPATH\Database\BaseBuilder.php(1585): CodeIgniter\Database\BaseConnection->query('SELECT "tb_rencana"."kode_rencana" as "koderencana", "tb_rencana"."id" as "idrencana", "tb_rencana"."judul", "tb_target"."id" as "idtarget", "tb_target"."kode_target", "tb_target"."volume" as "volumetarget", "tb_target"."satuan" as "satuantarget", "tb_target"."deskripsi" "tb_ouput_target"."id", "tb_ouput_target"."kode_output_target", "tb_ouput_target"."kode_hru", "tb_ouput_target"."satuan", "tb_ouput_target"."volume"
FROM "tb_rencana"
JOIN "tb_target" ON "tb_target"."kode_rencana" = "tb_rencana"."kode_rencana"
JOIN "tb_output_target" ON "tb_output_target"."kode_target" = "tb_target"."kode_target"
WHERE "tb_target"."id" = :tb_target.id:', [...], false)
 6 APPPATH\Controllers\AdmGambutSasaranInv.php(31): CodeIgniter\Database\BaseBuilder->get()
 7 SYSTEMPATH\CodeIgniter.php(927): App\Controllers\AdmGambutSasaranInv->index('7')
 8 SYSTEMPATH\CodeIgniter.php(482): CodeIgniter\CodeIgniter->runController(Object(App\Controllers\AdmGambutSasaranInv))
 9 SYSTEMPATH\CodeIgniter.php(351): CodeIgniter\CodeIgniter->handleRequest(null, Object(Config\Cache), false)
10 FCPATH\index.php(67): CodeIgniter\CodeIgniter->run()
11 SYSTEMPATH\Commands\Server\rewrite.php(46): require_once('FCPATH\\index.php')
ERROR - 2023-10-27 04:49:00 --> ErrorException: pg_query(): Query failed: ERROR:  syntax error at or near &quot;.&quot;
LINE 1: ...target&quot;, &quot;tb_target&quot;.&quot;deskripsi&quot; &quot;tb_ouput_target&quot;.&quot;id&quot;, &quot;tb...
                                                             ^ in D:\xampp\htdocs\BRGM\system\Database\Postgre\Connection.php:140
Stack trace:
#0 [internal function]: CodeIgniter\Debug\Exceptions->errorHandler(2, 'pg_query(): Que...', 'D:\\xampp\\htdocs...', 140)
#1 D:\xampp\htdocs\BRGM\system\Database\Postgre\Connection.php(140): pg_query(Resource id #173, 'SELECT "tb_renc...')
#2 D:\xampp\htdocs\BRGM\system\Database\BaseConnection.php(666): CodeIgniter\Database\Postgre\Connection->execute('SELECT "tb_renc...')
#3 D:\xampp\htdocs\BRGM\system\Database\BaseConnection.php(593): CodeIgniter\Database\BaseConnection->simpleQuery('SELECT "tb_renc...')
#4 D:\xampp\htdocs\BRGM\system\Database\BaseBuilder.php(1585): CodeIgniter\Database\BaseConnection->query('SELECT "tb_renc...', Array, false)
#5 D:\xampp\htdocs\BRGM\app\Controllers\AdmGambutSasaranInv.php(31): CodeIgniter\Database\BaseBuilder->get()
#6 D:\xampp\htdocs\BRGM\system\CodeIgniter.php(927): App\Controllers\AdmGambutSasaranInv->index('7')
#7 D:\xampp\htdocs\BRGM\system\CodeIgniter.php(482): CodeIgniter\CodeIgniter->runController(Object(App\Controllers\AdmGambutSasaranInv))
#8 D:\xampp\htdocs\BRGM\system\CodeIgniter.php(351): CodeIgniter\CodeIgniter->handleRequest(NULL, Object(Config\Cache), false)
#9 D:\xampp\htdocs\BRGM\public\index.php(67): CodeIgniter\CodeIgniter->run()
#10 D:\xampp\htdocs\BRGM\system\Commands\Server\rewrite.php(46): require_once('D:\\xampp\\htdocs...')
#11 {main}
CRITICAL - 2023-10-27 04:49:00 --> pg_query(): Query failed: ERROR:  syntax error at or near &quot;.&quot;
LINE 1: ...target&quot;, &quot;tb_target&quot;.&quot;deskripsi&quot; &quot;tb_ouput_target&quot;.&quot;id&quot;, &quot;tb...
                                                             ^
in SYSTEMPATH\Database\Postgre\Connection.php on line 140.
 1 [internal function]: CodeIgniter\Debug\Exceptions->errorHandler(2, 'pg_query(): Query failed: ERROR:  syntax error at or near &quot;.&quot;
LINE 1: ...target&quot;, &quot;tb_target&quot;.&quot;deskripsi&quot; &quot;tb_ouput_target&quot;.&quot;id&quot;, &quot;tb...
                                                             ^', 'SYSTEMPATH\\Database\\Postgre\\Connection.php', 140)
 2 SYSTEMPATH\Database\Postgre\Connection.php(140): pg_query(resource (pgsql link), 'SELECT "tb_rencana"."kode_rencana" as "koderencana", "tb_rencana"."id" as "idrencana", "tb_rencana"."judul", "tb_target"."id" as "idtarget", "tb_target"."kode_target", "tb_target"."volume" as "volumetarget", "tb_target"."satuan" as "satuantarget", "tb_target"."deskripsi" "tb_ouput_target"."id", "tb_ouput_target"."kode_output_target", "tb_ouput_target"."kode_hru", "tb_ouput_target"."satuan", "tb_ouput_target"."volume"
FROM "tb_rencana"
JOIN "tb_target" ON "tb_target"."kode_rencana" = "tb_rencana"."kode_rencana"
JOIN "tb_output_target" ON "tb_output_target"."kode_target" = "tb_target"."kode_target"
WHERE "tb_target"."id" = \'7\'')
 3 SYSTEMPATH\Database\BaseConnection.php(666): CodeIgniter\Database\Postgre\Connection->execute('SELECT "tb_rencana"."kode_rencana" as "koderencana", "tb_rencana"."id" as "idrencana", "tb_rencana"."judul", "tb_target"."id" as "idtarget", "tb_target"."kode_target", "tb_target"."volume" as "volumetarget", "tb_target"."satuan" as "satuantarget", "tb_target"."deskripsi" "tb_ouput_target"."id", "tb_ouput_target"."kode_output_target", "tb_ouput_target"."kode_hru", "tb_ouput_target"."satuan", "tb_ouput_target"."volume"
FROM "tb_rencana"
JOIN "tb_target" ON "tb_target"."kode_rencana" = "tb_rencana"."kode_rencana"
JOIN "tb_output_target" ON "tb_output_target"."kode_target" = "tb_target"."kode_target"
WHERE "tb_target"."id" = \'7\'')
 4 SYSTEMPATH\Database\BaseConnection.php(593): CodeIgniter\Database\BaseConnection->simpleQuery('SELECT "tb_rencana"."kode_rencana" as "koderencana", "tb_rencana"."id" as "idrencana", "tb_rencana"."judul", "tb_target"."id" as "idtarget", "tb_target"."kode_target", "tb_target"."volume" as "volumetarget", "tb_target"."satuan" as "satuantarget", "tb_target"."deskripsi" "tb_ouput_target"."id", "tb_ouput_target"."kode_output_target", "tb_ouput_target"."kode_hru", "tb_ouput_target"."satuan", "tb_ouput_target"."volume"
FROM "tb_rencana"
JOIN "tb_target" ON "tb_target"."kode_rencana" = "tb_rencana"."kode_rencana"
JOIN "tb_output_target" ON "tb_output_target"."kode_target" = "tb_target"."kode_target"
WHERE "tb_target"."id" = \'7\'')
 5 SYSTEMPATH\Database\BaseBuilder.php(1585): CodeIgniter\Database\BaseConnection->query('SELECT "tb_rencana"."kode_rencana" as "koderencana", "tb_rencana"."id" as "idrencana", "tb_rencana"."judul", "tb_target"."id" as "idtarget", "tb_target"."kode_target", "tb_target"."volume" as "volumetarget", "tb_target"."satuan" as "satuantarget", "tb_target"."deskripsi" "tb_ouput_target"."id", "tb_ouput_target"."kode_output_target", "tb_ouput_target"."kode_hru", "tb_ouput_target"."satuan", "tb_ouput_target"."volume"
FROM "tb_rencana"
JOIN "tb_target" ON "tb_target"."kode_rencana" = "tb_rencana"."kode_rencana"
JOIN "tb_output_target" ON "tb_output_target"."kode_target" = "tb_target"."kode_target"
WHERE "tb_target"."id" = :tb_target.id:', [...], false)
 6 APPPATH\Controllers\AdmGambutSasaranInv.php(31): CodeIgniter\Database\BaseBuilder->get()
 7 SYSTEMPATH\CodeIgniter.php(927): App\Controllers\AdmGambutSasaranInv->index('7')
 8 SYSTEMPATH\CodeIgniter.php(482): CodeIgniter\CodeIgniter->runController(Object(App\Controllers\AdmGambutSasaranInv))
 9 SYSTEMPATH\CodeIgniter.php(351): CodeIgniter\CodeIgniter->handleRequest(null, Object(Config\Cache), false)
10 FCPATH\index.php(67): CodeIgniter\CodeIgniter->run()
11 SYSTEMPATH\Commands\Server\rewrite.php(46): require_once('FCPATH\\index.php')
ERROR - 2023-10-27 04:49:28 --> ErrorException: pg_query(): Query failed: ERROR:  syntax error at or near &quot;.&quot;
LINE 1: ...arget&quot;, &quot;tb_target&quot;.&quot;deskripsi&quot; &quot;tb_output_target&quot;.&quot;id&quot;, &quot;tb...
                                                             ^ in D:\xampp\htdocs\BRGM\system\Database\Postgre\Connection.php:140
Stack trace:
#0 [internal function]: CodeIgniter\Debug\Exceptions->errorHandler(2, 'pg_query(): Que...', 'D:\\xampp\\htdocs...', 140)
#1 D:\xampp\htdocs\BRGM\system\Database\Postgre\Connection.php(140): pg_query(Resource id #173, 'SELECT "tb_renc...')
#2 D:\xampp\htdocs\BRGM\system\Database\BaseConnection.php(666): CodeIgniter\Database\Postgre\Connection->execute('SELECT "tb_renc...')
#3 D:\xampp\htdocs\BRGM\system\Database\BaseConnection.php(593): CodeIgniter\Database\BaseConnection->simpleQuery('SELECT "tb_renc...')
#4 D:\xampp\htdocs\BRGM\system\Database\BaseBuilder.php(1585): CodeIgniter\Database\BaseConnection->query('SELECT "tb_renc...', Array, false)
#5 D:\xampp\htdocs\BRGM\app\Controllers\AdmGambutSasaranInv.php(31): CodeIgniter\Database\BaseBuilder->get()
#6 D:\xampp\htdocs\BRGM\system\CodeIgniter.php(927): App\Controllers\AdmGambutSasaranInv->index('7')
#7 D:\xampp\htdocs\BRGM\system\CodeIgniter.php(482): CodeIgniter\CodeIgniter->runController(Object(App\Controllers\AdmGambutSasaranInv))
#8 D:\xampp\htdocs\BRGM\system\CodeIgniter.php(351): CodeIgniter\CodeIgniter->handleRequest(NULL, Object(Config\Cache), false)
#9 D:\xampp\htdocs\BRGM\public\index.php(67): CodeIgniter\CodeIgniter->run()
#10 D:\xampp\htdocs\BRGM\system\Commands\Server\rewrite.php(46): require_once('D:\\xampp\\htdocs...')
#11 {main}
CRITICAL - 2023-10-27 04:49:28 --> pg_query(): Query failed: ERROR:  syntax error at or near &quot;.&quot;
LINE 1: ...arget&quot;, &quot;tb_target&quot;.&quot;deskripsi&quot; &quot;tb_output_target&quot;.&quot;id&quot;, &quot;tb...
                                                             ^
in SYSTEMPATH\Database\Postgre\Connection.php on line 140.
 1 [internal function]: CodeIgniter\Debug\Exceptions->errorHandler(2, 'pg_query(): Query failed: ERROR:  syntax error at or near &quot;.&quot;
LINE 1: ...arget&quot;, &quot;tb_target&quot;.&quot;deskripsi&quot; &quot;tb_output_target&quot;.&quot;id&quot;, &quot;tb...
                                                             ^', 'SYSTEMPATH\\Database\\Postgre\\Connection.php', 140)
 2 SYSTEMPATH\Database\Postgre\Connection.php(140): pg_query(resource (pgsql link), 'SELECT "tb_rencana"."kode_rencana" as "koderencana", "tb_rencana"."id" as "idrencana", "tb_rencana"."judul", "tb_target"."id" as "idtarget", "tb_target"."kode_target", "tb_target"."volume" as "volumetarget", "tb_target"."satuan" as "satuantarget", "tb_target"."deskripsi" "tb_output_target"."id", "tb_output_target"."kode_output_target", "tb_output_target"."kode_hru", "tb_output_target"."satuan", "tb_output_target"."volume"
FROM "tb_rencana"
JOIN "tb_target" ON "tb_target"."kode_rencana" = "tb_rencana"."kode_rencana"
JOIN "tb_output_target" ON "tb_output_target"."kode_target" = "tb_target"."kode_target"
WHERE "tb_target"."id" = \'7\'')
 3 SYSTEMPATH\Database\BaseConnection.php(666): CodeIgniter\Database\Postgre\Connection->execute('SELECT "tb_rencana"."kode_rencana" as "koderencana", "tb_rencana"."id" as "idrencana", "tb_rencana"."judul", "tb_target"."id" as "idtarget", "tb_target"."kode_target", "tb_target"."volume" as "volumetarget", "tb_target"."satuan" as "satuantarget", "tb_target"."deskripsi" "tb_output_target"."id", "tb_output_target"."kode_output_target", "tb_output_target"."kode_hru", "tb_output_target"."satuan", "tb_output_target"."volume"
FROM "tb_rencana"
JOIN "tb_target" ON "tb_target"."kode_rencana" = "tb_rencana"."kode_rencana"
JOIN "tb_output_target" ON "tb_output_target"."kode_target" = "tb_target"."kode_target"
WHERE "tb_target"."id" = \'7\'')
 4 SYSTEMPATH\Database\BaseConnection.php(593): CodeIgniter\Database\BaseConnection->simpleQuery('SELECT "tb_rencana"."kode_rencana" as "koderencana", "tb_rencana"."id" as "idrencana", "tb_rencana"."judul", "tb_target"."id" as "idtarget", "tb_target"."kode_target", "tb_target"."volume" as "volumetarget", "tb_target"."satuan" as "satuantarget", "tb_target"."deskripsi" "tb_output_target"."id", "tb_output_target"."kode_output_target", "tb_output_target"."kode_hru", "tb_output_target"."satuan", "tb_output_target"."volume"
FROM "tb_rencana"
JOIN "tb_target" ON "tb_target"."kode_rencana" = "tb_rencana"."kode_rencana"
JOIN "tb_output_target" ON "tb_output_target"."kode_target" = "tb_target"."kode_target"
WHERE "tb_target"."id" = \'7\'')
 5 SYSTEMPATH\Database\BaseBuilder.php(1585): CodeIgniter\Database\BaseConnection->query('SELECT "tb_rencana"."kode_rencana" as "koderencana", "tb_rencana"."id" as "idrencana", "tb_rencana"."judul", "tb_target"."id" as "idtarget", "tb_target"."kode_target", "tb_target"."volume" as "volumetarget", "tb_target"."satuan" as "satuantarget", "tb_target"."deskripsi" "tb_output_target"."id", "tb_output_target"."kode_output_target", "tb_output_target"."kode_hru", "tb_output_target"."satuan", "tb_output_target"."volume"
FROM "tb_rencana"
JOIN "tb_target" ON "tb_target"."kode_rencana" = "tb_rencana"."kode_rencana"
JOIN "tb_output_target" ON "tb_output_target"."kode_target" = "tb_target"."kode_target"
WHERE "tb_target"."id" = :tb_target.id:', [...], false)
 6 APPPATH\Controllers\AdmGambutSasaranInv.php(31): CodeIgniter\Database\BaseBuilder->get()
 7 SYSTEMPATH\CodeIgniter.php(927): App\Controllers\AdmGambutSasaranInv->index('7')
 8 SYSTEMPATH\CodeIgniter.php(482): CodeIgniter\CodeIgniter->runController(Object(App\Controllers\AdmGambutSasaranInv))
 9 SYSTEMPATH\CodeIgniter.php(351): CodeIgniter\CodeIgniter->handleRequest(null, Object(Config\Cache), false)
10 FCPATH\index.php(67): CodeIgniter\CodeIgniter->run()
11 SYSTEMPATH\Commands\Server\rewrite.php(46): require_once('FCPATH\\index.php')
ERROR - 2023-10-27 04:56:33 --> ErrorException: pg_query(): Query failed: ERROR:  column tb_target.kode_output_target does not exist
LINE 5: ...et&quot; ON &quot;tb_outcome_target&quot;.&quot;kode_output_target&quot; = &quot;tb_target...
                                                             ^ in D:\xampp\htdocs\BRGM\system\Database\Postgre\Connection.php:140
Stack trace:
#0 [internal function]: CodeIgniter\Debug\Exceptions->errorHandler(2, 'pg_query(): Que...', 'D:\\xampp\\htdocs...', 140)
#1 D:\xampp\htdocs\BRGM\system\Database\Postgre\Connection.php(140): pg_query(Resource id #174, 'SELECT "tb_renc...')
#2 D:\xampp\htdocs\BRGM\system\Database\BaseConnection.php(666): CodeIgniter\Database\Postgre\Connection->execute('SELECT "tb_renc...')
#3 D:\xampp\htdocs\BRGM\system\Database\BaseConnection.php(593): CodeIgniter\Database\BaseConnection->simpleQuery('SELECT "tb_renc...')
#4 D:\xampp\htdocs\BRGM\system\Database\BaseBuilder.php(1585): CodeIgniter\Database\BaseConnection->query('SELECT "tb_renc...', Array, false)
#5 D:\xampp\htdocs\BRGM\app\Controllers\AdmGambutSasaranClaim.php(30): CodeIgniter\Database\BaseBuilder->get()
#6 D:\xampp\htdocs\BRGM\system\CodeIgniter.php(927): App\Controllers\AdmGambutSasaranClaim->index('1')
#7 D:\xampp\htdocs\BRGM\system\CodeIgniter.php(482): CodeIgniter\CodeIgniter->runController(Object(App\Controllers\AdmGambutSasaranClaim))
#8 D:\xampp\htdocs\BRGM\system\CodeIgniter.php(351): CodeIgniter\CodeIgniter->handleRequest(NULL, Object(Config\Cache), false)
#9 D:\xampp\htdocs\BRGM\public\index.php(67): CodeIgniter\CodeIgniter->run()
#10 D:\xampp\htdocs\BRGM\system\Commands\Server\rewrite.php(46): require_once('D:\\xampp\\htdocs...')
#11 {main}
CRITICAL - 2023-10-27 04:56:33 --> pg_query(): Query failed: ERROR:  column tb_target.kode_output_target does not exist
LINE 5: ...et&quot; ON &quot;tb_outcome_target&quot;.&quot;kode_output_target&quot; = &quot;tb_target...
                                                             ^
in SYSTEMPATH\Database\Postgre\Connection.php on line 140.
 1 [internal function]: CodeIgniter\Debug\Exceptions->errorHandler(2, 'pg_query(): Query failed: ERROR:  column tb_target.kode_output_target does not exist
LINE 5: ...et&quot; ON &quot;tb_outcome_target&quot;.&quot;kode_output_target&quot; = &quot;tb_target...
                                                             ^', 'SYSTEMPATH\\Database\\Postgre\\Connection.php', 140)
 2 SYSTEMPATH\Database\Postgre\Connection.php(140): pg_query(resource (pgsql link), 'SELECT "tb_rencana"."kode_rencana" as "koderencana", "tb_rencana"."id" as "idrencana", "tb_rencana"."judul", "tb_target"."id" as "idtarget", "tb_target"."kode_target", "tb_target"."volume" as "volumetarget", "tb_target"."satuan" as "satuantarget", "tb_target"."deskripsi", "tb_output_target"."id" as "idtargetinv", "tb_output_target"."kode_output_target", "tb_output_target"."kode_hru", "tb_output_target"."satuan", "tb_output_target"."volume", "tb_outcome_target"."id", "tb_outcome_target"."kode_outcome_target", "tb_outcome_target"."satuan", "tb_outcome_target"."volume"
FROM "tb_rencana"
JOIN "tb_target" ON "tb_target"."kode_rencana" = "tb_rencana"."kode_rencana"
JOIN "tb_output_target" ON "tb_output_target"."kode_target" = "tb_target"."kode_target"
JOIN "tb_outcome_target" ON "tb_outcome_target"."kode_output_target" = "tb_target"."kode_output_target"
WHERE "tb_output_target"."id" = \'1\'')
 3 SYSTEMPATH\Database\BaseConnection.php(666): CodeIgniter\Database\Postgre\Connection->execute('SELECT "tb_rencana"."kode_rencana" as "koderencana", "tb_rencana"."id" as "idrencana", "tb_rencana"."judul", "tb_target"."id" as "idtarget", "tb_target"."kode_target", "tb_target"."volume" as "volumetarget", "tb_target"."satuan" as "satuantarget", "tb_target"."deskripsi", "tb_output_target"."id" as "idtargetinv", "tb_output_target"."kode_output_target", "tb_output_target"."kode_hru", "tb_output_target"."satuan", "tb_output_target"."volume", "tb_outcome_target"."id", "tb_outcome_target"."kode_outcome_target", "tb_outcome_target"."satuan", "tb_outcome_target"."volume"
FROM "tb_rencana"
JOIN "tb_target" ON "tb_target"."kode_rencana" = "tb_rencana"."kode_rencana"
JOIN "tb_output_target" ON "tb_output_target"."kode_target" = "tb_target"."kode_target"
JOIN "tb_outcome_target" ON "tb_outcome_target"."kode_output_target" = "tb_target"."kode_output_target"
WHERE "tb_output_target"."id" = \'1\'')
 4 SYSTEMPATH\Database\BaseConnection.php(593): CodeIgniter\Database\BaseConnection->simpleQuery('SELECT "tb_rencana"."kode_rencana" as "koderencana", "tb_rencana"."id" as "idrencana", "tb_rencana"."judul", "tb_target"."id" as "idtarget", "tb_target"."kode_target", "tb_target"."volume" as "volumetarget", "tb_target"."satuan" as "satuantarget", "tb_target"."deskripsi", "tb_output_target"."id" as "idtargetinv", "tb_output_target"."kode_output_target", "tb_output_target"."kode_hru", "tb_output_target"."satuan", "tb_output_target"."volume", "tb_outcome_target"."id", "tb_outcome_target"."kode_outcome_target", "tb_outcome_target"."satuan", "tb_outcome_target"."volume"
FROM "tb_rencana"
JOIN "tb_target" ON "tb_target"."kode_rencana" = "tb_rencana"."kode_rencana"
JOIN "tb_output_target" ON "tb_output_target"."kode_target" = "tb_target"."kode_target"
JOIN "tb_outcome_target" ON "tb_outcome_target"."kode_output_target" = "tb_target"."kode_output_target"
WHERE "tb_output_target"."id" = \'1\'')
 5 SYSTEMPATH\Database\BaseBuilder.php(1585): CodeIgniter\Database\BaseConnection->query('SELECT "tb_rencana"."kode_rencana" as "koderencana", "tb_rencana"."id" as "idrencana", "tb_rencana"."judul", "tb_target"."id" as "idtarget", "tb_target"."kode_target", "tb_target"."volume" as "volumetarget", "tb_target"."satuan" as "satuantarget", "tb_target"."deskripsi", "tb_output_target"."id" as "idtargetinv", "tb_output_target"."kode_output_target", "tb_output_target"."kode_hru", "tb_output_target"."satuan", "tb_output_target"."volume", "tb_outcome_target"."id", "tb_outcome_target"."kode_outcome_target", "tb_outcome_target"."satuan", "tb_outcome_target"."volume"
FROM "tb_rencana"
JOIN "tb_target" ON "tb_target"."kode_rencana" = "tb_rencana"."kode_rencana"
JOIN "tb_output_target" ON "tb_output_target"."kode_target" = "tb_target"."kode_target"
JOIN "tb_outcome_target" ON "tb_outcome_target"."kode_output_target" = "tb_target"."kode_output_target"
WHERE "tb_output_target"."id" = :tb_output_target.id:', [...], false)
 6 APPPATH\Controllers\AdmGambutSasaranClaim.php(30): CodeIgniter\Database\BaseBuilder->get()
 7 SYSTEMPATH\CodeIgniter.php(927): App\Controllers\AdmGambutSasaranClaim->index('1')
 8 SYSTEMPATH\CodeIgniter.php(482): CodeIgniter\CodeIgniter->runController(Object(App\Controllers\AdmGambutSasaranClaim))
 9 SYSTEMPATH\CodeIgniter.php(351): CodeIgniter\CodeIgniter->handleRequest(null, Object(Config\Cache), false)
10 FCPATH\index.php(67): CodeIgniter\CodeIgniter->run()
11 SYSTEMPATH\Commands\Server\rewrite.php(46): require_once('FCPATH\\index.php')
CRITICAL - 2023-10-27 04:59:06 --> Undefined array key "idtargetinv"
in APPPATH\Views\database\admin\gamb-sasaran-clm.php on line 491.
 1 APPPATH\Views\database\admin\gamb-sasaran-clm.php(491): CodeIgniter\Debug\Exceptions->errorHandler(2, 'Undefined array key "idtargetinv"', 'APPPATH\\Views\\database\\admin\\gamb-sasaran-clm.php', 491)
 2 SYSTEMPATH\View\View.php(213): include('APPPATH\\Views\\database\\admin\\gamb-sasaran-clm.php')
 3 SYSTEMPATH\View\View.php(216): CodeIgniter\View\View->CodeIgniter\View\{closure}()
 4 SYSTEMPATH\Common.php(1134): CodeIgniter\View\View->render('database/admin/gamb-sasaran-clm', [], true)
 5 APPPATH\Controllers\AdmGambutSasaranClaim.php(55): view('database/admin/gamb-sasaran-clm', [...])
 6 SYSTEMPATH\CodeIgniter.php(927): App\Controllers\AdmGambutSasaranClaim->index('1')
 7 SYSTEMPATH\CodeIgniter.php(482): CodeIgniter\CodeIgniter->runController(Object(App\Controllers\AdmGambutSasaranClaim))
 8 SYSTEMPATH\CodeIgniter.php(351): CodeIgniter\CodeIgniter->handleRequest(null, Object(Config\Cache), false)
 9 FCPATH\index.php(67): CodeIgniter\CodeIgniter->run()
10 SYSTEMPATH\Commands\Server\rewrite.php(46): require_once('FCPATH\\index.php')
CRITICAL - 2023-10-27 05:00:19 --> Undefined array key "idtargetinv"
in APPPATH\Views\database\admin\gamb-sasaran-clm.php on line 522.
 1 APPPATH\Views\database\admin\gamb-sasaran-clm.php(522): CodeIgniter\Debug\Exceptions->errorHandler(2, 'Undefined array key "idtargetinv"', 'APPPATH\\Views\\database\\admin\\gamb-sasaran-clm.php', 522)
 2 SYSTEMPATH\View\View.php(213): include('APPPATH\\Views\\database\\admin\\gamb-sasaran-clm.php')
 3 SYSTEMPATH\View\View.php(216): CodeIgniter\View\View->CodeIgniter\View\{closure}()
 4 SYSTEMPATH\Common.php(1134): CodeIgniter\View\View->render('database/admin/gamb-sasaran-clm', [], true)
 5 APPPATH\Controllers\AdmGambutSasaranClaim.php(55): view('database/admin/gamb-sasaran-clm', [...])
 6 SYSTEMPATH\CodeIgniter.php(927): App\Controllers\AdmGambutSasaranClaim->index('1')
 7 SYSTEMPATH\CodeIgniter.php(482): CodeIgniter\CodeIgniter->runController(Object(App\Controllers\AdmGambutSasaranClaim))
 8 SYSTEMPATH\CodeIgniter.php(351): CodeIgniter\CodeIgniter->handleRequest(null, Object(Config\Cache), false)
 9 FCPATH\index.php(67): CodeIgniter\CodeIgniter->run()
10 SYSTEMPATH\Commands\Server\rewrite.php(46): require_once('FCPATH\\index.php')
CRITICAL - 2023-10-27 05:01:36 --> Undefined array key "idtargetinv"
in APPPATH\Views\database\admin\gamb-sasaran-clm.php on line 522.
 1 APPPATH\Views\database\admin\gamb-sasaran-clm.php(522): CodeIgniter\Debug\Exceptions->errorHandler(2, 'Undefined array key "idtargetinv"', 'APPPATH\\Views\\database\\admin\\gamb-sasaran-clm.php', 522)
 2 SYSTEMPATH\View\View.php(213): include('APPPATH\\Views\\database\\admin\\gamb-sasaran-clm.php')
 3 SYSTEMPATH\View\View.php(216): CodeIgniter\View\View->CodeIgniter\View\{closure}()
 4 SYSTEMPATH\Common.php(1134): CodeIgniter\View\View->render('database/admin/gamb-sasaran-clm', [], true)
 5 APPPATH\Controllers\AdmGambutSasaranClaim.php(55): view('database/admin/gamb-sasaran-clm', [...])
 6 SYSTEMPATH\CodeIgniter.php(927): App\Controllers\AdmGambutSasaranClaim->index('1')
 7 SYSTEMPATH\CodeIgniter.php(482): CodeIgniter\CodeIgniter->runController(Object(App\Controllers\AdmGambutSasaranClaim))
 8 SYSTEMPATH\CodeIgniter.php(351): CodeIgniter\CodeIgniter->handleRequest(null, Object(Config\Cache), false)
 9 FCPATH\index.php(67): CodeIgniter\CodeIgniter->run()
10 SYSTEMPATH\Commands\Server\rewrite.php(46): require_once('FCPATH\\index.php')
CRITICAL - 2023-10-27 05:01:41 --> Undefined array key "idtargetinv"
in APPPATH\Views\database\admin\gamb-sasaran-clm.php on line 522.
 1 APPPATH\Views\database\admin\gamb-sasaran-clm.php(522): CodeIgniter\Debug\Exceptions->errorHandler(2, 'Undefined array key "idtargetinv"', 'APPPATH\\Views\\database\\admin\\gamb-sasaran-clm.php', 522)
 2 SYSTEMPATH\View\View.php(213): include('APPPATH\\Views\\database\\admin\\gamb-sasaran-clm.php')
 3 SYSTEMPATH\View\View.php(216): CodeIgniter\View\View->CodeIgniter\View\{closure}()
 4 SYSTEMPATH\Common.php(1134): CodeIgniter\View\View->render('database/admin/gamb-sasaran-clm', [], true)
 5 APPPATH\Controllers\AdmGambutSasaranClaim.php(55): view('database/admin/gamb-sasaran-clm', [...])
 6 SYSTEMPATH\CodeIgniter.php(927): App\Controllers\AdmGambutSasaranClaim->index('1')
 7 SYSTEMPATH\CodeIgniter.php(482): CodeIgniter\CodeIgniter->runController(Object(App\Controllers\AdmGambutSasaranClaim))
 8 SYSTEMPATH\CodeIgniter.php(351): CodeIgniter\CodeIgniter->handleRequest(null, Object(Config\Cache), false)
 9 FCPATH\index.php(67): CodeIgniter\CodeIgniter->run()
10 SYSTEMPATH\Commands\Server\rewrite.php(46): require_once('FCPATH\\index.php')
CRITICAL - 2023-10-27 05:01:50 --> Undefined variable $doc2
in APPPATH\Views\database\admin\gamb-sasaran-clm.php on line 601.
 1 APPPATH\Views\database\admin\gamb-sasaran-clm.php(601): CodeIgniter\Debug\Exceptions->errorHandler(2, 'Undefined variable $doc2', 'APPPATH\\Views\\database\\admin\\gamb-sasaran-clm.php', 601)
 2 SYSTEMPATH\View\View.php(213): include('APPPATH\\Views\\database\\admin\\gamb-sasaran-clm.php')
 3 SYSTEMPATH\View\View.php(216): CodeIgniter\View\View->CodeIgniter\View\{closure}()
 4 SYSTEMPATH\Common.php(1134): CodeIgniter\View\View->render('database/admin/gamb-sasaran-clm', [], true)
 5 APPPATH\Controllers\AdmGambutSasaranClaim.php(55): view('database/admin/gamb-sasaran-clm', [...])
 6 SYSTEMPATH\CodeIgniter.php(927): App\Controllers\AdmGambutSasaranClaim->index('1')
 7 SYSTEMPATH\CodeIgniter.php(482): CodeIgniter\CodeIgniter->runController(Object(App\Controllers\AdmGambutSasaranClaim))
 8 SYSTEMPATH\CodeIgniter.php(351): CodeIgniter\CodeIgniter->handleRequest(null, Object(Config\Cache), false)
 9 FCPATH\index.php(67): CodeIgniter\CodeIgniter->run()
10 SYSTEMPATH\Commands\Server\rewrite.php(46): require_once('FCPATH\\index.php')
CRITICAL - 2023-10-27 05:02:17 --> Undefined variable $sasaran
in APPPATH\Views\database\admin\gamb-sasaran-clm.php on line 651.
 1 APPPATH\Views\database\admin\gamb-sasaran-clm.php(651): CodeIgniter\Debug\Exceptions->errorHandler(2, 'Undefined variable $sasaran', 'APPPATH\\Views\\database\\admin\\gamb-sasaran-clm.php', 651)
 2 SYSTEMPATH\View\View.php(213): include('APPPATH\\Views\\database\\admin\\gamb-sasaran-clm.php')
 3 SYSTEMPATH\View\View.php(216): CodeIgniter\View\View->CodeIgniter\View\{closure}()
 4 SYSTEMPATH\Common.php(1134): CodeIgniter\View\View->render('database/admin/gamb-sasaran-clm', [], true)
 5 APPPATH\Controllers\AdmGambutSasaranClaim.php(55): view('database/admin/gamb-sasaran-clm', [...])
 6 SYSTEMPATH\CodeIgniter.php(927): App\Controllers\AdmGambutSasaranClaim->index('1')
 7 SYSTEMPATH\CodeIgniter.php(482): CodeIgniter\CodeIgniter->runController(Object(App\Controllers\AdmGambutSasaranClaim))
 8 SYSTEMPATH\CodeIgniter.php(351): CodeIgniter\CodeIgniter->handleRequest(null, Object(Config\Cache), false)
 9 FCPATH\index.php(67): CodeIgniter\CodeIgniter->run()
10 SYSTEMPATH\Commands\Server\rewrite.php(46): require_once('FCPATH\\index.php')
