CRITICAL - 2023-12-16 03:49:40 --> Undefined variable $allkhg
in APPPATH\Views\pages\gamb-dashboard.php on line 659.
 1 APPPATH\Views\pages\gamb-dashboard.php(659): CodeIgniter\Debug\Exceptions->errorHandler(2, 'Undefined variable $allkhg', 'APPPATH\\Views\\pages\\gamb-dashboard.php', 659)
 2 SYSTEMPATH\View\View.php(213): include('APPPATH\\Views\\pages\\gamb-dashboard.php')
 3 SYSTEMPATH\View\View.php(216): CodeIgniter\View\View->CodeIgniter\View\{closure}()
 4 SYSTEMPATH\Common.php(1134): CodeIgniter\View\View->render('pages/gamb-dashboard', [], true)
 5 APPPATH\Controllers\Home.php(17): view('pages/gamb-dashboard', [...])
 6 SYSTEMPATH\CodeIgniter.php(927): App\Controllers\Home->gambutdashboard()
 7 SYSTEMPATH\CodeIgniter.php(482): CodeIgniter\CodeIgniter->runController(Object(App\Controllers\Home))
 8 SYSTEMPATH\CodeIgniter.php(351): CodeIgniter\CodeIgniter->handleRequest(null, Object(Config\Cache), false)
 9 FCPATH\index.php(67): CodeIgniter\CodeIgniter->run()
10 SYSTEMPATH\Commands\Server\rewrite.php(46): require_once('FCPATH\\index.php')
CRITICAL - 2023-12-16 03:50:13 --> Undefined variable $allkhg
in APPPATH\Views\pages\gamb-dashboard.php on line 659.
 1 APPPATH\Views\pages\gamb-dashboard.php(659): CodeIgniter\Debug\Exceptions->errorHandler(2, 'Undefined variable $allkhg', 'APPPATH\\Views\\pages\\gamb-dashboard.php', 659)
 2 SYSTEMPATH\View\View.php(213): include('APPPATH\\Views\\pages\\gamb-dashboard.php')
 3 SYSTEMPATH\View\View.php(216): CodeIgniter\View\View->CodeIgniter\View\{closure}()
 4 SYSTEMPATH\Common.php(1134): CodeIgniter\View\View->render('pages/gamb-dashboard', [], true)
 5 APPPATH\Controllers\Home.php(17): view('pages/gamb-dashboard', [...])
 6 SYSTEMPATH\CodeIgniter.php(927): App\Controllers\Home->gambutdashboard()
 7 SYSTEMPATH\CodeIgniter.php(482): CodeIgniter\CodeIgniter->runController(Object(App\Controllers\Home))
 8 SYSTEMPATH\CodeIgniter.php(351): CodeIgniter\CodeIgniter->handleRequest(null, Object(Config\Cache), false)
 9 FCPATH\index.php(67): CodeIgniter\CodeIgniter->run()
10 SYSTEMPATH\Commands\Server\rewrite.php(46): require_once('FCPATH\\index.php')
CRITICAL - 2023-12-16 03:50:14 --> Undefined variable $allkhg
in APPPATH\Views\pages\gamb-dashboard.php on line 659.
 1 APPPATH\Views\pages\gamb-dashboard.php(659): CodeIgniter\Debug\Exceptions->errorHandler(2, 'Undefined variable $allkhg', 'APPPATH\\Views\\pages\\gamb-dashboard.php', 659)
 2 SYSTEMPATH\View\View.php(213): include('APPPATH\\Views\\pages\\gamb-dashboard.php')
 3 SYSTEMPATH\View\View.php(216): CodeIgniter\View\View->CodeIgniter\View\{closure}()
 4 SYSTEMPATH\Common.php(1134): CodeIgniter\View\View->render('pages/gamb-dashboard', [], true)
 5 APPPATH\Controllers\Home.php(17): view('pages/gamb-dashboard', [...])
 6 SYSTEMPATH\CodeIgniter.php(927): App\Controllers\Home->gambutdashboard()
 7 SYSTEMPATH\CodeIgniter.php(482): CodeIgniter\CodeIgniter->runController(Object(App\Controllers\Home))
 8 SYSTEMPATH\CodeIgniter.php(351): CodeIgniter\CodeIgniter->handleRequest(null, Object(Config\Cache), false)
 9 FCPATH\index.php(67): CodeIgniter\CodeIgniter->run()
10 SYSTEMPATH\Commands\Server\rewrite.php(46): require_once('FCPATH\\index.php')
CRITICAL - 2023-12-16 04:12:24 --> Undefined property: stdClass::$totaldata
in APPPATH\Controllers\Home.php on line 54.
 1 APPPATH\Controllers\Home.php(54): CodeIgniter\Debug\Exceptions->errorHandler(2, 'Undefined property: stdClass::$totaldata', 'APPPATH\\Controllers\\Home.php', 54)
 2 SYSTEMPATH\CodeIgniter.php(927): App\Controllers\Home->gambutdashboard()
 3 SYSTEMPATH\CodeIgniter.php(482): CodeIgniter\CodeIgniter->runController(Object(App\Controllers\Home))
 4 SYSTEMPATH\CodeIgniter.php(351): CodeIgniter\CodeIgniter->handleRequest(null, Object(Config\Cache), false)
 5 FCPATH\index.php(67): CodeIgniter\CodeIgniter->run()
 6 SYSTEMPATH\Commands\Server\rewrite.php(46): require_once('FCPATH\\index.php')
CRITICAL - 2023-12-16 04:17:14 --> Undefined variable $dataCounts
in APPPATH\Views\pages\gamb-dashboard.php on line 651.
 1 APPPATH\Views\pages\gamb-dashboard.php(651): CodeIgniter\Debug\Exceptions->errorHandler(2, 'Undefined variable $dataCounts', 'APPPATH\\Views\\pages\\gamb-dashboard.php', 651)
 2 SYSTEMPATH\View\View.php(213): include('APPPATH\\Views\\pages\\gamb-dashboard.php')
 3 SYSTEMPATH\View\View.php(216): CodeIgniter\View\View->CodeIgniter\View\{closure}()
 4 SYSTEMPATH\Common.php(1134): CodeIgniter\View\View->render('pages/gamb-dashboard', [], true)
 5 APPPATH\Controllers\Home.php(69): view('pages/gamb-dashboard', [...])
 6 SYSTEMPATH\CodeIgniter.php(927): App\Controllers\Home->gambutdashboard()
 7 SYSTEMPATH\CodeIgniter.php(482): CodeIgniter\CodeIgniter->runController(Object(App\Controllers\Home))
 8 SYSTEMPATH\CodeIgniter.php(351): CodeIgniter\CodeIgniter->handleRequest(null, Object(Config\Cache), false)
 9 FCPATH\index.php(67): CodeIgniter\CodeIgniter->run()
10 SYSTEMPATH\Commands\Server\rewrite.php(46): require_once('FCPATH\\index.php')
CRITICAL - 2023-12-16 04:22:31 --> Array to string conversion
in APPPATH\Views\pages\gamb-dashboard.php on line 663.
 1 APPPATH\Views\pages\gamb-dashboard.php(663): CodeIgniter\Debug\Exceptions->errorHandler(2, 'Array to string conversion', 'APPPATH\\Views\\pages\\gamb-dashboard.php', 663)
 2 SYSTEMPATH\View\View.php(213): include('APPPATH\\Views\\pages\\gamb-dashboard.php')
 3 SYSTEMPATH\View\View.php(216): CodeIgniter\View\View->CodeIgniter\View\{closure}()
 4 SYSTEMPATH\Common.php(1134): CodeIgniter\View\View->render('pages/gamb-dashboard', [], true)
 5 APPPATH\Controllers\Home.php(66): view('pages/gamb-dashboard', [...])
 6 SYSTEMPATH\CodeIgniter.php(927): App\Controllers\Home->gambutdashboard()
 7 SYSTEMPATH\CodeIgniter.php(482): CodeIgniter\CodeIgniter->runController(Object(App\Controllers\Home))
 8 SYSTEMPATH\CodeIgniter.php(351): CodeIgniter\CodeIgniter->handleRequest(null, Object(Config\Cache), false)
 9 FCPATH\index.php(67): CodeIgniter\CodeIgniter->run()
10 SYSTEMPATH\Commands\Server\rewrite.php(46): require_once('FCPATH\\index.php')
CRITICAL - 2023-12-16 04:23:28 --> Undefined variable $total_volume
in APPPATH\Views\pages\gamb-dashboard.php on line 663.
 1 APPPATH\Views\pages\gamb-dashboard.php(663): CodeIgniter\Debug\Exceptions->errorHandler(2, 'Undefined variable $total_volume', 'APPPATH\\Views\\pages\\gamb-dashboard.php', 663)
 2 SYSTEMPATH\View\View.php(213): include('APPPATH\\Views\\pages\\gamb-dashboard.php')
 3 SYSTEMPATH\View\View.php(216): CodeIgniter\View\View->CodeIgniter\View\{closure}()
 4 SYSTEMPATH\Common.php(1134): CodeIgniter\View\View->render('pages/gamb-dashboard', [], true)
 5 APPPATH\Controllers\Home.php(68): view('pages/gamb-dashboard', [...])
 6 SYSTEMPATH\CodeIgniter.php(927): App\Controllers\Home->gambutdashboard()
 7 SYSTEMPATH\CodeIgniter.php(482): CodeIgniter\CodeIgniter->runController(Object(App\Controllers\Home))
 8 SYSTEMPATH\CodeIgniter.php(351): CodeIgniter\CodeIgniter->handleRequest(null, Object(Config\Cache), false)
 9 FCPATH\index.php(67): CodeIgniter\CodeIgniter->run()
10 SYSTEMPATH\Commands\Server\rewrite.php(46): require_once('FCPATH\\index.php')
CRITICAL - 2023-12-16 04:24:11 --> Array to string conversion
in APPPATH\Views\pages\gamb-dashboard.php on line 663.
 1 APPPATH\Views\pages\gamb-dashboard.php(663): CodeIgniter\Debug\Exceptions->errorHandler(2, 'Array to string conversion', 'APPPATH\\Views\\pages\\gamb-dashboard.php', 663)
 2 SYSTEMPATH\View\View.php(213): include('APPPATH\\Views\\pages\\gamb-dashboard.php')
 3 SYSTEMPATH\View\View.php(216): CodeIgniter\View\View->CodeIgniter\View\{closure}()
 4 SYSTEMPATH\Common.php(1134): CodeIgniter\View\View->render('pages/gamb-dashboard', [], true)
 5 APPPATH\Controllers\Home.php(68): view('pages/gamb-dashboard', [...])
 6 SYSTEMPATH\CodeIgniter.php(927): App\Controllers\Home->gambutdashboard()
 7 SYSTEMPATH\CodeIgniter.php(482): CodeIgniter\CodeIgniter->runController(Object(App\Controllers\Home))
 8 SYSTEMPATH\CodeIgniter.php(351): CodeIgniter\CodeIgniter->handleRequest(null, Object(Config\Cache), false)
 9 FCPATH\index.php(67): CodeIgniter\CodeIgniter->run()
10 SYSTEMPATH\Commands\Server\rewrite.php(46): require_once('FCPATH\\index.php')
CRITICAL - 2023-12-16 04:24:12 --> Array to string conversion
in APPPATH\Views\pages\gamb-dashboard.php on line 663.
 1 APPPATH\Views\pages\gamb-dashboard.php(663): CodeIgniter\Debug\Exceptions->errorHandler(2, 'Array to string conversion', 'APPPATH\\Views\\pages\\gamb-dashboard.php', 663)
 2 SYSTEMPATH\View\View.php(213): include('APPPATH\\Views\\pages\\gamb-dashboard.php')
 3 SYSTEMPATH\View\View.php(216): CodeIgniter\View\View->CodeIgniter\View\{closure}()
 4 SYSTEMPATH\Common.php(1134): CodeIgniter\View\View->render('pages/gamb-dashboard', [], true)
 5 APPPATH\Controllers\Home.php(68): view('pages/gamb-dashboard', [...])
 6 SYSTEMPATH\CodeIgniter.php(927): App\Controllers\Home->gambutdashboard()
 7 SYSTEMPATH\CodeIgniter.php(482): CodeIgniter\CodeIgniter->runController(Object(App\Controllers\Home))
 8 SYSTEMPATH\CodeIgniter.php(351): CodeIgniter\CodeIgniter->handleRequest(null, Object(Config\Cache), false)
 9 FCPATH\index.php(67): CodeIgniter\CodeIgniter->run()
10 SYSTEMPATH\Commands\Server\rewrite.php(46): require_once('FCPATH\\index.php')
CRITICAL - 2023-12-16 05:16:49 --> Attempt to read property "username" on null
in APPPATH\Views\template\peta.php on line 263.
 1 APPPATH\Views\template\peta.php(263): CodeIgniter\Debug\Exceptions->errorHandler(2, 'Attempt to read property "username" on null', 'APPPATH\\Views\\template\\peta.php', 263)
 2 SYSTEMPATH\View\View.php(213): include('APPPATH\\Views\\template\\peta.php')
 3 SYSTEMPATH\View\View.php(216): CodeIgniter\View\View->CodeIgniter\View\{closure}()
 4 SYSTEMPATH\View\View.php(229): CodeIgniter\View\View->render('template/peta', [], true)
 5 SYSTEMPATH\Common.php(1134): CodeIgniter\View\View->render('pages/peta', [], true)
 6 APPPATH\Controllers\Peta.php(54): view('pages/peta', [...])
 7 SYSTEMPATH\CodeIgniter.php(927): App\Controllers\Peta->index()
 8 SYSTEMPATH\CodeIgniter.php(482): CodeIgniter\CodeIgniter->runController(Object(App\Controllers\Peta))
 9 SYSTEMPATH\CodeIgniter.php(351): CodeIgniter\CodeIgniter->handleRequest(null, Object(Config\Cache), false)
10 FCPATH\index.php(67): CodeIgniter\CodeIgniter->run()
11 SYSTEMPATH\Commands\Server\rewrite.php(46): require_once('FCPATH\\index.php')
